<?xml version="1.0" encoding="UTF-8"?>
<coverage generated="1776486307223" clover="3.2.0">
  <project timestamp="1776486307223" name="All files">
    <metrics statements="1745" coveredstatements="1417" conditionals="1106" coveredconditionals="807" methods="336" coveredmethods="261" elements="3187" coveredelements="2485" complexity="0" loc="1745" ncloc="1745" packages="12" files="66" classes="66"/>
    <package name="ai.components">
      <metrics statements="111" coveredstatements="102" conditionals="108" coveredconditionals="84" methods="20" coveredmethods="17"/>
      <file name="AiGeneratorPanel.js" path="D:\meowseo\src\ai\components\AiGeneratorPanel.js">
        <metrics statements="76" coveredstatements="67" conditionals="62" coveredconditionals="42" methods="11" coveredmethods="8"/>
        <line num="50" count="99" type="stmt"/>
        <line num="51" count="98" type="stmt"/>
        <line num="52" count="98" type="stmt"/>
        <line num="53" count="98" type="stmt"/>
        <line num="54" count="98" type="stmt"/>
        <line num="55" count="98" type="stmt"/>
        <line num="56" count="98" type="stmt"/>
        <line num="59" count="98" type="stmt"/>
        <line num="60" count="98" type="stmt"/>
        <line num="63" count="98" type="stmt"/>
        <line num="64" count="0" type="stmt"/>
        <line num="68" count="98" type="cond" truecount="1" falsecount="1"/>
        <line num="75" count="98" type="stmt"/>
        <line num="77" count="29" type="stmt"/>
        <line num="78" count="29" type="stmt"/>
        <line num="79" count="29" type="stmt"/>
        <line num="80" count="29" type="stmt"/>
        <line num="81" count="29" type="stmt"/>
        <line num="84" count="29" type="cond" truecount="1" falsecount="1"/>
        <line num="85" count="29" type="stmt"/>
        <line num="91" count="29" type="stmt"/>
        <line num="92" count="29" type="stmt"/>
        <line num="106" count="27" type="cond" truecount="2" falsecount="0"/>
        <line num="107" count="22" type="stmt"/>
        <line num="108" count="22" type="stmt"/>
        <line num="109" count="22" type="cond" truecount="2" falsecount="0"/>
        <line num="112" count="22" type="cond" truecount="2" falsecount="0"/>
        <line num="113" count="21" type="stmt"/>
        <line num="120" count="5" type="cond" truecount="1" falsecount="1"/>
        <line num="122" count="5" type="stmt"/>
        <line num="125" count="5" type="cond" truecount="1" falsecount="1"/>
        <line num="126" count="5" type="stmt"/>
        <line num="131" count="2" type="stmt"/>
        <line num="136" count="2" type="cond" truecount="2" falsecount="0"/>
        <line num="137" count="1" type="stmt"/>
        <line num="141" count="1" type="cond" truecount="1" falsecount="1"/>
        <line num="145" count="1" type="stmt"/>
        <line num="149" count="0" type="cond" truecount="0" falsecount="2"/>
        <line num="150" count="0" type="stmt"/>
        <line num="153" count="2" type="stmt"/>
        <line num="156" count="2" type="cond" truecount="1" falsecount="1"/>
        <line num="157" count="2" type="stmt"/>
        <line num="160" count="29" type="stmt"/>
        <line num="171" count="98" type="stmt"/>
        <line num="173" count="4" type="stmt"/>
        <line num="174" count="4" type="stmt"/>
        <line num="175" count="4" type="stmt"/>
        <line num="178" count="4" type="cond" truecount="1" falsecount="1"/>
        <line num="179" count="4" type="stmt"/>
        <line num="185" count="4" type="stmt"/>
        <line num="186" count="4" type="stmt"/>
        <line num="198" count="4" type="cond" truecount="2" falsecount="0"/>
        <line num="199" count="3" type="stmt"/>
        <line num="200" count="3" type="stmt"/>
        <line num="205" count="3" type="cond" truecount="1" falsecount="1"/>
        <line num="206" count="3" type="stmt"/>
        <line num="213" count="3" type="stmt"/>
        <line num="216" count="1" type="cond" truecount="1" falsecount="1"/>
        <line num="218" count="1" type="stmt"/>
        <line num="221" count="1" type="cond" truecount="1" falsecount="1"/>
        <line num="222" count="1" type="stmt"/>
        <line num="227" count="0" type="cond" truecount="0" falsecount="2"/>
        <line num="228" count="0" type="stmt"/>
        <line num="231" count="0" type="cond" truecount="0" falsecount="2"/>
        <line num="232" count="0" type="stmt"/>
        <line num="235" count="4" type="stmt"/>
        <line num="246" count="98" type="stmt"/>
        <line num="247" count="1" type="stmt"/>
        <line num="248" count="1" type="cond" truecount="1" falsecount="1"/>
        <line num="251" count="98" type="stmt"/>
        <line num="279" count="0" type="stmt"/>
        <line num="290" count="0" type="stmt"/>
        <line num="346" count="26" type="stmt"/>
        <line num="369" count="1" type="stmt"/>
        <line num="382" count="1" type="stmt"/>
        <line num="415" count="1" type="stmt"/>
      </file>
      <file name="PreviewPanel.js" path="D:\meowseo\src\ai\components\PreviewPanel.js">
        <metrics statements="35" coveredstatements="35" conditionals="46" coveredconditionals="42" methods="9" coveredmethods="9"/>
        <line num="33" count="1" type="stmt"/>
        <line num="91" count="30" type="stmt"/>
        <line num="92" count="30" type="stmt"/>
        <line num="93" count="30" type="stmt"/>
        <line num="100" count="30" type="stmt"/>
        <line num="102" count="3" type="stmt"/>
        <line num="115" count="30" type="stmt"/>
        <line num="116" count="540" type="stmt"/>
        <line num="117" count="540" type="cond" truecount="1" falsecount="1"/>
        <line num="119" count="540" type="cond" truecount="2" falsecount="0"/>
        <line num="120" count="540" type="cond" truecount="2" falsecount="0"/>
        <line num="128" count="30" type="stmt"/>
        <line num="129" count="270" type="cond" truecount="2" falsecount="0"/>
        <line num="130" count="65" type="stmt"/>
        <line num="132" count="205" type="stmt"/>
        <line num="145" count="30" type="stmt"/>
        <line num="146" count="270" type="stmt"/>
        <line num="147" count="270" type="cond" truecount="2" falsecount="0"/>
        <line num="148" count="270" type="stmt"/>
        <line num="156" count="270" type="stmt"/>
        <line num="157" count="270" type="stmt"/>
        <line num="158" count="270" type="stmt"/>
        <line num="161" count="270" type="stmt"/>
        <line num="162" count="270" type="cond" truecount="1" falsecount="1"/>
        <line num="163" count="270" type="cond" truecount="2" falsecount="0"/>
        <line num="164" count="120" type="stmt"/>
        <line num="169" count="150" type="stmt"/>
        <line num="176" count="270" type="stmt"/>
        <line num="189" count="1" type="stmt"/>
        <line num="208" count="2" type="stmt"/>
        <line num="252" count="30" type="stmt"/>
        <line num="290" count="327" type="cond" truecount="2" falsecount="0"/>
        <line num="295" count="57" type="stmt"/>
        <line num="298" count="270" type="stmt"/>
        <line num="307" count="2" type="stmt"/>
      </file>
    </package>
    <package name="analysis">
      <metrics statements="75" coveredstatements="58" conditionals="43" coveredconditionals="35" methods="9" coveredmethods="9"/>
      <file name="analysis-engine.js" path="D:\meowseo\src\analysis\analysis-engine.js">
        <metrics statements="75" coveredstatements="58" conditionals="43" coveredconditionals="35" methods="9" coveredmethods="9"/>
        <line num="33" count="5" type="stmt"/>
        <line num="50" count="88" type="stmt"/>
        <line num="52" count="88" type="stmt"/>
        <line num="53" count="88" type="stmt"/>
        <line num="55" count="0" type="stmt"/>
        <line num="56" count="0" type="stmt"/>
        <line num="66" count="88" type="stmt"/>
        <line num="67" count="88" type="stmt"/>
        <line num="69" count="0" type="stmt"/>
        <line num="70" count="0" type="stmt"/>
        <line num="80" count="88" type="stmt"/>
        <line num="81" count="88" type="stmt"/>
        <line num="83" count="0" type="stmt"/>
        <line num="84" count="0" type="stmt"/>
        <line num="94" count="88" type="stmt"/>
        <line num="95" count="88" type="stmt"/>
        <line num="97" count="0" type="stmt"/>
        <line num="98" count="0" type="stmt"/>
        <line num="108" count="88" type="stmt"/>
        <line num="109" count="88" type="stmt"/>
        <line num="111" count="0" type="stmt"/>
        <line num="112" count="0" type="stmt"/>
        <line num="122" count="88" type="stmt"/>
        <line num="123" count="88" type="stmt"/>
        <line num="125" count="0" type="stmt"/>
        <line num="126" count="0" type="stmt"/>
        <line num="136" count="88" type="stmt"/>
        <line num="146" count="88" type="cond" truecount="3" falsecount="1"/>
        <line num="147" count="0" type="stmt"/>
        <line num="150" count="88" type="stmt"/>
        <line num="152" count="88" type="stmt"/>
        <line num="153" count="528" type="cond" truecount="2" falsecount="0"/>
        <line num="154" count="528" type="stmt"/>
        <line num="157" count="88" type="stmt"/>
        <line num="169" count="88" type="stmt"/>
        <line num="170" count="88" type="stmt"/>
        <line num="171" count="88" type="stmt"/>
        <line num="172" count="88" type="stmt"/>
        <line num="173" count="88" type="stmt"/>
        <line num="176" count="88" type="stmt"/>
        <line num="177" count="880" type="stmt"/>
        <line num="179" count="88" type="cond" truecount="3" falsecount="1"/>
        <line num="180" count="88" type="cond" truecount="2" falsecount="0"/>
        <line num="184" count="88" type="stmt"/>
        <line num="185" count="88" type="stmt"/>
        <line num="187" count="88" type="cond" truecount="3" falsecount="1"/>
        <line num="188" count="88" type="cond" truecount="2" falsecount="0"/>
        <line num="192" count="88" type="stmt"/>
        <line num="193" count="176" type="stmt"/>
        <line num="195" count="88" type="cond" truecount="3" falsecount="1"/>
        <line num="196" count="88" type="cond" truecount="2" falsecount="0"/>
        <line num="200" count="88" type="stmt"/>
        <line num="201" count="528" type="stmt"/>
        <line num="203" count="88" type="cond" truecount="3" falsecount="1"/>
        <line num="204" count="88" type="cond" truecount="2" falsecount="0"/>
        <line num="208" count="88" type="stmt"/>
        <line num="209" count="352" type="stmt"/>
        <line num="211" count="88" type="cond" truecount="3" falsecount="1"/>
        <line num="212" count="88" type="cond" truecount="2" falsecount="0"/>
        <line num="215" count="88" type="stmt"/>
        <line num="260" count="88" type="stmt"/>
        <line num="263" count="88" type="stmt"/>
        <line num="264" count="88" type="stmt"/>
        <line num="265" count="88" type="stmt"/>
        <line num="275" count="0" type="stmt"/>
        <line num="276" count="0" type="stmt"/>
        <line num="280" count="88" type="stmt"/>
        <line num="281" count="88" type="stmt"/>
        <line num="282" count="88" type="stmt"/>
        <line num="284" count="0" type="stmt"/>
        <line num="285" count="0" type="stmt"/>
        <line num="289" count="88" type="stmt"/>
        <line num="290" count="88" type="stmt"/>
        <line num="293" count="88" type="stmt"/>
        <line num="296" count="88" type="stmt"/>
      </file>
    </package>
    <package name="analysis.analyzers.readability">
      <metrics statements="177" coveredstatements="164" conditionals="82" coveredconditionals="74" methods="13" coveredmethods="13"/>
      <file name="flesch-reading-ease.js" path="D:\meowseo\src\analysis\analyzers\readability\flesch-reading-ease.js">
        <metrics statements="31" coveredstatements="27" conditionals="14" coveredconditionals="11" methods="2" coveredmethods="2"/>
        <line num="45" count="100" type="cond" truecount="4" falsecount="0"/>
        <line num="46" count="5" type="stmt"/>
        <line num="62" count="95" type="stmt"/>
        <line num="65" count="95" type="cond" truecount="2" falsecount="0"/>
        <line num="66" count="1" type="stmt"/>
        <line num="82" count="94" type="stmt"/>
        <line num="83" count="94" type="stmt"/>
        <line num="85" count="94" type="stmt"/>
        <line num="87" count="626" type="stmt"/>
        <line num="90" count="83005" type="stmt"/>
        <line num="91" count="626" type="stmt"/>
        <line num="94" count="626" type="stmt"/>
        <line num="96" count="83005" type="stmt"/>
        <line num="97" count="83005" type="cond" truecount="1" falsecount="1"/>
        <line num="98" count="83005" type="stmt"/>
        <line num="104" count="94" type="cond" truecount="1" falsecount="1"/>
        <line num="105" count="0" type="stmt"/>
        <line num="122" count="94" type="stmt"/>
        <line num="129" count="94" type="stmt"/>
        <line num="136" count="94" type="cond" truecount="2" falsecount="0"/>
        <line num="137" count="43" type="stmt"/>
        <line num="138" count="43" type="stmt"/>
        <line num="139" count="43" type="stmt"/>
        <line num="140" count="51" type="cond" truecount="1" falsecount="1"/>
        <line num="141" count="0" type="stmt"/>
        <line num="142" count="0" type="stmt"/>
        <line num="143" count="0" type="stmt"/>
        <line num="145" count="51" type="stmt"/>
        <line num="146" count="51" type="stmt"/>
        <line num="147" count="51" type="stmt"/>
        <line num="150" count="94" type="stmt"/>
      </file>
      <file name="index.js" path="D:\meowseo\src\analysis\analyzers\readability\index.js">
        <metrics statements="0" coveredstatements="0" conditionals="0" coveredconditionals="0" methods="0" coveredmethods="0"/>
      </file>
      <file name="paragraph-length.js" path="D:\meowseo\src\analysis\analyzers\readability\paragraph-length.js">
        <metrics statements="22" coveredstatements="22" conditionals="10" coveredconditionals="10" methods="1" coveredmethods="1"/>
        <line num="39" count="96" type="cond" truecount="4" falsecount="0"/>
        <line num="40" count="5" type="stmt"/>
        <line num="54" count="91" type="stmt"/>
        <line num="55" count="91" type="stmt"/>
        <line num="58" count="91" type="cond" truecount="2" falsecount="0"/>
        <line num="59" count="2" type="stmt"/>
        <line num="73" count="89" type="stmt"/>
        <line num="74" count="89" type="stmt"/>
        <line num="75" count="197" type="stmt"/>
        <line num="80" count="89" type="stmt"/>
        <line num="87" count="89" type="cond" truecount="2" falsecount="0"/>
        <line num="88" count="36" type="stmt"/>
        <line num="89" count="36" type="stmt"/>
        <line num="90" count="36" type="stmt"/>
        <line num="91" count="53" type="cond" truecount="2" falsecount="0"/>
        <line num="92" count="1" type="stmt"/>
        <line num="93" count="1" type="stmt"/>
        <line num="94" count="1" type="stmt"/>
        <line num="96" count="52" type="stmt"/>
        <line num="97" count="52" type="stmt"/>
        <line num="98" count="52" type="stmt"/>
        <line num="101" count="89" type="stmt"/>
      </file>
      <file name="passive-voice.js" path="D:\meowseo\src\analysis\analyzers\readability\passive-voice.js">
        <metrics statements="39" coveredstatements="38" conditionals="20" coveredconditionals="19" methods="3" coveredmethods="3"/>
        <line num="23" count="6" type="stmt"/>
        <line num="30" count="6" type="stmt"/>
        <line num="55" count="98" type="cond" truecount="4" falsecount="0"/>
        <line num="56" count="5" type="stmt"/>
        <line num="71" count="93" type="stmt"/>
        <line num="74" count="93" type="cond" truecount="2" falsecount="0"/>
        <line num="75" count="1" type="stmt"/>
        <line num="90" count="92" type="stmt"/>
        <line num="92" count="92" type="stmt"/>
        <line num="93" count="636" type="cond" truecount="2" falsecount="0"/>
        <line num="94" count="69" type="stmt"/>
        <line num="99" count="92" type="stmt"/>
        <line num="108" count="92" type="cond" truecount="2" falsecount="0"/>
        <line num="109" count="79" type="stmt"/>
        <line num="110" count="79" type="stmt"/>
        <line num="111" count="79" type="stmt"/>
        <line num="112" count="13" type="cond" truecount="2" falsecount="0"/>
        <line num="113" count="8" type="stmt"/>
        <line num="114" count="8" type="stmt"/>
        <line num="115" count="8" type="stmt"/>
        <line num="117" count="5" type="stmt"/>
        <line num="118" count="5" type="stmt"/>
        <line num="119" count="5" type="stmt"/>
        <line num="122" count="92" type="stmt"/>
        <line num="143" count="636" type="cond" truecount="3" falsecount="1"/>
        <line num="144" count="0" type="stmt"/>
        <line num="148" count="636" type="stmt"/>
        <line num="151" count="636" type="stmt"/>
        <line num="152" count="636" type="stmt"/>
        <line num="153" count="636" type="cond" truecount="2" falsecount="0"/>
        <line num="154" count="2" type="stmt"/>
        <line num="159" count="634" type="stmt"/>
        <line num="161" count="83008" type="stmt"/>
        <line num="164" count="634" type="stmt"/>
        <line num="166" count="82786" type="stmt"/>
        <line num="169" count="82786" type="stmt"/>
        <line num="170" count="82786" type="cond" truecount="2" falsecount="0"/>
        <line num="171" count="67" type="stmt"/>
        <line num="176" count="567" type="stmt"/>
      </file>
      <file name="sentence-length.js" path="D:\meowseo\src\analysis\analyzers\readability\sentence-length.js">
        <metrics statements="23" coveredstatements="19" conditionals="10" coveredconditionals="8" methods="2" coveredmethods="2"/>
        <line num="39" count="88" type="cond" truecount="4" falsecount="0"/>
        <line num="40" count="3" type="stmt"/>
        <line num="54" count="85" type="stmt"/>
        <line num="57" count="85" type="cond" truecount="1" falsecount="1"/>
        <line num="58" count="0" type="stmt"/>
        <line num="72" count="85" type="stmt"/>
        <line num="73" count="85" type="stmt"/>
        <line num="75" count="607" type="stmt"/>
        <line num="78" count="82941" type="stmt"/>
        <line num="79" count="607" type="stmt"/>
        <line num="84" count="85" type="stmt"/>
        <line num="91" count="85" type="cond" truecount="2" falsecount="0"/>
        <line num="92" count="34" type="stmt"/>
        <line num="93" count="34" type="stmt"/>
        <line num="94" count="34" type="stmt"/>
        <line num="95" count="51" type="cond" truecount="1" falsecount="1"/>
        <line num="96" count="0" type="stmt"/>
        <line num="97" count="0" type="stmt"/>
        <line num="98" count="0" type="stmt"/>
        <line num="100" count="51" type="stmt"/>
        <line num="101" count="51" type="stmt"/>
        <line num="102" count="51" type="stmt"/>
        <line num="105" count="85" type="stmt"/>
      </file>
      <file name="subheading-distribution.js" path="D:\meowseo\src\analysis\analyzers\readability\subheading-distribution.js">
        <metrics statements="31" coveredstatements="31" conditionals="10" coveredconditionals="10" methods="3" coveredmethods="3"/>
        <line num="39" count="99" type="cond" truecount="4" falsecount="0"/>
        <line num="40" count="5" type="stmt"/>
        <line num="54" count="94" type="stmt"/>
        <line num="55" count="94" type="stmt"/>
        <line num="56" count="94" type="stmt"/>
        <line num="59" count="94" type="cond" truecount="2" falsecount="0"/>
        <line num="60" count="76" type="stmt"/>
        <line num="74" count="18" type="stmt"/>
        <line num="76" count="18" type="stmt"/>
        <line num="77" count="74" type="stmt"/>
        <line num="78" count="74" type="stmt"/>
        <line num="81" count="74" type="stmt"/>
        <line num="82" count="74" type="stmt"/>
        <line num="83" count="74" type="stmt"/>
        <line num="86" count="74" type="stmt"/>
        <line num="88" count="5364" type="stmt"/>
        <line num="89" count="74" type="stmt"/>
        <line num="93" count="18" type="stmt"/>
        <line num="94" count="74" type="stmt"/>
        <line num="102" count="18" type="cond" truecount="2" falsecount="0"/>
        <line num="103" count="16" type="stmt"/>
        <line num="104" count="16" type="stmt"/>
        <line num="105" count="16" type="stmt"/>
        <line num="106" count="2" type="cond" truecount="2" falsecount="0"/>
        <line num="107" count="1" type="stmt"/>
        <line num="108" count="1" type="stmt"/>
        <line num="109" count="1" type="stmt"/>
        <line num="111" count="1" type="stmt"/>
        <line num="112" count="1" type="stmt"/>
        <line num="113" count="1" type="stmt"/>
        <line num="116" count="18" type="stmt"/>
      </file>
      <file name="transition-words.js" path="D:\meowseo\src\analysis\analyzers\readability\transition-words.js">
        <metrics statements="31" coveredstatements="27" conditionals="18" coveredconditionals="16" methods="2" coveredmethods="2"/>
        <line num="21" count="6" type="stmt"/>
        <line num="127" count="100" type="cond" truecount="4" falsecount="0"/>
        <line num="128" count="5" type="stmt"/>
        <line num="143" count="95" type="stmt"/>
        <line num="146" count="95" type="cond" truecount="2" falsecount="0"/>
        <line num="147" count="1" type="stmt"/>
        <line num="162" count="94" type="stmt"/>
        <line num="164" count="94" type="stmt"/>
        <line num="165" count="632" type="cond" truecount="2" falsecount="0"/>
        <line num="166" count="348" type="stmt"/>
        <line num="171" count="94" type="stmt"/>
        <line num="180" count="94" type="cond" truecount="2" falsecount="0"/>
        <line num="181" count="20" type="stmt"/>
        <line num="182" count="20" type="stmt"/>
        <line num="183" count="20" type="stmt"/>
        <line num="184" count="74" type="cond" truecount="1" falsecount="1"/>
        <line num="185" count="0" type="stmt"/>
        <line num="186" count="0" type="stmt"/>
        <line num="187" count="0" type="stmt"/>
        <line num="189" count="74" type="stmt"/>
        <line num="190" count="74" type="stmt"/>
        <line num="191" count="74" type="stmt"/>
        <line num="194" count="94" type="stmt"/>
        <line num="215" count="632" type="cond" truecount="3" falsecount="1"/>
        <line num="216" count="0" type="stmt"/>
        <line num="220" count="632" type="stmt"/>
        <line num="223" count="632" type="stmt"/>
        <line num="226" count="22006" type="stmt"/>
        <line num="227" count="22006" type="cond" truecount="2" falsecount="0"/>
        <line num="228" count="348" type="stmt"/>
        <line num="232" count="284" type="stmt"/>
      </file>
    </package>
    <package name="analysis.analyzers.seo">
      <metrics statements="324" coveredstatements="259" conditionals="202" coveredconditionals="146" methods="36" coveredmethods="30"/>
      <file name="content-length.js" path="D:\meowseo\src\analysis\analyzers\seo\content-length.js">
        <metrics statements="26" coveredstatements="23" conditionals="20" coveredconditionals="19" methods="2" coveredmethods="2"/>
        <line num="24" count="88" type="cond" truecount="4" falsecount="0"/>
        <line num="25" count="3" type="stmt"/>
        <line num="38" count="85" type="stmt"/>
        <line num="39" count="85" type="stmt"/>
        <line num="42" count="82805" type="stmt"/>
        <line num="43" count="85" type="stmt"/>
        <line num="51" count="85" type="cond" truecount="1" falsecount="1"/>
        <line num="52" count="0" type="stmt"/>
        <line num="53" count="0" type="stmt"/>
        <line num="54" count="0" type="stmt"/>
        <line num="55" count="85" type="cond" truecount="4" falsecount="0"/>
        <line num="56" count="54" type="stmt"/>
        <line num="57" count="54" type="stmt"/>
        <line num="58" count="54" type="stmt"/>
        <line num="59" count="31" type="cond" truecount="2" falsecount="0"/>
        <line num="63" count="6" type="stmt"/>
        <line num="64" count="6" type="cond" truecount="2" falsecount="0"/>
        <line num="65" count="3" type="stmt"/>
        <line num="67" count="3" type="stmt"/>
        <line num="69" count="6" type="stmt"/>
        <line num="71" count="25" type="stmt"/>
        <line num="72" count="25" type="cond" truecount="2" falsecount="0"/>
        <line num="73" count="23" type="stmt"/>
        <line num="75" count="2" type="stmt"/>
        <line num="77" count="25" type="stmt"/>
        <line num="80" count="85" type="stmt"/>
      </file>
      <file name="direct-answer-presence.js" path="D:\meowseo\src\analysis\analyzers\seo\direct-answer-presence.js">
        <metrics statements="17" coveredstatements="10" conditionals="12" coveredconditionals="8" methods="1" coveredmethods="1"/>
        <line num="22" count="88" type="cond" truecount="4" falsecount="0"/>
        <line num="23" count="9" type="stmt"/>
        <line num="36" count="79" type="stmt"/>
        <line num="44" count="79" type="cond" truecount="2" falsecount="2"/>
        <line num="45" count="0" type="stmt"/>
        <line num="46" count="0" type="stmt"/>
        <line num="47" count="0" type="stmt"/>
        <line num="48" count="79" type="cond" truecount="1" falsecount="1"/>
        <line num="49" count="79" type="stmt"/>
        <line num="50" count="79" type="cond" truecount="1" falsecount="1"/>
        <line num="51" count="79" type="stmt"/>
        <line num="53" count="0" type="stmt"/>
        <line num="55" count="79" type="stmt"/>
        <line num="57" count="0" type="stmt"/>
        <line num="58" count="0" type="stmt"/>
        <line num="60" count="0" type="stmt"/>
        <line num="63" count="79" type="stmt"/>
      </file>
      <file name="image-alt-analysis.js" path="D:\meowseo\src\analysis\analyzers\seo\image-alt-analysis.js">
        <metrics statements="33" coveredstatements="7" conditionals="29" coveredconditionals="5" methods="3" coveredmethods="1"/>
        <line num="24" count="88" type="cond" truecount="4" falsecount="0"/>
        <line num="25" count="3" type="stmt"/>
        <line num="40" count="85" type="stmt"/>
        <line num="41" count="85" type="stmt"/>
        <line num="43" count="85" type="stmt"/>
        <line num="46" count="85" type="cond" truecount="1" falsecount="1"/>
        <line num="47" count="85" type="stmt"/>
        <line num="62" count="0" type="stmt"/>
        <line num="65" count="0" type="cond" truecount="0" falsecount="2"/>
        <line num="66" count="0" type="stmt"/>
        <line num="67" count="0" type="cond" truecount="0" falsecount="2"/>
        <line num="68" count="0" type="cond" truecount="0" falsecount="2"/>
        <line num="69" count="0" type="stmt"/>
        <line num="73" count="0" type="stmt"/>
        <line num="75" count="0" type="cond" truecount="0" falsecount="4"/>
        <line num="85" count="0" type="cond" truecount="0" falsecount="4"/>
        <line num="86" count="0" type="stmt"/>
        <line num="87" count="0" type="stmt"/>
        <line num="88" count="0" type="stmt"/>
        <line num="89" count="0" type="cond" truecount="0" falsecount="2"/>
        <line num="90" count="0" type="stmt"/>
        <line num="91" count="0" type="stmt"/>
        <line num="92" count="0" type="stmt"/>
        <line num="93" count="0" type="cond" truecount="0" falsecount="2"/>
        <line num="94" count="0" type="stmt"/>
        <line num="95" count="0" type="stmt"/>
        <line num="96" count="0" type="stmt"/>
        <line num="98" count="0" type="stmt"/>
        <line num="99" count="0" type="stmt"/>
        <line num="100" count="0" type="stmt"/>
        <line num="104" count="0" type="cond" truecount="0" falsecount="5"/>
        <line num="105" count="0" type="stmt"/>
        <line num="108" count="0" type="stmt"/>
      </file>
      <file name="index.js" path="D:\meowseo\src\analysis\analyzers\seo\index.js">
        <metrics statements="24" coveredstatements="23" conditionals="13" coveredconditionals="4" methods="2" coveredmethods="2"/>
        <line num="29" count="5" type="stmt"/>
        <line num="48" count="5" type="stmt"/>
        <line num="85" count="88" type="stmt"/>
        <line num="87" count="88" type="stmt"/>
        <line num="90" count="88" type="stmt"/>
        <line num="91" count="88" type="stmt"/>
        <line num="92" count="88" type="stmt"/>
        <line num="93" count="88" type="stmt"/>
        <line num="94" count="88" type="stmt"/>
        <line num="95" count="88" type="stmt"/>
        <line num="96" count="88" type="stmt"/>
        <line num="97" count="88" type="stmt"/>
        <line num="98" count="88" type="stmt"/>
        <line num="99" count="88" type="stmt"/>
        <line num="100" count="88" type="stmt"/>
        <line num="101" count="88" type="stmt"/>
        <line num="103" count="88" type="stmt"/>
        <line num="113" count="88" type="cond" truecount="3" falsecount="1"/>
        <line num="114" count="0" type="stmt"/>
        <line num="117" count="88" type="stmt"/>
        <line num="119" count="88" type="stmt"/>
        <line num="120" count="1056" type="cond" truecount="1" falsecount="1"/>
        <line num="121" count="1056" type="stmt"/>
        <line num="124" count="88" type="stmt"/>
      </file>
      <file name="internal-links-analysis.js" path="D:\meowseo\src\analysis\analyzers\seo\internal-links-analysis.js">
        <metrics statements="24" coveredstatements="12" conditionals="10" coveredconditionals="5" methods="3" coveredmethods="1"/>
        <line num="23" count="88" type="cond" truecount="4" falsecount="0"/>
        <line num="24" count="3" type="stmt"/>
        <line num="38" count="85" type="stmt"/>
        <line num="39" count="85" type="stmt"/>
        <line num="42" count="85" type="stmt"/>
        <line num="43" count="85" type="stmt"/>
        <line num="46" count="85" type="stmt"/>
        <line num="47" count="0" type="stmt"/>
        <line num="56" count="85" type="cond" truecount="1" falsecount="1"/>
        <line num="57" count="85" type="stmt"/>
        <line num="58" count="85" type="stmt"/>
        <line num="59" count="85" type="stmt"/>
        <line num="60" count="0" type="cond" truecount="0" falsecount="2"/>
        <line num="61" count="0" type="stmt"/>
        <line num="62" count="0" type="stmt"/>
        <line num="63" count="0" type="stmt"/>
        <line num="64" count="0" type="cond" truecount="0" falsecount="2"/>
        <line num="65" count="0" type="stmt"/>
        <line num="66" count="0" type="stmt"/>
        <line num="67" count="0" type="stmt"/>
        <line num="69" count="0" type="stmt"/>
        <line num="70" count="0" type="stmt"/>
        <line num="72" count="0" type="stmt"/>
        <line num="75" count="85" type="stmt"/>
      </file>
      <file name="keyword-density.js" path="D:\meowseo\src\analysis\analyzers\seo\keyword-density.js">
        <metrics statements="47" coveredstatements="45" conditionals="34" coveredconditionals="30" methods="7" coveredmethods="7"/>
        <line num="26" count="88" type="cond" truecount="4" falsecount="0"/>
        <line num="27" count="5" type="stmt"/>
        <line num="42" count="83" type="cond" truecount="4" falsecount="0"/>
        <line num="43" count="1" type="stmt"/>
        <line num="59" count="82" type="stmt"/>
        <line num="60" count="82" type="stmt"/>
        <line num="63" count="82594" type="stmt"/>
        <line num="64" count="82" type="stmt"/>
        <line num="66" count="82" type="cond" truecount="1" falsecount="1"/>
        <line num="67" count="0" type="stmt"/>
        <line num="83" count="82" type="stmt"/>
        <line num="84" count="82" type="stmt"/>
        <line num="85" count="140" type="stmt"/>
        <line num="86" count="82" type="stmt"/>
        <line num="89" count="82" type="stmt"/>
        <line num="92" count="82" type="cond" truecount="2" falsecount="0"/>
        <line num="93" count="13634" type="stmt"/>
        <line num="94" count="25" type="stmt"/>
        <line num="95" count="13634" type="stmt"/>
        <line num="99" count="57" type="stmt"/>
        <line num="100" count="57" type="stmt"/>
        <line num="101" count="68960" type="stmt"/>
        <line num="105" count="57" type="stmt"/>
        <line num="106" count="57" type="stmt"/>
        <line num="107" count="57" type="cond" truecount="2" falsecount="0"/>
        <line num="110" count="57" type="cond" truecount="2" falsecount="0"/>
        <line num="111" count="52" type="stmt"/>
        <line num="115" count="52" type="stmt"/>
        <line num="116" count="52" type="cond" truecount="1" falsecount="1"/>
        <line num="121" count="82" type="cond" truecount="1" falsecount="1"/>
        <line num="129" count="82" type="cond" truecount="4" falsecount="0"/>
        <line num="130" count="7" type="stmt"/>
        <line num="131" count="7" type="stmt"/>
        <line num="132" count="7" type="stmt"/>
        <line num="133" count="75" type="cond" truecount="2" falsecount="0"/>
        <line num="137" count="1" type="stmt"/>
        <line num="138" count="1" type="cond" truecount="1" falsecount="1"/>
        <line num="139" count="0" type="stmt"/>
        <line num="143" count="1" type="stmt"/>
        <line num="147" count="1" type="stmt"/>
        <line num="149" count="74" type="stmt"/>
        <line num="150" count="74" type="cond" truecount="2" falsecount="0"/>
        <line num="151" count="57" type="stmt"/>
        <line num="155" count="17" type="stmt"/>
        <line num="159" count="74" type="stmt"/>
        <line num="162" count="82" type="stmt"/>
        <line num="183" count="109" type="stmt"/>
      </file>
      <file name="keyword-in-description.js" path="D:\meowseo\src\analysis\analyzers\seo\keyword-in-description.js">
        <metrics statements="24" coveredstatements="22" conditionals="14" coveredconditionals="13" methods="3" coveredmethods="3"/>
        <line num="25" count="88" type="cond" truecount="4" falsecount="0"/>
        <line num="26" count="5" type="stmt"/>
        <line num="40" count="83" type="cond" truecount="4" falsecount="0"/>
        <line num="41" count="1" type="stmt"/>
        <line num="56" count="82" type="stmt"/>
        <line num="57" count="82" type="stmt"/>
        <line num="60" count="82" type="stmt"/>
        <line num="61" count="82" type="stmt"/>
        <line num="64" count="82" type="cond" truecount="2" falsecount="0"/>
        <line num="65" count="6" type="stmt"/>
        <line num="66" count="6" type="stmt"/>
        <line num="67" count="13" type="stmt"/>
        <line num="70" count="6" type="stmt"/>
        <line num="71" count="6" type="stmt"/>
        <line num="72" count="50" type="stmt"/>
        <line num="75" count="6" type="stmt"/>
        <line num="76" count="6" type="stmt"/>
        <line num="79" count="6" type="stmt"/>
        <line num="80" count="6" type="cond" truecount="1" falsecount="1"/>
        <line num="81" count="0" type="stmt"/>
        <line num="82" count="0" type="stmt"/>
        <line num="87" count="82" type="cond" truecount="2" falsecount="0"/>
        <line num="88" count="76" type="stmt"/>
        <line num="102" count="6" type="stmt"/>
      </file>
      <file name="keyword-in-first-paragraph.js" path="D:\meowseo\src\analysis\analyzers\seo\keyword-in-first-paragraph.js">
        <metrics statements="25" coveredstatements="25" conditionals="12" coveredconditionals="12" methods="4" coveredmethods="4"/>
        <line num="26" count="88" type="cond" truecount="4" falsecount="0"/>
        <line num="27" count="5" type="stmt"/>
        <line num="42" count="83" type="cond" truecount="4" falsecount="0"/>
        <line num="43" count="1" type="stmt"/>
        <line num="58" count="82" type="stmt"/>
        <line num="59" count="82" type="stmt"/>
        <line num="62" count="82594" type="stmt"/>
        <line num="63" count="82" type="stmt"/>
        <line num="64" count="82" type="stmt"/>
        <line num="67" count="82" type="stmt"/>
        <line num="68" count="82" type="stmt"/>
        <line num="71" count="82" type="stmt"/>
        <line num="74" count="82" type="cond" truecount="2" falsecount="0"/>
        <line num="75" count="55" type="stmt"/>
        <line num="76" count="55" type="stmt"/>
        <line num="77" count="108" type="stmt"/>
        <line num="80" count="55" type="stmt"/>
        <line num="81" count="55" type="stmt"/>
        <line num="82" count="5216" type="stmt"/>
        <line num="85" count="55" type="stmt"/>
        <line num="86" count="55" type="stmt"/>
        <line num="88" count="55" type="stmt"/>
        <line num="92" count="82" type="cond" truecount="2" falsecount="0"/>
        <line num="93" count="27" type="stmt"/>
        <line num="107" count="55" type="stmt"/>
      </file>
      <file name="keyword-in-headings.js" path="D:\meowseo\src\analysis\analyzers\seo\keyword-in-headings.js">
        <metrics statements="37" coveredstatements="36" conditionals="18" coveredconditionals="16" methods="3" coveredmethods="3"/>
        <line num="26" count="88" type="cond" truecount="4" falsecount="0"/>
        <line num="27" count="5" type="stmt"/>
        <line num="41" count="83" type="cond" truecount="4" falsecount="0"/>
        <line num="42" count="1" type="stmt"/>
        <line num="57" count="82" type="stmt"/>
        <line num="58" count="82" type="stmt"/>
        <line num="59" count="82" type="stmt"/>
        <line num="61" count="82" type="stmt"/>
        <line num="62" count="82" type="stmt"/>
        <line num="63" count="82" type="stmt"/>
        <line num="64" count="140" type="stmt"/>
        <line num="65" count="82" type="stmt"/>
        <line num="68" count="82" type="stmt"/>
        <line num="69" count="82" type="stmt"/>
        <line num="72" count="82" type="stmt"/>
        <line num="74" count="82" type="stmt"/>
        <line num="75" count="77" type="stmt"/>
        <line num="78" count="77" type="cond" truecount="2" falsecount="0"/>
        <line num="79" count="6" type="stmt"/>
        <line num="80" count="6" type="stmt"/>
        <line num="84" count="71" type="stmt"/>
        <line num="85" count="228" type="stmt"/>
        <line num="86" count="71" type="stmt"/>
        <line num="88" count="71" type="cond" truecount="1" falsecount="1"/>
        <line num="89" count="0" type="stmt"/>
        <line num="99" count="82" type="cond" truecount="2" falsecount="0"/>
        <line num="100" count="6" type="stmt"/>
        <line num="101" count="6" type="stmt"/>
        <line num="104" count="6" type="stmt"/>
        <line num="105" count="76" type="cond" truecount="2" falsecount="0"/>
        <line num="106" count="21" type="stmt"/>
        <line num="107" count="21" type="stmt"/>
        <line num="109" count="21" type="stmt"/>
        <line num="111" count="55" type="stmt"/>
        <line num="112" count="55" type="stmt"/>
        <line num="114" count="55" type="stmt"/>
        <line num="117" count="82" type="stmt"/>
      </file>
      <file name="keyword-in-slug.js" path="D:\meowseo\src\analysis\analyzers\seo\keyword-in-slug.js">
        <metrics statements="10" coveredstatements="10" conditionals="10" coveredconditionals="10" methods="1" coveredmethods="1"/>
        <line num="23" count="88" type="cond" truecount="4" falsecount="0"/>
        <line num="24" count="5" type="stmt"/>
        <line num="37" count="83" type="cond" truecount="4" falsecount="0"/>
        <line num="38" count="1" type="stmt"/>
        <line num="53" count="82" type="stmt"/>
        <line num="54" count="82" type="stmt"/>
        <line num="57" count="82" type="stmt"/>
        <line num="60" count="82" type="cond" truecount="2" falsecount="0"/>
        <line num="61" count="78" type="stmt"/>
        <line num="74" count="4" type="stmt"/>
      </file>
      <file name="keyword-in-title.js" path="D:\meowseo\src\analysis\analyzers\seo\keyword-in-title.js">
        <metrics statements="24" coveredstatements="24" conditionals="14" coveredconditionals="14" methods="3" coveredmethods="3"/>
        <line num="29" count="110" type="cond" truecount="4" falsecount="0"/>
        <line num="30" count="9" type="stmt"/>
        <line num="44" count="101" type="cond" truecount="4" falsecount="0"/>
        <line num="45" count="5" type="stmt"/>
        <line num="60" count="96" type="stmt"/>
        <line num="61" count="96" type="stmt"/>
        <line num="64" count="96" type="stmt"/>
        <line num="65" count="96" type="stmt"/>
        <line num="68" count="96" type="cond" truecount="2" falsecount="0"/>
        <line num="70" count="5" type="stmt"/>
        <line num="71" count="5" type="stmt"/>
        <line num="72" count="10" type="stmt"/>
        <line num="76" count="5" type="stmt"/>
        <line num="77" count="5" type="stmt"/>
        <line num="78" count="17" type="stmt"/>
        <line num="82" count="5" type="stmt"/>
        <line num="83" count="5" type="stmt"/>
        <line num="86" count="5" type="stmt"/>
        <line num="87" count="5" type="cond" truecount="2" falsecount="0"/>
        <line num="88" count="1" type="stmt"/>
        <line num="90" count="1" type="stmt"/>
        <line num="95" count="96" type="cond" truecount="2" falsecount="0"/>
        <line num="96" count="92" type="stmt"/>
        <line num="110" count="4" type="stmt"/>
      </file>
      <file name="outbound-links-analysis.js" path="D:\meowseo\src\analysis\analyzers\seo\outbound-links-analysis.js">
        <metrics statements="20" coveredstatements="12" conditionals="10" coveredconditionals="5" methods="3" coveredmethods="1"/>
        <line num="23" count="88" type="cond" truecount="4" falsecount="0"/>
        <line num="24" count="3" type="stmt"/>
        <line num="38" count="85" type="stmt"/>
        <line num="39" count="85" type="stmt"/>
        <line num="42" count="85" type="stmt"/>
        <line num="43" count="85" type="stmt"/>
        <line num="46" count="85" type="stmt"/>
        <line num="47" count="0" type="stmt"/>
        <line num="56" count="85" type="cond" truecount="1" falsecount="1"/>
        <line num="57" count="85" type="stmt"/>
        <line num="58" count="85" type="stmt"/>
        <line num="60" count="85" type="stmt"/>
        <line num="61" count="0" type="cond" truecount="0" falsecount="2"/>
        <line num="62" count="0" type="stmt"/>
        <line num="63" count="0" type="stmt"/>
        <line num="66" count="0" type="stmt"/>
        <line num="68" count="0" type="stmt"/>
        <line num="69" count="0" type="stmt"/>
        <line num="70" count="0" type="stmt"/>
        <line num="73" count="85" type="stmt"/>
      </file>
      <file name="schema-presence.js" path="D:\meowseo\src\analysis\analyzers\seo\schema-presence.js">
        <metrics statements="13" coveredstatements="10" conditionals="6" coveredconditionals="5" methods="1" coveredmethods="1"/>
        <line num="12" count="5" type="stmt"/>
        <line num="43" count="88" type="cond" truecount="4" falsecount="0"/>
        <line num="44" count="9" type="stmt"/>
        <line num="56" count="79" type="stmt"/>
        <line num="57" count="79" type="stmt"/>
        <line num="64" count="79" type="cond" truecount="1" falsecount="1"/>
        <line num="65" count="79" type="stmt"/>
        <line num="66" count="79" type="stmt"/>
        <line num="67" count="79" type="stmt"/>
        <line num="70" count="0" type="stmt"/>
        <line num="71" count="0" type="stmt"/>
        <line num="72" count="0" type="stmt"/>
        <line num="75" count="79" type="stmt"/>
      </file>
    </package>
    <package name="analysis.utils">
      <metrics statements="258" coveredstatements="239" conditionals="196" coveredconditionals="158" methods="39" coveredmethods="39"/>
      <file name="html-parser.js" path="D:\meowseo\src\analysis\utils\html-parser.js">
        <metrics statements="82" coveredstatements="74" conditionals="51" coveredconditionals="35" methods="16" coveredmethods="16"/>
        <line num="36" count="794" type="cond" truecount="4" falsecount="0"/>
        <line num="37" count="3" type="stmt"/>
        <line num="47" count="791" type="stmt"/>
        <line num="48" count="791" type="stmt"/>
        <line num="51" count="791" type="stmt"/>
        <line num="54" count="791" type="stmt"/>
        <line num="57" count="791" type="stmt"/>
        <line num="60" count="791" type="stmt"/>
        <line num="63" count="791" type="stmt"/>
        <line num="65" count="791" type="stmt"/>
        <line num="81" count="791" type="cond" truecount="1" falsecount="1"/>
        <line num="82" count="0" type="stmt"/>
        <line num="86" count="791" type="stmt"/>
        <line num="89" count="791" type="stmt"/>
        <line num="92" count="791" type="stmt"/>
        <line num="93" count="2465" type="stmt"/>
        <line num="97" count="791" type="cond" truecount="2" falsecount="0"/>
        <line num="98" count="791" type="stmt"/>
        <line num="109" count="791" type="cond" truecount="1" falsecount="1"/>
        <line num="110" count="0" type="stmt"/>
        <line num="113" count="791" type="stmt"/>
        <line num="114" count="791" type="stmt"/>
        <line num="115" count="791" type="stmt"/>
        <line num="118" count="791" type="stmt"/>
        <line num="119" count="152" type="stmt"/>
        <line num="120" count="152" type="cond" truecount="1" falsecount="1"/>
        <line num="121" count="152" type="stmt"/>
        <line num="122" count="152" type="stmt"/>
        <line num="131" count="791" type="stmt"/>
        <line num="132" count="563" type="stmt"/>
        <line num="133" count="563" type="cond" truecount="1" falsecount="1"/>
        <line num="134" count="563" type="stmt"/>
        <line num="135" count="563" type="stmt"/>
        <line num="144" count="791" type="stmt"/>
        <line num="146" count="791" type="stmt"/>
        <line num="156" count="791" type="cond" truecount="1" falsecount="1"/>
        <line num="157" count="0" type="stmt"/>
        <line num="160" count="791" type="stmt"/>
        <line num="161" count="791" type="stmt"/>
        <line num="163" count="791" type="stmt"/>
        <line num="164" count="6" type="cond" truecount="1" falsecount="1"/>
        <line num="165" count="6" type="cond" truecount="2" falsecount="0"/>
        <line num="167" count="6" type="stmt"/>
        <line num="174" count="791" type="stmt"/>
        <line num="184" count="791" type="cond" truecount="1" falsecount="1"/>
        <line num="185" count="0" type="stmt"/>
        <line num="188" count="791" type="stmt"/>
        <line num="189" count="791" type="stmt"/>
        <line num="191" count="791" type="stmt"/>
        <line num="192" count="8" type="cond" truecount="1" falsecount="1"/>
        <line num="193" count="8" type="stmt"/>
        <line num="194" count="8" type="cond" truecount="2" falsecount="0"/>
        <line num="197" count="8" type="stmt"/>
        <line num="198" count="8" type="stmt"/>
        <line num="201" count="8" type="stmt"/>
        <line num="210" count="8" type="cond" truecount="2" falsecount="0"/>
        <line num="213" count="8" type="stmt"/>
        <line num="223" count="791" type="stmt"/>
        <line num="233" count="8" type="cond" truecount="1" falsecount="1"/>
        <line num="234" count="0" type="stmt"/>
        <line num="238" count="8" type="cond" truecount="2" falsecount="0"/>
        <line num="243" count="7" type="stmt"/>
        <line num="247" count="1" type="cond" truecount="3" falsecount="1"/>
        <line num="248" count="1" type="stmt"/>
        <line num="249" count="1" type="stmt"/>
        <line num="250" count="1" type="stmt"/>
        <line num="251" count="1" type="stmt"/>
        <line num="254" count="0" type="stmt"/>
        <line num="259" count="0" type="cond" truecount="0" falsecount="2"/>
        <line num="270" count="791" type="cond" truecount="1" falsecount="1"/>
        <line num="271" count="0" type="stmt"/>
        <line num="274" count="791" type="stmt"/>
        <line num="275" count="791" type="stmt"/>
        <line num="277" count="791" type="stmt"/>
        <line num="278" count="1738" type="stmt"/>
        <line num="279" count="1738" type="cond" truecount="1" falsecount="1"/>
        <line num="280" count="743480" type="stmt"/>
        <line num="281" count="1738" type="stmt"/>
        <line num="282" count="1738" type="stmt"/>
        <line num="284" count="1738" type="stmt"/>
        <line num="293" count="963" type="stmt"/>
        <line num="295" count="791" type="stmt"/>
      </file>
      <file name="indonesian-stemmer.js" path="D:\meowseo\src\analysis\utils\indonesian-stemmer.js">
        <metrics statements="49" coveredstatements="47" conditionals="64" coveredconditionals="61" methods="3" coveredmethods="3"/>
        <line num="27" count="88558" type="cond" truecount="4" falsecount="0"/>
        <line num="28" count="3" type="stmt"/>
        <line num="32" count="88555" type="stmt"/>
        <line num="35" count="88555" type="cond" truecount="2" falsecount="0"/>
        <line num="36" count="17053" type="stmt"/>
        <line num="40" count="71502" type="stmt"/>
        <line num="43" count="71502" type="stmt"/>
        <line num="46" count="71502" type="stmt"/>
        <line num="49" count="71502" type="cond" truecount="1" falsecount="1"/>
        <line num="50" count="0" type="stmt"/>
        <line num="53" count="71502" type="stmt"/>
        <line num="63" count="71502" type="stmt"/>
        <line num="67" count="71502" type="cond" truecount="2" falsecount="0"/>
        <line num="68" count="570" type="stmt"/>
        <line num="69" count="570" type="cond" truecount="2" falsecount="0"/>
        <line num="71" count="550" type="cond" truecount="2" falsecount="0"/>
        <line num="77" count="450" type="cond" truecount="2" falsecount="0"/>
        <line num="78" count="88" type="stmt"/>
        <line num="79" count="362" type="cond" truecount="1" falsecount="1"/>
        <line num="80" count="0" type="stmt"/>
        <line num="82" count="362" type="stmt"/>
        <line num="85" count="100" type="stmt"/>
        <line num="91" count="70932" type="cond" truecount="4" falsecount="0"/>
        <line num="92" count="65" type="stmt"/>
        <line num="96" count="70867" type="cond" truecount="4" falsecount="0"/>
        <line num="97" count="113" type="stmt"/>
        <line num="101" count="70754" type="cond" truecount="4" falsecount="0"/>
        <line num="102" count="21" type="stmt"/>
        <line num="106" count="70733" type="cond" truecount="2" falsecount="0"/>
        <line num="107" count="398" type="stmt"/>
        <line num="108" count="398" type="cond" truecount="1" falsecount="1"/>
        <line num="110" count="398" type="cond" truecount="2" falsecount="0"/>
        <line num="116" count="242" type="cond" truecount="2" falsecount="0"/>
        <line num="117" count="43" type="stmt"/>
        <line num="118" count="199" type="cond" truecount="2" falsecount="0"/>
        <line num="119" count="3" type="stmt"/>
        <line num="121" count="196" type="stmt"/>
        <line num="124" count="156" type="stmt"/>
        <line num="129" count="71502" type="stmt"/>
        <line num="139" count="71502" type="stmt"/>
        <line num="142" count="71502" type="cond" truecount="4" falsecount="0"/>
        <line num="143" count="422" type="stmt"/>
        <line num="147" count="71080" type="cond" truecount="4" falsecount="0"/>
        <line num="148" count="344" type="stmt"/>
        <line num="152" count="70736" type="cond" truecount="4" falsecount="0"/>
        <line num="153" count="571" type="stmt"/>
        <line num="157" count="70165" type="cond" truecount="4" falsecount="0"/>
        <line num="158" count="2" type="stmt"/>
        <line num="161" count="71502" type="stmt"/>
      </file>
      <file name="performance-benchmark.js" path="D:\meowseo\src\analysis\utils\performance-benchmark.js">
        <metrics statements="46" coveredstatements="40" conditionals="25" coveredconditionals="12" methods="15" coveredmethods="15"/>
        <line num="43" count="20" type="cond" truecount="3" falsecount="1"/>
        <line num="44" count="0" type="stmt"/>
        <line num="46" count="20" type="cond" truecount="3" falsecount="1"/>
        <line num="47" count="20" type="stmt"/>
        <line num="49" count="0" type="stmt"/>
        <line num="61" count="10" type="stmt"/>
        <line num="62" count="10" type="stmt"/>
        <line num="65" count="10" type="stmt"/>
        <line num="66" count="10" type="cond" truecount="1" falsecount="1"/>
        <line num="68" count="0" type="stmt"/>
        <line num="69" count="0" type="stmt"/>
        <line num="70" count="0" type="stmt"/>
        <line num="80" count="10" type="stmt"/>
        <line num="81" count="10" type="stmt"/>
        <line num="83" count="10" type="stmt"/>
        <line num="106" count="3" type="stmt"/>
        <line num="108" count="3" type="stmt"/>
        <line num="109" count="10" type="stmt"/>
        <line num="111" count="10" type="cond" truecount="1" falsecount="1"/>
        <line num="112" count="10" type="cond" truecount="1" falsecount="1"/>
        <line num="115" count="10" type="stmt"/>
        <line num="117" count="10" type="stmt"/>
        <line num="129" count="3" type="stmt"/>
        <line num="139" count="3" type="cond" truecount="1" falsecount="1"/>
        <line num="140" count="0" type="stmt"/>
        <line num="153" count="3" type="stmt"/>
        <line num="154" count="10" type="stmt"/>
        <line num="155" count="10" type="stmt"/>
        <line num="156" count="10" type="stmt"/>
        <line num="157" count="10" type="stmt"/>
        <line num="159" count="10" type="stmt"/>
        <line num="160" count="3" type="stmt"/>
        <line num="162" count="10" type="stmt"/>
        <line num="163" count="10" type="stmt"/>
        <line num="165" count="10" type="stmt"/>
        <line num="168" count="3" type="cond" truecount="1" falsecount="1"/>
        <line num="170" count="3" type="stmt"/>
        <line num="190" count="17" type="stmt"/>
        <line num="218" count="17" type="stmt"/>
        <line num="219" count="17" type="stmt"/>
        <line num="220" count="29500" type="stmt"/>
        <line num="223" count="17" type="stmt"/>
        <line num="233" count="17" type="stmt"/>
        <line num="235" count="17" type="stmt"/>
        <line num="255" count="1" type="stmt"/>
        <line num="268" count="1" type="stmt"/>
      </file>
      <file name="sentence-splitter.js" path="D:\meowseo\src\analysis\utils\sentence-splitter.js">
        <metrics statements="51" coveredstatements="50" conditionals="40" coveredconditionals="36" methods="4" coveredmethods="4"/>
        <line num="18" count="9" type="stmt"/>
        <line num="49" count="385" type="cond" truecount="4" falsecount="0"/>
        <line num="50" count="3" type="stmt"/>
        <line num="54" count="382" type="stmt"/>
        <line num="57" count="382" type="stmt"/>
        <line num="61" count="382" type="stmt"/>
        <line num="62" count="382" type="stmt"/>
        <line num="64" count="382" type="stmt"/>
        <line num="65" count="2054686" type="stmt"/>
        <line num="66" count="2054686" type="stmt"/>
        <line num="67" count="2054686" type="stmt"/>
        <line num="69" count="2054686" type="stmt"/>
        <line num="72" count="2054686" type="cond" truecount="5" falsecount="0"/>
        <line num="74" count="2188" type="cond" truecount="2" falsecount="0"/>
        <line num="80" count="2" type="stmt"/>
        <line num="81" count="2" type="stmt"/>
        <line num="84" count="2" type="stmt"/>
        <line num="85" count="2" type="cond" truecount="3" falsecount="1"/>
        <line num="87" count="0" type="stmt"/>
        <line num="88" count="2" type="cond" truecount="3" falsecount="1"/>
        <line num="90" count="2" type="stmt"/>
        <line num="91" count="2" type="stmt"/>
        <line num="95" count="2" type="stmt"/>
        <line num="97" count="2" type="cond" truecount="2" falsecount="0"/>
        <line num="102" count="1" type="stmt"/>
        <line num="103" count="1" type="cond" truecount="1" falsecount="1"/>
        <line num="104" count="1" type="stmt"/>
        <line num="106" count="1" type="stmt"/>
        <line num="107" count="1" type="stmt"/>
        <line num="110" count="2" type="stmt"/>
        <line num="114" count="2186" type="cond" truecount="4" falsecount="0"/>
        <line num="116" count="5" type="stmt"/>
        <line num="121" count="2181" type="stmt"/>
        <line num="122" count="2181" type="stmt"/>
        <line num="126" count="1608" type="stmt"/>
        <line num="130" count="2181" type="stmt"/>
        <line num="131" count="2181" type="cond" truecount="1" falsecount="1"/>
        <line num="132" count="2181" type="stmt"/>
        <line num="136" count="2181" type="stmt"/>
        <line num="137" count="2181" type="stmt"/>
        <line num="142" count="382" type="stmt"/>
        <line num="143" count="382" type="cond" truecount="2" falsecount="0"/>
        <line num="144" count="342" type="stmt"/>
        <line num="147" count="382" type="stmt"/>
        <line num="157" count="382" type="stmt"/>
        <line num="160" count="382" type="stmt"/>
        <line num="162" count="5348" type="stmt"/>
        <line num="163" count="5348" type="stmt"/>
        <line num="165" count="5" type="stmt"/>
        <line num="169" count="382" type="stmt"/>
        <line num="179" count="2524" type="stmt"/>
      </file>
      <file name="syllable-counter.js" path="D:\meowseo\src\analysis\utils\syllable-counter.js">
        <metrics statements="30" coveredstatements="28" conditionals="16" coveredconditionals="14" methods="1" coveredmethods="1"/>
        <line num="15" count="7" type="stmt"/>
        <line num="20" count="7" type="stmt"/>
        <line num="40" count="83029" type="cond" truecount="4" falsecount="0"/>
        <line num="41" count="3" type="stmt"/>
        <line num="45" count="83026" type="stmt"/>
        <line num="47" count="83026" type="cond" truecount="1" falsecount="1"/>
        <line num="48" count="0" type="stmt"/>
        <line num="51" count="83026" type="stmt"/>
        <line num="52" count="83026" type="stmt"/>
        <line num="54" count="83026" type="stmt"/>
        <line num="55" count="419762" type="stmt"/>
        <line num="58" count="419762" type="cond" truecount="2" falsecount="0"/>
        <line num="60" count="167126" type="stmt"/>
        <line num="62" count="167126" type="cond" truecount="2" falsecount="0"/>
        <line num="64" count="4931" type="stmt"/>
        <line num="65" count="4931" type="stmt"/>
        <line num="68" count="162195" type="stmt"/>
        <line num="69" count="162195" type="stmt"/>
        <line num="73" count="162195" type="stmt"/>
        <line num="77" count="5860" type="stmt"/>
        <line num="78" count="5860" type="cond" truecount="1" falsecount="1"/>
        <line num="80" count="0" type="stmt"/>
        <line num="83" count="5860" type="stmt"/>
        <line num="84" count="5860" type="cond" truecount="2" falsecount="0"/>
        <line num="86" count="3" type="stmt"/>
        <line num="87" count="3" type="stmt"/>
        <line num="88" count="3" type="stmt"/>
        <line num="91" count="5857" type="stmt"/>
        <line num="96" count="252636" type="stmt"/>
        <line num="101" count="83026" type="stmt"/>
      </file>
    </package>
    <package name="gutenberg.components">
      <metrics statements="140" coveredstatements="103" conditionals="86" coveredconditionals="47" methods="43" coveredmethods="31"/>
      <file name="AnalyzerResultItem.tsx" path="D:\meowseo\src\gutenberg\components\AnalyzerResultItem.tsx">
        <metrics statements="20" coveredstatements="4" conditionals="25" coveredconditionals="0" methods="6" coveredmethods="0"/>
        <line num="21" count="3" type="stmt"/>
        <line num="22" count="0" type="cond" truecount="0" falsecount="4"/>
        <line num="24" count="0" type="stmt"/>
        <line num="26" count="0" type="stmt"/>
        <line num="28" count="0" type="stmt"/>
        <line num="30" count="0" type="stmt"/>
        <line num="40" count="3" type="stmt"/>
        <line num="41" count="0" type="cond" truecount="0" falsecount="4"/>
        <line num="43" count="0" type="stmt"/>
        <line num="45" count="0" type="stmt"/>
        <line num="47" count="0" type="stmt"/>
        <line num="49" count="0" type="stmt"/>
        <line num="69" count="3" type="stmt"/>
        <line num="71" count="0" type="stmt"/>
        <line num="73" count="0" type="stmt"/>
        <line num="74" count="0" type="stmt"/>
        <line num="78" count="0" type="cond" truecount="0" falsecount="2"/>
        <line num="80" count="0" type="stmt"/>
        <line num="122" count="0" type="stmt"/>
        <line num="144" count="3" type="stmt"/>
      </file>
      <file name="ContentScoreWidget.tsx" path="D:\meowseo\src\gutenberg\components\ContentScoreWidget.tsx">
        <metrics statements="42" coveredstatements="37" conditionals="25" coveredconditionals="23" methods="12" coveredmethods="10"/>
        <line num="27" count="2" type="stmt"/>
        <line num="28" count="52" type="cond" truecount="2" falsecount="0"/>
        <line num="29" count="6" type="stmt"/>
        <line num="30" count="46" type="cond" truecount="2" falsecount="0"/>
        <line num="31" count="22" type="stmt"/>
        <line num="33" count="24" type="stmt"/>
        <line num="40" count="2" type="stmt"/>
        <line num="41" count="46" type="cond" truecount="2" falsecount="0"/>
        <line num="42" count="6" type="stmt"/>
        <line num="43" count="40" type="cond" truecount="2" falsecount="0"/>
        <line num="44" count="19" type="stmt"/>
        <line num="46" count="21" type="stmt"/>
        <line num="61" count="2" type="stmt"/>
        <line num="63" count="52" type="stmt"/>
        <line num="64" count="52" type="stmt"/>
        <line num="66" count="52" type="stmt"/>
        <line num="68" count="52" type="stmt"/>
        <line num="119" count="2" type="stmt"/>
        <line num="134" count="2" type="stmt"/>
        <line num="136" count="61" type="stmt"/>
        <line num="137" count="45" type="stmt"/>
        <line num="139" count="45" type="stmt"/>
        <line num="175" count="1" type="stmt"/>
        <line num="188" count="2" type="stmt"/>
        <line num="200" count="2" type="stmt"/>
        <line num="201" count="28" type="stmt"/>
        <line num="203" count="27" type="stmt"/>
        <line num="211" count="27" type="stmt"/>
        <line num="212" count="9" type="stmt"/>
        <line num="213" count="9" type="stmt"/>
        <line num="214" count="9" type="cond" truecount="1" falsecount="1"/>
        <line num="215" count="0" type="stmt"/>
        <line num="218" count="0" type="stmt"/>
        <line num="226" count="9" type="stmt"/>
        <line num="234" count="0" type="stmt"/>
        <line num="238" count="0" type="stmt"/>
        <line num="248" count="27" type="stmt"/>
        <line num="249" count="1" type="stmt"/>
        <line num="252" count="27" type="stmt"/>
        <line num="253" count="0" type="stmt"/>
        <line num="256" count="27" type="stmt"/>
        <line num="293" count="2" type="stmt"/>
      </file>
      <file name="ErrorBoundary.tsx" path="D:\meowseo\src\gutenberg\components\ErrorBoundary.tsx">
        <metrics statements="8" coveredstatements="7" conditionals="2" coveredconditionals="2" methods="5" coveredmethods="4"/>
        <line num="36" count="8" type="stmt"/>
        <line num="37" count="7" type="stmt"/>
        <line num="45" count="6" type="stmt"/>
        <line num="53" count="3" type="stmt"/>
        <line num="61" count="13" type="cond" truecount="2" falsecount="0"/>
        <line num="63" count="6" type="stmt"/>
        <line num="75" count="0" type="stmt"/>
        <line num="84" count="7" type="stmt"/>
      </file>
      <file name="ReadabilityScorePanel.tsx" path="D:\meowseo\src\gutenberg\components\ReadabilityScorePanel.tsx">
        <metrics statements="34" coveredstatements="27" conditionals="20" coveredconditionals="10" methods="10" coveredmethods="7"/>
        <line num="22" count="2" type="stmt"/>
        <line num="23" count="13" type="cond" truecount="1" falsecount="1"/>
        <line num="24" count="0" type="stmt"/>
        <line num="25" count="13" type="cond" truecount="1" falsecount="1"/>
        <line num="26" count="0" type="stmt"/>
        <line num="28" count="13" type="stmt"/>
        <line num="35" count="2" type="stmt"/>
        <line num="36" count="13" type="cond" truecount="1" falsecount="1"/>
        <line num="37" count="0" type="stmt"/>
        <line num="38" count="13" type="cond" truecount="1" falsecount="1"/>
        <line num="39" count="0" type="stmt"/>
        <line num="41" count="13" type="stmt"/>
        <line num="55" count="2" type="stmt"/>
        <line num="56" count="39" type="stmt"/>
        <line num="64" count="2" type="stmt"/>
        <line num="77" count="2" type="stmt"/>
        <line num="85" count="13" type="stmt"/>
        <line num="86" count="13" type="stmt"/>
        <line num="87" count="13" type="stmt"/>
        <line num="88" count="13" type="cond" truecount="1" falsecount="1"/>
        <line num="89" count="0" type="stmt"/>
        <line num="92" count="0" type="stmt"/>
        <line num="101" count="13" type="stmt"/>
        <line num="110" count="7" type="stmt"/>
        <line num="114" count="7" type="stmt"/>
        <line num="126" count="13" type="stmt"/>
        <line num="127" count="13" type="stmt"/>
        <line num="130" count="13" type="stmt"/>
        <line num="131" count="13" type="stmt"/>
        <line num="134" count="13" type="stmt"/>
        <line num="135" count="13" type="stmt"/>
        <line num="137" count="13" type="stmt"/>
        <line num="222" count="0" type="stmt"/>
        <line num="235" count="2" type="stmt"/>
      </file>
      <file name="Sidebar.tsx" path="D:\meowseo\src\gutenberg\components\Sidebar.tsx">
        <metrics statements="13" coveredstatements="9" conditionals="2" coveredconditionals="1" methods="2" coveredmethods="2"/>
        <line num="20" count="3" type="stmt"/>
        <line num="23" count="217" type="stmt"/>
        <line num="27" count="217" type="stmt"/>
        <line num="30" count="156" type="stmt"/>
        <line num="31" count="156" type="stmt"/>
        <line num="32" count="156" type="stmt"/>
        <line num="33" count="156" type="cond" truecount="1" falsecount="1"/>
        <line num="34" count="0" type="stmt"/>
        <line num="35" count="0" type="stmt"/>
        <line num="39" count="156" type="stmt"/>
        <line num="43" count="0" type="stmt"/>
        <line num="47" count="0" type="stmt"/>
        <line num="53" count="156" type="stmt"/>
      </file>
      <file name="TabBar.tsx" path="D:\meowseo\src\gutenberg\components\TabBar.tsx">
        <metrics statements="18" coveredstatements="14" conditionals="4" coveredconditionals="3" methods="6" coveredmethods="6"/>
        <line num="22" count="2" type="stmt"/>
        <line num="23" count="15" type="stmt"/>
        <line num="24" count="15" type="stmt"/>
        <line num="25" count="15" type="stmt"/>
        <line num="26" count="15" type="cond" truecount="1" falsecount="1"/>
        <line num="27" count="0" type="stmt"/>
        <line num="30" count="0" type="stmt"/>
        <line num="34" count="15" type="stmt"/>
        <line num="38" count="0" type="stmt"/>
        <line num="42" count="0" type="stmt"/>
        <line num="48" count="15" type="stmt"/>
        <line num="51" count="15" type="stmt"/>
        <line num="52" count="15" type="stmt"/>
        <line num="62" count="15" type="stmt"/>
        <line num="64" count="5" type="stmt"/>
        <line num="69" count="15" type="stmt"/>
        <line num="72" count="60" type="stmt"/>
        <line num="81" count="5" type="stmt"/>
      </file>
      <file name="TabContent.test-helper.tsx" path="D:\meowseo\src\gutenberg\components\TabContent.test-helper.tsx">
        <metrics statements="5" coveredstatements="5" conditionals="8" coveredconditionals="8" methods="2" coveredmethods="2"/>
        <line num="15" count="2" type="stmt"/>
        <line num="16" count="318" type="stmt"/>
        <line num="17" count="318" type="stmt"/>
        <line num="18" count="318" type="stmt"/>
        <line num="23" count="318" type="stmt"/>
      </file>
    </package>
    <package name="gutenberg.components.tabs">
      <metrics statements="240" coveredstatements="199" conditionals="209" coveredconditionals="157" methods="60" coveredmethods="50"/>
      <file name="AdvancedTabContent.tsx" path="D:\meowseo\src\gutenberg\components\tabs\AdvancedTabContent.tsx">
        <metrics statements="2" coveredstatements="2" conditionals="0" coveredconditionals="0" methods="1" coveredmethods="1"/>
        <line num="25" count="1" type="stmt"/>
        <line num="26" count="6" type="stmt"/>
      </file>
      <file name="CanonicalURLInput.tsx" path="D:\meowseo\src\gutenberg\components\tabs\CanonicalURLInput.tsx">
        <metrics statements="12" coveredstatements="9" conditionals="10" coveredconditionals="3" methods="2" coveredmethods="2"/>
        <line num="24" count="2" type="stmt"/>
        <line num="28" count="11" type="stmt"/>
        <line num="32" count="11" type="stmt"/>
        <line num="34" count="1" type="stmt"/>
        <line num="35" count="1" type="stmt"/>
        <line num="36" count="1" type="cond" truecount="1" falsecount="1"/>
        <line num="37" count="0" type="cond" truecount="0" falsecount="2"/>
        <line num="39" count="1" type="cond" truecount="1" falsecount="1"/>
        <line num="40" count="1" type="cond" truecount="1" falsecount="1"/>
        <line num="42" count="0" type="stmt"/>
        <line num="46" count="0" type="cond" truecount="0" falsecount="2"/>
        <line num="52" count="11" type="stmt"/>
      </file>
      <file name="DirectAnswerField.tsx" path="D:\meowseo\src\gutenberg\components\tabs\DirectAnswerField.tsx">
        <metrics statements="3" coveredstatements="3" conditionals="0" coveredconditionals="0" methods="1" coveredmethods="1"/>
        <line num="22" count="3" type="stmt"/>
        <line num="24" count="20" type="stmt"/>
        <line num="28" count="20" type="stmt"/>
      </file>
      <file name="FacebookSubTab.tsx" path="D:\meowseo\src\gutenberg\components\tabs\FacebookSubTab.tsx">
        <metrics statements="25" coveredstatements="18" conditionals="26" coveredconditionals="21" methods="6" coveredmethods="4"/>
        <line num="24" count="2" type="stmt"/>
        <line num="26" count="16" type="stmt"/>
        <line num="27" count="16" type="stmt"/>
        <line num="30" count="16" type="stmt"/>
        <line num="35" count="16" type="stmt"/>
        <line num="36" count="16" type="stmt"/>
        <line num="37" count="16" type="stmt"/>
        <line num="38" count="16" type="cond" truecount="1" falsecount="1"/>
        <line num="39" count="0" type="stmt"/>
        <line num="44" count="16" type="stmt"/>
        <line num="50" count="0" type="stmt"/>
        <line num="54" count="0" type="stmt"/>
        <line num="62" count="16" type="stmt"/>
        <line num="64" count="16" type="stmt"/>
        <line num="65" count="16" type="cond" truecount="2" falsecount="0"/>
        <line num="66" count="8" type="stmt"/>
        <line num="69" count="8" type="cond" truecount="2" falsecount="0"/>
        <line num="71" count="0" type="stmt"/>
        <line num="72" count="0" type="stmt"/>
        <line num="80" count="16" type="cond" truecount="2" falsecount="1"/>
        <line num="82" count="16" type="cond" truecount="2" falsecount="1"/>
        <line num="84" count="16" type="stmt"/>
        <line num="118" count="0" type="stmt"/>
        <line num="123" count="16" type="stmt"/>
        <line num="144" count="0" type="stmt"/>
      </file>
      <file name="FocusKeywordInput.tsx" path="D:\meowseo\src\gutenberg\components\tabs\FocusKeywordInput.tsx">
        <metrics statements="3" coveredstatements="3" conditionals="0" coveredconditionals="0" methods="1" coveredmethods="1"/>
        <line num="31" count="3" type="stmt"/>
        <line num="34" count="19" type="stmt"/>
        <line num="38" count="19" type="stmt"/>
      </file>
      <file name="GSCIntegration.tsx" path="D:\meowseo\src\gutenberg\components\tabs\GSCIntegration.tsx">
        <metrics statements="33" coveredstatements="28" conditionals="22" coveredconditionals="14" methods="4" coveredmethods="4"/>
        <line num="24" count="2" type="stmt"/>
        <line num="27" count="26" type="stmt"/>
        <line num="30" count="26" type="stmt"/>
        <line num="31" count="4" type="stmt"/>
        <line num="32" count="4" type="stmt"/>
        <line num="33" count="4" type="cond" truecount="1" falsecount="1"/>
        <line num="34" count="0" type="stmt"/>
        <line num="39" count="4" type="stmt"/>
        <line num="44" count="0" type="stmt"/>
        <line num="45" count="0" type="stmt"/>
        <line num="53" count="26" type="stmt"/>
        <line num="54" count="26" type="stmt"/>
        <line num="55" count="26" type="stmt"/>
        <line num="59" count="26" type="stmt"/>
        <line num="60" count="6" type="stmt"/>
        <line num="61" count="6" type="stmt"/>
        <line num="62" count="6" type="stmt"/>
        <line num="64" count="6" type="stmt"/>
        <line num="67" count="6" type="stmt"/>
        <line num="76" count="4" type="cond" truecount="1" falsecount="1"/>
        <line num="77" count="3" type="stmt"/>
        <line num="85" count="0" type="stmt"/>
        <line num="91" count="3" type="stmt"/>
        <line num="92" count="3" type="stmt"/>
        <line num="97" count="6" type="stmt"/>
        <line num="102" count="26" type="stmt"/>
        <line num="103" count="26" type="cond" truecount="2" falsecount="0"/>
        <line num="104" count="21" type="stmt"/>
        <line num="107" count="5" type="stmt"/>
        <line num="108" count="5" type="stmt"/>
        <line num="109" count="5" type="stmt"/>
        <line num="111" count="0" type="stmt"/>
        <line num="115" count="26" type="stmt"/>
      </file>
      <file name="GeneralTabContent.tsx" path="D:\meowseo\src\gutenberg\components\tabs\GeneralTabContent.tsx">
        <metrics statements="2" coveredstatements="2" conditionals="0" coveredconditionals="0" methods="1" coveredmethods="1"/>
        <line num="27" count="1" type="stmt"/>
        <line num="28" count="7" type="stmt"/>
      </file>
      <file name="InternalLinkSuggestions.tsx" path="D:\meowseo\src\gutenberg\components\tabs\InternalLinkSuggestions.tsx">
        <metrics statements="36" coveredstatements="33" conditionals="27" coveredconditionals="24" methods="6" coveredmethods="6"/>
        <line num="38" count="3" type="stmt"/>
        <line num="39" count="44" type="stmt"/>
        <line num="40" count="44" type="stmt"/>
        <line num="41" count="44" type="stmt"/>
        <line num="44" count="44" type="stmt"/>
        <line num="47" count="44" type="stmt"/>
        <line num="48" count="16" type="stmt"/>
        <line num="49" count="16" type="stmt"/>
        <line num="50" count="16" type="cond" truecount="1" falsecount="1"/>
        <line num="51" count="0" type="stmt"/>
        <line num="53" count="16" type="cond" truecount="1" falsecount="1"/>
        <line num="55" count="0" type="stmt"/>
        <line num="56" count="0" type="stmt"/>
        <line num="62" count="44" type="stmt"/>
        <line num="64" count="19" type="stmt"/>
        <line num="67" count="19" type="cond" truecount="4" falsecount="0"/>
        <line num="68" count="8" type="stmt"/>
        <line num="69" count="8" type="stmt"/>
        <line num="70" count="8" type="stmt"/>
        <line num="73" count="11" type="stmt"/>
        <line num="75" count="11" type="stmt"/>
        <line num="76" count="7" type="stmt"/>
        <line num="79" count="7" type="stmt"/>
        <line num="91" count="6" type="cond" truecount="1" falsecount="1"/>
        <line num="92" count="6" type="stmt"/>
        <line num="95" count="1" type="stmt"/>
        <line num="99" count="1" type="stmt"/>
        <line num="100" count="1" type="stmt"/>
        <line num="106" count="1" type="stmt"/>
        <line num="110" count="11" type="stmt"/>
        <line num="111" count="11" type="stmt"/>
        <line num="112" count="11" type="stmt"/>
        <line num="117" count="44" type="cond" truecount="4" falsecount="0"/>
        <line num="118" count="16" type="stmt"/>
        <line num="121" count="28" type="stmt"/>
        <line num="144" count="8" type="stmt"/>
      </file>
      <file name="RobotsToggles.tsx" path="D:\meowseo\src\gutenberg\components\tabs\RobotsToggles.tsx">
        <metrics statements="10" coveredstatements="10" conditionals="8" coveredconditionals="8" methods="3" coveredmethods="3"/>
        <line num="24" count="2" type="stmt"/>
        <line num="27" count="14" type="stmt"/>
        <line num="30" count="14" type="stmt"/>
        <line num="35" count="14" type="cond" truecount="2" falsecount="0"/>
        <line num="36" count="14" type="cond" truecount="2" falsecount="0"/>
        <line num="39" count="14" type="stmt"/>
        <line num="40" count="2" type="cond" truecount="2" falsecount="0"/>
        <line num="43" count="14" type="stmt"/>
        <line num="44" count="2" type="cond" truecount="2" falsecount="0"/>
        <line num="47" count="14" type="stmt"/>
      </file>
      <file name="SchemaTabContent.tsx" path="D:\meowseo\src\gutenberg\components\tabs\SchemaTabContent.tsx">
        <metrics statements="28" coveredstatements="20" conditionals="35" coveredconditionals="18" methods="8" coveredmethods="4"/>
        <line num="18" count="1" type="stmt"/>
        <line num="19" count="1" type="stmt"/>
        <line num="20" count="1" type="stmt"/>
        <line num="21" count="1" type="stmt"/>
        <line num="22" count="1" type="stmt"/>
        <line num="30" count="1" type="stmt"/>
        <line num="34" count="7" type="cond" truecount="4" falsecount="0"/>
        <line num="35" count="5" type="stmt"/>
        <line num="38" count="2" type="stmt"/>
        <line num="39" count="2" type="stmt"/>
        <line num="42" count="0" type="cond" truecount="0" falsecount="7"/>
        <line num="44" count="0" type="stmt"/>
        <line num="46" count="0" type="stmt"/>
        <line num="48" count="0" type="stmt"/>
        <line num="50" count="0" type="stmt"/>
        <line num="55" count="0" type="stmt"/>
        <line num="60" count="0" type="stmt"/>
        <line num="65" count="0" type="stmt"/>
        <line num="68" count="2" type="stmt"/>
        <line num="86" count="1" type="stmt"/>
        <line num="87" count="7" type="stmt"/>
        <line num="88" count="7" type="stmt"/>
        <line num="91" count="7" type="stmt"/>
        <line num="94" count="7" type="stmt"/>
        <line num="95" count="7" type="cond" truecount="2" falsecount="0"/>
        <line num="96" count="5" type="stmt"/>
        <line num="107" count="2" type="stmt"/>
        <line num="118" count="7" type="stmt"/>
      </file>
[...]
        <line num="73" count="0" type="stmt"/>
        <line num="81" count="3" type="stmt"/>
        <line num="83" count="1" type="stmt"/>
        <line num="84" count="1" type="stmt"/>
        <line num="90" count="3" type="stmt"/>
        <line num="92" count="0" type="stmt"/>
        <line num="96" count="0" type="stmt"/>
        <line num="101" count="3" type="stmt"/>
        <line num="108" count="3" type="stmt"/>
        <line num="113" count="1" type="stmt"/>
        <line num="119" count="0" type="stmt"/>
        <line num="126" count="0" type="stmt"/>
        <line num="135" count="0" type="stmt"/>
        <line num="144" count="0" type="stmt"/>
        <line num="154" count="0" type="stmt"/>
      </file>
      <file name="SchemaTypeSelector.tsx" path="D:\meowseo\src\gutenberg\components\tabs\schema\SchemaTypeSelector.tsx">
        <metrics statements="4" coveredstatements="4" conditionals="0" coveredconditionals="0" methods="1" coveredmethods="1"/>
        <line num="21" count="1" type="stmt"/>
        <line num="22" count="8" type="stmt"/>
        <line num="26" count="8" type="stmt"/>
        <line num="36" count="8" type="stmt"/>
      </file>
      <file name="SpeakableToggle.tsx" path="D:\meowseo\src\gutenberg\components\tabs\schema\SpeakableToggle.tsx">
        <metrics statements="21" coveredstatements="8" conditionals="23" coveredconditionals="1" methods="4" coveredmethods="2"/>
        <line num="24" count="1" type="stmt"/>
        <line num="25" count="13" type="stmt"/>
        <line num="30" count="13" type="stmt"/>
        <line num="32" count="12" type="stmt"/>
        <line num="33" count="12" type="stmt"/>
        <line num="34" count="12" type="cond" truecount="1" falsecount="1"/>
        <line num="38" count="12" type="stmt"/>
        <line num="46" count="12" type="stmt"/>
        <line num="49" count="0" type="stmt"/>
        <line num="52" count="0" type="stmt"/>
        <line num="54" count="0" type="cond" truecount="0" falsecount="4"/>
        <line num="56" count="0" type="stmt"/>
        <line num="59" count="0" type="cond" truecount="0" falsecount="4"/>
        <line num="60" count="0" type="stmt"/>
        <line num="66" count="0" type="stmt"/>
        <line num="69" count="0" type="cond" truecount="0" falsecount="4"/>
        <line num="70" count="0" type="stmt"/>
        <line num="86" count="0" type="stmt"/>
        <line num="87" count="0" type="cond" truecount="0" falsecount="4"/>
        <line num="88" count="0" type="stmt"/>
        <line num="94" count="0" type="stmt"/>
      </file>
    </package>
    <package name="gutenberg.hooks">
      <metrics statements="114" coveredstatements="85" conditionals="61" coveredconditionals="47" methods="23" coveredmethods="20"/>
      <file name="useAnalysis.ts" path="D:\meowseo\src\gutenberg\hooks\useAnalysis.ts">
        <metrics statements="77" coveredstatements="61" conditionals="41" coveredconditionals="31" methods="13" coveredmethods="12"/>
        <line num="75" count="4" type="stmt"/>
        <line num="76" count="4" type="stmt"/>
        <line num="85" count="13" type="cond" truecount="2" falsecount="0"/>
        <line num="86" count="1" type="stmt"/>
        <line num="87" count="1" type="stmt"/>
        <line num="91" count="12" type="cond" truecount="2" falsecount="0"/>
        <line num="92" count="11" type="stmt"/>
        <line num="96" count="1" type="stmt"/>
        <line num="100" count="1" type="stmt"/>
        <line num="106" count="1" type="stmt"/>
        <line num="108" count="0" type="stmt"/>
        <line num="109" count="0" type="stmt"/>
        <line num="120" count="12" type="stmt"/>
        <line num="121" count="12" type="stmt"/>
        <line num="122" count="12" type="stmt"/>
        <line num="123" count="12" type="cond" truecount="1" falsecount="1"/>
        <line num="125" count="0" type="stmt"/>
        <line num="157" count="231" type="stmt"/>
        <line num="161" count="231" type="stmt"/>
        <line num="163" count="231" type="stmt"/>
        <line num="169" count="170" type="stmt"/>
        <line num="170" count="170" type="stmt"/>
        <line num="171" count="170" type="stmt"/>
        <line num="178" count="170" type="stmt"/>
        <line num="181" count="170" type="stmt"/>
        <line num="186" count="170" type="stmt"/>
        <line num="192" count="13" type="stmt"/>
        <line num="208" count="170" type="stmt"/>
        <line num="210" count="12" type="stmt"/>
        <line num="213" count="12" type="cond" truecount="1" falsecount="1"/>
        <line num="214" count="0" type="stmt"/>
        <line num="219" count="0" type="stmt"/>
        <line num="233" count="0" type="stmt"/>
        <line num="234" count="0" type="stmt"/>
        <line num="239" count="12" type="stmt"/>
        <line num="240" count="12" type="stmt"/>
        <line num="256" count="0" type="stmt"/>
        <line num="262" count="12" type="stmt"/>
        <line num="270" count="170" type="stmt"/>
        <line num="277" count="13" type="cond" truecount="2" falsecount="2"/>
        <line num="278" count="0" type="stmt"/>
        <line num="282" count="13" type="cond" truecount="1" falsecount="1"/>
        <line num="283" count="0" type="stmt"/>
        <line num="287" count="13" type="stmt"/>
        <line num="292" count="13" type="cond" truecount="1" falsecount="1"/>
        <line num="293" count="0" type="stmt"/>
        <line num="295" count="13" type="stmt"/>
        <line num="298" count="13" type="stmt"/>
        <line num="299" count="13" type="stmt"/>
        <line num="302" count="13" type="stmt"/>
        <line num="304" count="13" type="cond" truecount="2" falsecount="0"/>
        <line num="306" count="1" type="stmt"/>
        <line num="307" count="1" type="stmt"/>
        <line num="308" count="1" type="stmt"/>
        <line num="309" count="1" type="stmt"/>
        <line num="313" count="12" type="stmt"/>
        <line num="314" count="12" type="stmt"/>
        <line num="315" count="12" type="cond" truecount="1" falsecount="1"/>
        <line num="316" count="12" type="stmt"/>
        <line num="317" count="12" type="stmt"/>
        <line num="322" count="12" type="stmt"/>
        <line num="323" count="0" type="stmt"/>
        <line num="324" count="0" type="stmt"/>
        <line num="325" count="0" type="stmt"/>
        <line num="326" count="0" type="stmt"/>
        <line num="329" count="0" type="stmt"/>
        <line num="345" count="12" type="stmt"/>
        <line num="346" count="12" type="stmt"/>
        <line num="349" count="12" type="stmt"/>
        <line num="354" count="12" type="stmt"/>
        <line num="364" count="12" type="stmt"/>
        <line num="376" count="170" type="stmt"/>
        <line num="378" count="170" type="cond" truecount="2" falsecount="0"/>
        <line num="382" count="13" type="stmt"/>
        <line num="391" count="170" type="stmt"/>
        <line num="392" count="169" type="stmt"/>
        <line num="397" count="169" type="stmt"/>
      </file>
      <file name="useContentSync.ts" path="D:\meowseo\src\gutenberg\hooks\useContentSync.ts">
        <metrics statements="14" coveredstatements="10" conditionals="12" coveredconditionals="11" methods="5" coveredmethods="5"/>
        <line num="17" count="698" type="stmt"/>
        <line num="20" count="698" type="stmt"/>
        <line num="21" count="698" type="stmt"/>
        <line num="22" count="698" type="stmt"/>
        <line num="25" count="698" type="cond" truecount="1" falsecount="1"/>
        <line num="26" count="0" type="stmt"/>
        <line num="27" count="0" type="stmt"/>
        <line num="36" count="698" type="stmt"/>
        <line num="45" count="0" type="stmt"/>
        <line num="47" count="0" type="stmt"/>
        <line num="58" count="698" type="stmt"/>
        <line num="59" count="698" type="stmt"/>
        <line num="60" count="201" type="stmt"/>
        <line num="72" count="698" type="stmt"/>
      </file>
      <file name="useEntityPropBinding.ts" path="D:\meowseo\src\gutenberg\hooks\useEntityPropBinding.ts">
        <metrics statements="23" coveredstatements="14" conditionals="8" coveredconditionals="5" methods="5" coveredmethods="3"/>
        <line num="38" count="380" type="stmt"/>
        <line num="39" count="380" type="stmt"/>
        <line num="40" count="380" type="stmt"/>
        <line num="43" count="380" type="cond" truecount="1" falsecount="1"/>
        <line num="44" count="0" type="stmt"/>
        <line num="47" count="0" type="stmt"/>
        <line num="53" count="380" type="stmt"/>
        <line num="59" count="0" type="stmt"/>
        <line num="64" count="0" type="stmt"/>
        <line num="72" count="380" type="stmt"/>
        <line num="73" count="380" type="stmt"/>
        <line num="75" count="380" type="stmt"/>
        <line num="76" count="380" type="stmt"/>
        <line num="84" count="0" type="stmt"/>
        <line num="86" count="0" type="stmt"/>
        <line num="87" count="0" type="stmt"/>
        <line num="88" count="0" type="stmt"/>
        <line num="94" count="380" type="cond" truecount="2" falsecount="0"/>
        <line num="98" count="380" type="stmt"/>
        <line num="100" count="362" type="stmt"/>
        <line num="101" count="362" type="stmt"/>
        <line num="104" count="0" type="stmt"/>
        <line num="110" count="380" type="stmt"/>
      </file>
    </package>
    <package name="gutenberg.store">
      <metrics statements="123" coveredstatements="93" conditionals="26" coveredconditionals="11" methods="31" coveredmethods="23"/>
      <file name="actions.ts" path="D:\meowseo\src\gutenberg\store\actions.ts">
        <metrics statements="49" coveredstatements="45" conditionals="4" coveredconditionals="3" methods="11" coveredmethods="11"/>
        <line num="12" count="16" type="stmt"/>
        <line num="13" count="16" type="stmt"/>
        <line num="14" count="16" type="stmt"/>
        <line num="15" count="16" type="stmt"/>
        <line num="73" count="16" type="stmt"/>
        <line num="75" count="562" type="stmt"/>
        <line num="80" count="361" type="stmt"/>
        <line num="101" count="16" type="stmt"/>
        <line num="112" count="377" type="stmt"/>
        <line num="128" count="337" type="stmt"/>
        <line num="148" count="16" type="stmt"/>
        <line num="149" count="18" type="stmt"/>
        <line num="151" count="18" type="stmt"/>
        <line num="152" count="18" type="stmt"/>
        <line num="155" count="18" type="stmt"/>
        <line num="157" count="18" type="stmt"/>
        <line num="159" count="18" type="cond" truecount="2" falsecount="0"/>
        <line num="160" count="3" type="stmt"/>
        <line num="164" count="3" type="stmt"/>
        <line num="167" count="3" type="stmt"/>
        <line num="176" count="0" type="stmt"/>
        <line num="189" count="0" type="stmt"/>
        <line num="195" count="15" type="stmt"/>
        <line num="198" count="14" type="stmt"/>
        <line num="199" count="2" type="stmt"/>
        <line num="200" count="2" type="stmt"/>
        <line num="201" count="2" type="stmt"/>
        <line num="205" count="14" type="stmt"/>
        <line num="210" count="14" type="stmt"/>
        <line num="211" count="7" type="stmt"/>
        <line num="212" count="7" type="stmt"/>
        <line num="215" count="14" type="stmt"/>
        <line num="216" count="5" type="stmt"/>
        <line num="217" count="5" type="stmt"/>
        <line num="221" count="14" type="stmt"/>
        <line num="231" count="7" type="stmt"/>
        <line num="234" count="7" type="stmt"/>
        <line num="247" count="9" type="stmt"/>
        <line num="253" count="9" type="stmt"/>
        <line num="254" count="9" type="stmt"/>
        <line num="257" count="9" type="stmt"/>
        <line num="266" count="0" type="stmt"/>
        <line num="279" count="9" type="stmt"/>
        <line num="286" count="16" type="stmt"/>
        <line num="295" count="26" type="stmt"/>
        <line num="296" count="26" type="stmt"/>
        <line num="297" count="26" type="stmt"/>
        <line num="298" count="26" type="cond" truecount="1" falsecount="1"/>
        <line num="300" count="0" type="stmt"/>
      </file>
      <file name="index.ts" path="D:\meowseo\src\gutenberg\store\index.ts">
        <metrics statements="8" coveredstatements="7" conditionals="2" coveredconditionals="2" methods="0" coveredmethods="0"/>
        <line num="16" count="6" type="stmt"/>
        <line num="19" count="6" type="stmt"/>
        <line num="29" count="6" type="stmt"/>
        <line num="31" count="6" type="stmt"/>
        <line num="32" count="6" type="cond" truecount="2" falsecount="0"/>
        <line num="34" count="5" type="stmt"/>
        <line num="42" count="5" type="stmt"/>
        <line num="45" count="0" type="stmt"/>
      </file>
      <file name="reducer.ts" path="D:\meowseo\src\gutenberg\store\reducer.ts">
        <metrics statements="8" coveredstatements="8" conditionals="6" coveredconditionals="6" methods="1" coveredmethods="1"/>
        <line num="17" count="8" type="stmt"/>
        <line num="60" count="8" type="stmt"/>
        <line num="64" count="1390" type="cond" truecount="5" falsecount="0"/>
        <line num="66" count="359" type="stmt"/>
        <line num="72" count="333" type="stmt"/>
        <line num="78" count="362" type="stmt"/>
        <line num="98" count="333" type="stmt"/>
        <line num="104" count="3" type="stmt"/>
      </file>
      <file name="selectors.ts" path="D:\meowseo\src\gutenberg\store\selectors.ts">
        <metrics statements="58" coveredstatements="33" conditionals="14" coveredconditionals="0" methods="19" coveredmethods="11"/>
        <line num="16" count="7" type="stmt"/>
        <line num="17" count="2" type="stmt"/>
        <line num="20" count="7" type="stmt"/>
        <line num="21" count="2" type="stmt"/>
        <line num="24" count="7" type="stmt"/>
        <line num="25" count="6" type="stmt"/>
        <line num="28" count="7" type="stmt"/>
        <line num="29" count="8" type="stmt"/>
        <line num="34" count="7" type="stmt"/>
        <line num="35" count="2" type="stmt"/>
        <line num="42" count="7" type="stmt"/>
        <line num="45" count="6" type="stmt"/>
        <line num="48" count="7" type="stmt"/>
        <line num="49" count="2" type="stmt"/>
        <line num="56" count="7" type="stmt"/>
        <line num="57" count="6" type="stmt"/>
        <line num="64" count="7" type="stmt"/>
        <line num="65" count="6" type="stmt"/>
        <line num="72" count="7" type="stmt"/>
        <line num="73" count="6" type="stmt"/>
        <line num="80" count="7" type="stmt"/>
        <line num="81" count="6" type="stmt"/>
        <line num="88" count="7" type="stmt"/>
        <line num="89" count="0" type="stmt"/>
        <line num="96" count="7" type="stmt"/>
        <line num="97" count="0" type="stmt"/>
        <line num="105" count="7" type="stmt"/>
        <line num="106" count="7" type="stmt"/>
        <line num="108" count="7" type="stmt"/>
        <line num="110" count="0" type="cond" truecount="0" falsecount="2"/>
        <line num="111" count="0" type="stmt"/>
        <line num="112" count="0" type="stmt"/>
        <line num="113" count="0" type="stmt"/>
        <line num="114" count="0" type="stmt"/>
        <line num="116" count="0" type="stmt"/>
        <line num="120" count="0" type="stmt"/>
        <line num="124" count="7" type="stmt"/>
        <line num="125" count="7" type="stmt"/>
        <line num="127" count="7" type="stmt"/>
        <line num="129" count="0" type="cond" truecount="0" falsecount="2"/>
        <line num="130" count="0" type="stmt"/>
        <line num="131" count="0" type="cond" truecount="0" falsecount="2"/>
        <line num="132" count="0" type="stmt"/>
        <line num="133" count="0" type="cond" truecount="0" falsecount="2"/>
        <line num="134" count="0" type="stmt"/>
        <line num="136" count="0" type="stmt"/>
        <line num="139" count="0" type="stmt"/>
        <line num="142" count="7" type="stmt"/>
        <line num="143" count="7" type="stmt"/>
        <line num="145" count="7" type="stmt"/>
        <line num="147" count="0" type="cond" truecount="0" falsecount="2"/>
        <line num="148" count="0" type="stmt"/>
        <line num="149" count="0" type="cond" truecount="0" falsecount="2"/>
        <line num="150" count="0" type="stmt"/>
        <line num="151" count="0" type="cond" truecount="0" falsecount="2"/>
        <line num="152" count="0" type="stmt"/>
        <line num="154" count="0" type="stmt"/>
        <line num="157" count="0" type="stmt"/>
      </file>
      <file name="types.ts" path="D:\meowseo\src\gutenberg\store\types.ts">
        <metrics statements="0" coveredstatements="0" conditionals="0" coveredconditionals="0" methods="0" coveredmethods="0"/>
      </file>
    </package>
    <package name="gutenberg.utils">
      <metrics statements="29" coveredstatements="29" conditionals="18" coveredconditionals="18" methods="2" coveredmethods="2"/>
      <file name="plugin-sidebar-compat.tsx" path="D:\meowseo\src\gutenberg\utils\plugin-sidebar-compat.tsx">
        <metrics statements="13" coveredstatements="13" conditionals="2" coveredconditionals="2" methods="1" coveredmethods="1"/>
        <line num="29" count="6" type="cond" truecount="2" falsecount="0"/>
        <line num="31" count="3" type="stmt"/>
        <line num="32" count="3" type="stmt"/>
        <line num="33" count="2" type="stmt"/>
        <line num="35" count="1" type="stmt"/>
        <line num="40" count="1" type="stmt"/>
        <line num="41" count="1" type="stmt"/>
        <line num="45" count="3" type="stmt"/>
        <line num="46" count="3" type="stmt"/>
        <line num="47" count="2" type="stmt"/>
        <line num="49" count="1" type="stmt"/>
        <line num="54" count="1" type="stmt"/>
        <line num="68" count="6" type="stmt"/>
      </file>
      <file name="version-detection.ts" path="D:\meowseo\src\gutenberg\utils\version-detection.ts">
        <metrics statements="16" coveredstatements="16" conditionals="16" coveredconditionals="16" methods="1" coveredmethods="1"/>
        <line num="27" count="10" type="cond" truecount="4" falsecount="0"/>
        <line num="28" count="3" type="stmt"/>
        <line num="29" count="3" type="stmt"/>
        <line num="33" count="7" type="stmt"/>
        <line num="34" count="7" type="stmt"/>
        <line num="35" count="6" type="cond" truecount="2" falsecount="0"/>
        <line num="39" count="3" type="stmt"/>
        <line num="43" count="3" type="cond" truecount="4" falsecount="0"/>
        <line num="44" count="2" type="stmt"/>
        <line num="48" count="1" type="stmt"/>
        <line num="53" count="5" type="stmt"/>
        <line num="55" count="5" type="stmt"/>
        <line num="56" count="5" type="cond" truecount="4" falsecount="0"/>
        <line num="57" count="1" type="stmt"/>
        <line num="64" count="4" type="stmt"/>
        <line num="72" count="1" type="stmt"/>
      </file>
    </package>
    <package name="gutenberg.workers">
      <metrics statements="8" coveredstatements="1" conditionals="18" coveredconditionals="0" methods="1" coveredmethods="0"/>
      <file name="analysis-worker.ts" path="D:\meowseo\src\gutenberg\workers\analysis-worker.ts">
        <metrics statements="8" coveredstatements="1" conditionals="18" coveredconditionals="0" methods="1" coveredmethods="0"/>
        <line num="39" count="2" type="stmt"/>
        <line num="40" count="0" type="stmt"/>
        <line num="41" count="0" type="stmt"/>
        <line num="43" count="0" type="cond" truecount="0" falsecount="2"/>
        <line num="45" count="0" type="stmt"/>
        <line num="56" count="0" type="stmt"/>
        <line num="63" count="0" type="stmt"/>
        <line num="64" count="0" type="stmt"/>
      </file>
    </package>
  </project>
</coverage>
