{"D:\\meowseo\\src\\ai\\components\\AiGeneratorPanel.js": {"path":"D:\\meowseo\\src\\ai\\components\\AiGeneratorPanel.js","statementMap":{"0":{"start":{"line":50,"column":43},"end":{"line":50,"column":60}},"1":{"start":{"line":51,"column":51},"end":{"line":51,"column":67}},"2":{"start":{"line":52,"column":29},"end":{"line":52,"column":45}},"3":{"start":{"line":53,"column":43},"end":{"line":53,"column":59}},"4":{"start":{"line":54,"column":39},"end":{"line":54,"column":56}},"5":{"start":{"line":55,"column":47},"end":{"line":55,"column":63}},"6":{"start":{"line":56,"column":47},"end":{"line":56,"column":63}},"7":{"start":{"line":59,"column":29},"end":{"line":59,"column":43}},"8":{"start":{"line":60,"column":28},"end":{"line":60,"column":42}},"9":{"start":{"line":63,"column":16},"end":{"line":65,"column":8}},"10":{"start":{"line":64,"column":2},"end":{"line":64,"column":52}},"11":{"start":{"line":68,"column":15},"end":{"line":68,"column":48}},"12":{"start":{"line":75,"column":24},"end":{"line":164,"column":2}},"13":{"start":{"line":77,"column":3},"end":{"line":77,"column":27}},"14":{"start":{"line":78,"column":3},"end":{"line":78,"column":20}},"15":{"start":{"line":79,"column":3},"end":{"line":79,"column":31}},"16":{"start":{"line":80,"column":3},"end":{"line":80,"column":29}},"17":{"start":{"line":81,"column":3},"end":{"line":81,"column":29}},"18":{"start":{"line":84,"column":3},"end":{"line":89,"column":4}},"19":{"start":{"line":85,"column":4},"end":{"line":88,"column":6}},"20":{"start":{"line":91,"column":3},"end":{"line":161,"column":4}},"21":{"start":{"line":92,"column":21},"end":{"line":104,"column":7}},"22":{"start":{"line":106,"column":4},"end":{"line":128,"column":5}},"23":{"start":{"line":107,"column":5},"end":{"line":107,"column":42}},"24":{"start":{"line":108,"column":5},"end":{"line":108,"column":47}},"25":{"start":{"line":109,"column":5},"end":{"line":109,"column":57}},"26":{"start":{"line":112,"column":5},"end":{"line":117,"column":6}},"27":{"start":{"line":113,"column":6},"end":{"line":116,"column":8}},"28":{"start":{"line":120,"column":6},"end":{"line":121,"column":42}},"29":{"start":{"line":122,"column":5},"end":{"line":122,"column":26}},"30":{"start":{"line":125,"column":5},"end":{"line":127,"column":6}},"31":{"start":{"line":126,"column":6},"end":{"line":126,"column":56}},"32":{"start":{"line":131,"column":19},"end":{"line":134,"column":5}},"33":{"start":{"line":136,"column":4},"end":{"line":151,"column":5}},"34":{"start":{"line":137,"column":5},"end":{"line":140,"column":7}},"35":{"start":{"line":141,"column":11},"end":{"line":151,"column":5}},"36":{"start":{"line":145,"column":5},"end":{"line":148,"column":7}},"37":{"start":{"line":149,"column":11},"end":{"line":151,"column":5}},"38":{"start":{"line":150,"column":5},"end":{"line":150,"column":28}},"39":{"start":{"line":153,"column":4},"end":{"line":153,"column":25}},"40":{"start":{"line":156,"column":4},"end":{"line":158,"column":5}},"41":{"start":{"line":157,"column":5},"end":{"line":157,"column":55}},"42":{"start":{"line":160,"column":4},"end":{"line":160,"column":29}},"43":{"start":{"line":171,"column":21},"end":{"line":239,"column":2}},"44":{"start":{"line":173,"column":3},"end":{"line":173,"column":27}},"45":{"start":{"line":174,"column":3},"end":{"line":174,"column":20}},"46":{"start":{"line":175,"column":3},"end":{"line":175,"column":29}},"47":{"start":{"line":178,"column":3},"end":{"line":183,"column":4}},"48":{"start":{"line":179,"column":4},"end":{"line":182,"column":6}},"49":{"start":{"line":185,"column":3},"end":{"line":236,"column":4}},"50":{"start":{"line":186,"column":21},"end":{"line":196,"column":7}},"51":{"start":{"line":198,"column":4},"end":{"line":224,"column":5}},"52":{"start":{"line":199,"column":5},"end":{"line":199,"column":33}},"53":{"start":{"line":200,"column":5},"end":{"line":202,"column":7}},"54":{"start":{"line":205,"column":5},"end":{"line":210,"column":6}},"55":{"start":{"line":206,"column":6},"end":{"line":209,"column":8}},"56":{"start":{"line":213,"column":5},"end":{"line":213,"column":61}},"57":{"start":{"line":216,"column":6},"end":{"line":217,"column":48}},"58":{"start":{"line":218,"column":5},"end":{"line":218,"column":26}},"59":{"start":{"line":221,"column":5},"end":{"line":223,"column":6}},"60":{"start":{"line":222,"column":6},"end":{"line":222,"column":56}},"61":{"start":{"line":227,"column":5},"end":{"line":227,"column":62}},"62":{"start":{"line":228,"column":4},"end":{"line":228,"column":25}},"63":{"start":{"line":231,"column":4},"end":{"line":233,"column":5}},"64":{"start":{"line":232,"column":5},"end":{"line":232,"column":55}},"65":{"start":{"line":235,"column":4},"end":{"line":235,"column":29}},"66":{"start":{"line":246,"column":21},"end":{"line":249,"column":40}},"67":{"start":{"line":247,"column":2},"end":{"line":247,"column":19}},"68":{"start":{"line":248,"column":2},"end":{"line":248,"column":44}},"69":{"start":{"line":251,"column":1},"end":{"line":423,"column":3}},"70":{"start":{"line":279,"column":24},"end":{"line":279,"column":49}},"71":{"start":{"line":290,"column":24},"end":{"line":290,"column":40}},"72":{"start":{"line":346,"column":25},"end":{"line":346,"column":48}},"73":{"start":{"line":369,"column":25},"end":{"line":369,"column":49}},"74":{"start":{"line":382,"column":25},"end":{"line":382,"column":50}},"75":{"start":{"line":415,"column":24},"end":{"line":415,"column":51}}},"fnMap":{"0":{"name":"AiGeneratorPanel","decl":{"start":{"line":49,"column":16},"end":{"line":49,"column":32}},"loc":{"start":{"line":49,"column":35},"end":{"line":424,"column":1}},"line":49},"1":{"name":"(anonymous_1)","decl":{"start":{"line":63,"column":27},"end":{"line":63,"column":28}},"loc":{"start":{"line":63,"column":41},"end":{"line":65,"column":2}},"line":63},"2":{"name":"(anonymous_2)","decl":{"start":{"line":76,"column":2},"end":{"line":76,"column":3}},"loc":{"start":{"line":76,"column":28},"end":{"line":162,"column":3}},"line":76},"3":{"name":"(anonymous_3)","decl":{"start":{"line":172,"column":2},"end":{"line":172,"column":3}},"loc":{"start":{"line":172,"column":23},"end":{"line":237,"column":3}},"line":172},"4":{"name":"(anonymous_4)","decl":{"start":{"line":246,"column":34},"end":{"line":246,"column":35}},"loc":{"start":{"line":246,"column":40},"end":{"line":249,"column":2}},"line":246},"5":{"name":"(anonymous_5)","decl":{"start":{"line":279,"column":18},"end":{"line":279,"column":19}},"loc":{"start":{"line":279,"column":24},"end":{"line":279,"column":49}},"line":279},"6":{"name":"(anonymous_6)","decl":{"start":{"line":290,"column":18},"end":{"line":290,"column":19}},"loc":{"start":{"line":290,"column":24},"end":{"line":290,"column":40}},"line":290},"7":{"name":"(anonymous_7)","decl":{"start":{"line":346,"column":19},"end":{"line":346,"column":20}},"loc":{"start":{"line":346,"column":25},"end":{"line":346,"column":48}},"line":346},"8":{"name":"(anonymous_8)","decl":{"start":{"line":369,"column":19},"end":{"line":369,"column":20}},"loc":{"start":{"line":369,"column":25},"end":{"line":369,"column":49}},"line":369},"9":{"name":"(anonymous_9)","decl":{"start":{"line":382,"column":19},"end":{"line":382,"column":20}},"loc":{"start":{"line":382,"column":25},"end":{"line":382,"column":50}},"line":382},"10":{"name":"(anonymous_10)","decl":{"start":{"line":415,"column":18},"end":{"line":415,"column":19}},"loc":{"start":{"line":415,"column":24},"end":{"line":415,"column":51}},"line":415}},"branchMap":{"0":{"loc":{"start":{"line":68,"column":15},"end":{"line":68,"column":48}},"type":"binary-expr","locations":[{"start":{"line":68,"column":15},"end":{"line":68,"column":42}},{"start":{"line":68,"column":46},"end":{"line":68,"column":48}}],"line":68},"1":{"loc":{"start":{"line":76,"column":10},"end":{"line":76,"column":22}},"type":"default-arg","locations":[{"start":{"line":76,"column":17},"end":{"line":76,"column":22}}],"line":76},"2":{"loc":{"start":{"line":84,"column":3},"end":{"line":89,"column":4}},"type":"if","locations":[{"start":{"line":84,"column":3},"end":{"line":89,"column":4}},{"start":{},"end":{}}],"line":84},"3":{"loc":{"start":{"line":101,"column":22},"end":{"line":101,"column":56}},"type":"binary-expr","locations":[{"start":{"line":101,"column":22},"end":{"line":101,"column":36}},{"start":{"line":101,"column":40},"end":{"line":101,"column":56}}],"line":101},"4":{"loc":{"start":{"line":106,"column":4},"end":{"line":128,"column":5}},"type":"if","locations":[{"start":{"line":106,"column":4},"end":{"line":128,"column":5}},{"start":{"line":118,"column":11},"end":{"line":128,"column":5}}],"line":106},"5":{"loc":{"start":{"line":109,"column":20},"end":{"line":109,"column":54}},"type":"binary-expr","locations":[{"start":{"line":109,"column":20},"end":{"line":109,"column":45}},{"start":{"line":109,"column":49},"end":{"line":109,"column":54}}],"line":109},"6":{"loc":{"start":{"line":112,"column":5},"end":{"line":117,"column":6}},"type":"if","locations":[{"start":{"line":112,"column":5},"end":{"line":117,"column":6}},{"start":{},"end":{}}],"line":112},"7":{"loc":{"start":{"line":120,"column":6},"end":{"line":121,"column":42}},"type":"binary-expr","locations":[{"start":{"line":120,"column":6},"end":{"line":120,"column":22}},{"start":{"line":121,"column":6},"end":{"line":121,"column":42}}],"line":120},"8":{"loc":{"start":{"line":125,"column":5},"end":{"line":127,"column":6}},"type":"if","locations":[{"start":{"line":125,"column":5},"end":{"line":127,"column":6}},{"start":{},"end":{}}],"line":125},"9":{"loc":{"start":{"line":136,"column":4},"end":{"line":151,"column":5}},"type":"if","locations":[{"start":{"line":136,"column":4},"end":{"line":151,"column":5}},{"start":{"line":141,"column":11},"end":{"line":151,"column":5}}],"line":136},"10":{"loc":{"start":{"line":141,"column":11},"end":{"line":151,"column":5}},"type":"if","locations":[{"start":{"line":141,"column":11},"end":{"line":151,"column":5}},{"start":{"line":149,"column":11},"end":{"line":151,"column":5}}],"line":141},"11":{"loc":{"start":{"line":142,"column":5},"end":{"line":143,"column":40}},"type":"binary-expr","locations":[{"start":{"line":142,"column":5},"end":{"line":142,"column":16}},{"start":{"line":143,"column":5},"end":{"line":143,"column":40}}],"line":142},"12":{"loc":{"start":{"line":149,"column":11},"end":{"line":151,"column":5}},"type":"if","locations":[{"start":{"line":149,"column":11},"end":{"line":151,"column":5}},{"start":{},"end":{}}],"line":149},"13":{"loc":{"start":{"line":156,"column":4},"end":{"line":158,"column":5}},"type":"if","locations":[{"start":{"line":156,"column":4},"end":{"line":158,"column":5}},{"start":{},"end":{}}],"line":156},"14":{"loc":{"start":{"line":178,"column":3},"end":{"line":183,"column":4}},"type":"if","locations":[{"start":{"line":178,"column":3},"end":{"line":183,"column":4}},{"start":{},"end":{}}],"line":178},"15":{"loc":{"start":{"line":198,"column":4},"end":{"line":224,"column":5}},"type":"if","locations":[{"start":{"line":198,"column":4},"end":{"line":224,"column":5}},{"start":{"line":214,"column":11},"end":{"line":224,"column":5}}],"line":198},"16":{"loc":{"start":{"line":205,"column":5},"end":{"line":210,"column":6}},"type":"if","locations":[{"start":{"line":205,"column":5},"end":{"line":210,"column":6}},{"start":{},"end":{}}],"line":205},"17":{"loc":{"start":{"line":216,"column":6},"end":{"line":217,"column":48}},"type":"binary-expr","locations":[{"start":{"line":216,"column":6},"end":{"line":216,"column":22}},{"start":{"line":217,"column":6},"end":{"line":217,"column":48}}],"line":216},"18":{"loc":{"start":{"line":221,"column":5},"end":{"line":223,"column":6}},"type":"if","locations":[{"start":{"line":221,"column":5},"end":{"line":223,"column":6}},{"start":{},"end":{}}],"line":221},"19":{"loc":{"start":{"line":227,"column":5},"end":{"line":227,"column":62}},"type":"binary-expr","locations":[{"start":{"line":227,"column":5},"end":{"line":227,"column":16}},{"start":{"line":227,"column":20},"end":{"line":227,"column":62}}],"line":227},"20":{"loc":{"start":{"line":231,"column":4},"end":{"line":233,"column":5}},"type":"if","locations":[{"start":{"line":231,"column":4},"end":{"line":233,"column":5}},{"start":{},"end":{}}],"line":231},"21":{"loc":{"start":{"line":248,"column":18},"end":{"line":248,"column":41}},"type":"binary-expr","locations":[{"start":{"line":248,"column":18},"end":{"line":248,"column":32}},{"start":{"line":248,"column":36},"end":{"line":248,"column":41}}],"line":248},"22":{"loc":{"start":{"line":275,"column":7},"end":{"line":283,"column":6}},"type":"binary-expr","locations":[{"start":{"line":275,"column":7},"end":{"line":275,"column":21}},{"start":{"line":276,"column":6},"end":{"line":282,"column":15}}],"line":275},"23":{"loc":{"start":{"line":286,"column":7},"end":{"line":316,"column":6}},"type":"binary-expr","locations":[{"start":{"line":286,"column":7},"end":{"line":286,"column":12}},{"start":{"line":287,"column":6},"end":{"line":315,"column":15}}],"line":286},"24":{"loc":{"start":{"line":307,"column":10},"end":{"line":307,"column":50}},"type":"binary-expr","locations":[{"start":{"line":307,"column":10},"end":{"line":307,"column":43}},{"start":{"line":307,"column":47},"end":{"line":307,"column":50}}],"line":307},"25":{"loc":{"start":{"line":319,"column":7},"end":{"line":338,"column":6}},"type":"binary-expr","locations":[{"start":{"line":319,"column":7},"end":{"line":319,"column":17}},{"start":{"line":319,"column":21},"end":{"line":319,"column":33}},{"start":{"line":320,"column":6},"end":{"line":337,"column":15}}],"line":319},"26":{"loc":{"start":{"line":330,"column":9},"end":{"line":330,"column":49}},"type":"binary-expr","locations":[{"start":{"line":330,"column":9},"end":{"line":330,"column":42}},{"start":{"line":330,"column":46},"end":{"line":330,"column":49}}],"line":330},"27":{"loc":{"start":{"line":341,"column":7},"end":{"line":408,"column":6}},"type":"binary-expr","locations":[{"start":{"line":341,"column":7},"end":{"line":341,"column":25}},{"start":{"line":342,"column":6},"end":{"line":407,"column":12}}],"line":341},"28":{"loc":{"start":{"line":355,"column":11},"end":{"line":362,"column":10}},"type":"cond-expr","locations":[{"start":{"line":356,"column":10},"end":{"line":359,"column":13}},{"start":{"line":361,"column":10},"end":{"line":361,"column":45}}],"line":355},"29":{"loc":{"start":{"line":396,"column":9},"end":{"line":406,"column":8}},"type":"binary-expr","locations":[{"start":{"line":396,"column":9},"end":{"line":396,"column":21}},{"start":{"line":397,"column":8},"end":{"line":405,"column":19}}],"line":396},"30":{"loc":{"start":{"line":411,"column":7},"end":{"line":419,"column":6}},"type":"binary-expr","locations":[{"start":{"line":411,"column":7},"end":{"line":411,"column":23}},{"start":{"line":412,"column":6},"end":{"line":418,"column":8}}],"line":411}},"s":{"0":99,"1":98,"2":98,"3":98,"4":98,"5":98,"6":98,"7":98,"8":98,"9":98,"10":0,"11":98,"12":98,"13":29,"14":29,"15":29,"16":29,"17":29,"18":29,"19":29,"20":29,"21":29,"22":27,"23":22,"24":22,"25":22,"26":22,"27":21,"28":5,"29":5,"30":5,"31":5,"32":2,"33":2,"34":1,"35":1,"36":1,"37":0,"38":0,"39":2,"40":2,"41":2,"42":29,"43":98,"44":4,"45":4,"46":4,"47":4,"48":4,"49":4,"50":4,"51":4,"52":3,"53":3,"54":3,"55":3,"56":3,"57":1,"58":1,"59":1,"60":1,"61":0,"62":0,"63":0,"64":0,"65":4,"66":98,"67":1,"68":1,"69":98,"70":0,"71":0,"72":26,"73":1,"74":1,"75":1},"f":{"0":99,"1":0,"2":29,"3":4,"4":1,"5":0,"6":0,"7":26,"8":1,"9":1,"10":1},"b":{"0":[98,0],"1":[0],"2":[29,0],"3":[29,2],"4":[22,5],"5":[22,20],"6":[21,1],"7":[5,0],"8":[5,0],"9":[1,1],"10":[1,0],"11":[1,1],"12":[0,0],"13":[2,0],"14":[4,0],"15":[3,1],"16":[3,0],"17":[1,0],"18":[1,0],"19":[0,0],"20":[0,0],"21":[1,0],"22":[98,3],"23":[98,8],"24":[8,0],"25":[98,2,2],"26":[2,0],"27":[98,72],"28":[29,43],"29":[72,4],"30":[98,26]},"_coverageSchema":"1a1c01bbd47fc00a2c39e90264f33305004495a9","hash":"91fbbaf33a31e8b55138ffc0d734f911126091d9"}
,"D:\\meowseo\\src\\ai\\components\\PreviewPanel.js": {"path":"D:\\meowseo\\src\\ai\\components\\PreviewPanel.js","statementMap":{"0":{"start":{"line":33,"column":26},"end":{"line":63,"column":1}},"1":{"start":{"line":91,"column":45},"end":{"line":91,"column":64}},"2":{"start":{"line":92,"column":24},"end":{"line":92,"column":38}},"3":{"start":{"line":93,"column":25},"end":{"line":93,"column":39}},"4":{"start":{"line":100,"column":27},"end":{"line":108,"column":2}},"5":{"start":{"line":102,"column":3},"end":{"line":105,"column":7}},"6":{"start":{"line":115,"column":25},"end":{"line":121,"column":2}},"7":{"start":{"line":116,"column":21},"end":{"line":116,"column":51}},"8":{"start":{"line":117,"column":2},"end":{"line":117,"column":35}},"9":{"start":{"line":117,"column":22},"end":{"line":117,"column":35}},"10":{"start":{"line":119,"column":17},"end":{"line":119,"column":41}},"11":{"start":{"line":120,"column":2},"end":{"line":120,"column":60}},"12":{"start":{"line":128,"column":23},"end":{"line":133,"column":2}},"13":{"start":{"line":129,"column":2},"end":{"line":131,"column":3}},"14":{"start":{"line":130,"column":3},"end":{"line":130,"column":35}},"15":{"start":{"line":132,"column":2},"end":{"line":132,"column":12}},"16":{"start":{"line":145,"column":21},"end":{"line":250,"column":2}},"17":{"start":{"line":146,"column":21},"end":{"line":146,"column":51}},"18":{"start":{"line":147,"column":17},"end":{"line":147,"column":41}},"19":{"start":{"line":148,"column":22},"end":{"line":153,"column":25}},"20":{"start":{"line":156,"column":18},"end":{"line":156,"column":48}},"21":{"start":{"line":157,"column":24},"end":{"line":157,"column":53}},"22":{"start":{"line":158,"column":22},"end":{"line":158,"column":52}},"23":{"start":{"line":161,"column":24},"end":{"line":161,"column":26}},"24":{"start":{"line":162,"column":2},"end":{"line":174,"column":3}},"25":{"start":{"line":163,"column":3},"end":{"line":173,"column":4}},"26":{"start":{"line":164,"column":4},"end":{"line":167,"column":6}},"27":{"start":{"line":169,"column":4},"end":{"line":172,"column":6}},"28":{"start":{"line":176,"column":2},"end":{"line":249,"column":4}},"29":{"start":{"line":189,"column":7},"end":{"line":189,"column":47}},"30":{"start":{"line":208,"column":7},"end":{"line":208,"column":47}},"31":{"start":{"line":252,"column":1},"end":{"line":342,"column":3}},"32":{"start":{"line":290,"column":5},"end":{"line":296,"column":6}},"33":{"start":{"line":295,"column":6},"end":{"line":295,"column":18}},"34":{"start":{"line":298,"column":5},"end":{"line":298,"column":65}},"35":{"start":{"line":307,"column":22},"end":{"line":307,"column":46}}},"fnMap":{"0":{"name":"PreviewPanel","decl":{"start":{"line":84,"column":16},"end":{"line":84,"column":28}},"loc":{"start":{"line":90,"column":4},"end":{"line":343,"column":1}},"line":90},"1":{"name":"(anonymous_1)","decl":{"start":{"line":101,"column":2},"end":{"line":101,"column":3}},"loc":{"start":{"line":101,"column":26},"end":{"line":106,"column":3}},"line":101},"2":{"name":"(anonymous_2)","decl":{"start":{"line":115,"column":25},"end":{"line":115,"column":26}},"loc":{"start":{"line":115,"column":49},"end":{"line":121,"column":2}},"line":115},"3":{"name":"(anonymous_3)","decl":{"start":{"line":128,"column":23},"end":{"line":128,"column":24}},"loc":{"start":{"line":128,"column":47},"end":{"line":133,"column":2}},"line":128},"4":{"name":"(anonymous_4)","decl":{"start":{"line":145,"column":21},"end":{"line":145,"column":22}},"loc":{"start":{"line":145,"column":45},"end":{"line":250,"column":2}},"line":145},"5":{"name":"(anonymous_5)","decl":{"start":{"line":188,"column":17},"end":{"line":188,"column":18}},"loc":{"start":{"line":189,"column":7},"end":{"line":189,"column":47}},"line":189},"6":{"name":"(anonymous_6)","decl":{"start":{"line":207,"column":17},"end":{"line":207,"column":18}},"loc":{"start":{"line":208,"column":7},"end":{"line":208,"column":47}},"line":208},"7":{"name":"(anonymous_7)","decl":{"start":{"line":288,"column":40},"end":{"line":288,"column":41}},"loc":{"start":{"line":288,"column":57},"end":{"line":299,"column":5}},"line":288},"8":{"name":"(anonymous_8)","decl":{"start":{"line":307,"column":16},"end":{"line":307,"column":17}},"loc":{"start":{"line":307,"column":22},"end":{"line":307,"column":46}},"line":307}},"branchMap":{"0":{"loc":{"start":{"line":117,"column":2},"end":{"line":117,"column":35}},"type":"if","locations":[{"start":{"line":117,"column":2},"end":{"line":117,"column":35}},{"start":{},"end":{}}],"line":117},"1":{"loc":{"start":{"line":119,"column":17},"end":{"line":119,"column":41}},"type":"cond-expr","locations":[{"start":{"line":119,"column":25},"end":{"line":119,"column":37}},{"start":{"line":119,"column":40},"end":{"line":119,"column":41}}],"line":119},"2":{"loc":{"start":{"line":120,"column":9},"end":{"line":120,"column":59}},"type":"binary-expr","locations":[{"start":{"line":120,"column":9},"end":{"line":120,"column":32}},{"start":{"line":120,"column":36},"end":{"line":120,"column":59}}],"line":120},"3":{"loc":{"start":{"line":129,"column":2},"end":{"line":131,"column":3}},"type":"if","locations":[{"start":{"line":129,"column":2},"end":{"line":131,"column":3}},{"start":{},"end":{}}],"line":129},"4":{"loc":{"start":{"line":147,"column":17},"end":{"line":147,"column":41}},"type":"cond-expr","locations":[{"start":{"line":147,"column":25},"end":{"line":147,"column":37}},{"start":{"line":147,"column":40},"end":{"line":147,"column":41}}],"line":147},"5":{"loc":{"start":{"line":162,"column":2},"end":{"line":174,"column":3}},"type":"if","locations":[{"start":{"line":162,"column":2},"end":{"line":174,"column":3}},{"start":{},"end":{}}],"line":162},"6":{"loc":{"start":{"line":163,"column":3},"end":{"line":173,"column":4}},"type":"if","locations":[{"start":{"line":163,"column":3},"end":{"line":173,"column":4}},{"start":{"line":168,"column":10},"end":{"line":173,"column":4}}],"line":163},"7":{"loc":{"start":{"line":184,"column":6},"end":{"line":221,"column":5}},"type":"cond-expr","locations":[{"start":{"line":185,"column":5},"end":{"line":202,"column":7}},{"start":{"line":204,"column":5},"end":{"line":220,"column":7}}],"line":184},"8":{"loc":{"start":{"line":186,"column":14},"end":{"line":186,"column":44}},"type":"binary-expr","locations":[{"start":{"line":186,"column":14},"end":{"line":186,"column":31}},{"start":{"line":186,"column":35},"end":{"line":186,"column":44}}],"line":186},"9":{"loc":{"start":{"line":187,"column":14},"end":{"line":187,"column":25}},"type":"binary-expr","locations":[{"start":{"line":187,"column":14},"end":{"line":187,"column":19}},{"start":{"line":187,"column":23},"end":{"line":187,"column":25}}],"line":187},"10":{"loc":{"start":{"line":195,"column":7},"end":{"line":200,"column":48}},"type":"binary-expr","locations":[{"start":{"line":195,"column":7},"end":{"line":195,"column":17}},{"start":{"line":196,"column":7},"end":{"line":200,"column":48}}],"line":195},"11":{"loc":{"start":{"line":197,"column":8},"end":{"line":199,"column":13}},"type":"cond-expr","locations":[{"start":{"line":198,"column":11},"end":{"line":198,"column":42}},{"start":{"line":199,"column":11},"end":{"line":199,"column":13}}],"line":197},"12":{"loc":{"start":{"line":205,"column":14},"end":{"line":205,"column":44}},"type":"binary-expr","locations":[{"start":{"line":205,"column":14},"end":{"line":205,"column":31}},{"start":{"line":205,"column":35},"end":{"line":205,"column":44}}],"line":205},"13":{"loc":{"start":{"line":206,"column":14},"end":{"line":206,"column":25}},"type":"binary-expr","locations":[{"start":{"line":206,"column":14},"end":{"line":206,"column":19}},{"start":{"line":206,"column":23},"end":{"line":206,"column":25}}],"line":206},"14":{"loc":{"start":{"line":213,"column":7},"end":{"line":218,"column":48}},"type":"binary-expr","locations":[{"start":{"line":213,"column":7},"end":{"line":213,"column":17}},{"start":{"line":214,"column":7},"end":{"line":218,"column":48}}],"line":213},"15":{"loc":{"start":{"line":215,"column":8},"end":{"line":217,"column":13}},"type":"cond-expr","locations":[{"start":{"line":216,"column":11},"end":{"line":216,"column":42}},{"start":{"line":217,"column":11},"end":{"line":217,"column":13}}],"line":215},"16":{"loc":{"start":{"line":222,"column":6},"end":{"line":247,"column":5}},"type":"binary-expr","locations":[{"start":{"line":222,"column":6},"end":{"line":222,"column":16}},{"start":{"line":223,"column":5},"end":{"line":246,"column":11}}],"line":222},"17":{"loc":{"start":{"line":231,"column":9},"end":{"line":232,"column":37}},"type":"binary-expr","locations":[{"start":{"line":231,"column":9},"end":{"line":231,"column":27}},{"start":{"line":232,"column":8},"end":{"line":232,"column":37}}],"line":231},"18":{"loc":{"start":{"line":234,"column":8},"end":{"line":245,"column":7}},"type":"binary-expr","locations":[{"start":{"line":234,"column":8},"end":{"line":234,"column":43}},{"start":{"line":235,"column":7},"end":{"line":244,"column":14}}],"line":234},"19":{"loc":{"start":{"line":260,"column":6},"end":{"line":265,"column":5}},"type":"binary-expr","locations":[{"start":{"line":260,"column":6},"end":{"line":260,"column":14}},{"start":{"line":261,"column":5},"end":{"line":264,"column":12}}],"line":260},"20":{"loc":{"start":{"line":269,"column":5},"end":{"line":280,"column":4}},"type":"binary-expr","locations":[{"start":{"line":269,"column":5},"end":{"line":269,"column":28}},{"start":{"line":270,"column":4},"end":{"line":279,"column":10}}],"line":269},"21":{"loc":{"start":{"line":290,"column":5},"end":{"line":296,"column":6}},"type":"if","locations":[{"start":{"line":290,"column":5},"end":{"line":296,"column":6}},{"start":{},"end":{}}],"line":290},"22":{"loc":{"start":{"line":317,"column":8},"end":{"line":324,"column":7}},"type":"cond-expr","locations":[{"start":{"line":318,"column":7},"end":{"line":321,"column":10}},{"start":{"line":323,"column":7},"end":{"line":323,"column":41}}],"line":317}},"s":{"0":1,"1":30,"2":30,"3":30,"4":30,"5":3,"6":30,"7":540,"8":540,"9":0,"10":540,"11":540,"12":30,"13":270,"14":65,"15":205,"16":30,"17":270,"18":270,"19":270,"20":270,"21":270,"22":270,"23":270,"24":270,"25":270,"26":120,"27":150,"28":270,"29":1,"30":2,"31":30,"32":327,"33":57,"34":270,"35":2},"f":{"0":30,"1":3,"2":540,"3":270,"4":270,"5":1,"6":2,"7":327,"8":2},"b":{"0":[0,540],"1":[522,18],"2":[540,534],"3":[65,205],"4":[261,9],"5":[270,0],"6":[120,150],"7":[120,150],"8":[120,0],"9":[120,4],"10":[120,120],"11":[90,30],"12":[150,0],"13":[150,5],"14":[150,150],"15":[30,120],"16":[270,270],"17":[270,120],"18":[270,65],"19":[30,30],"20":[30,28],"21":[57,270],"22":[4,26]},"_coverageSchema":"1a1c01bbd47fc00a2c39e90264f33305004495a9","hash":"b4dde2c3e653ad808dd521fbe07d6978d27d2b60"}
,"D:\\meowseo\\src\\analysis\\analysis-engine.js": {"path":"D:\\meowseo\\src\\analysis\\analysis-engine.js","statementMap":{"0":{"start":{"line":33,"column":37},"end":{"line":41,"column":1}},"1":{"start":{"line":50,"column":17},"end":{"line":50,"column":19}},"2":{"start":{"line":52,"column":1},"end":{"line":64,"column":2}},"3":{"start":{"line":53,"column":2},"end":{"line":53,"column":51}},"4":{"start":{"line":55,"column":2},"end":{"line":55,"column":62}},"5":{"start":{"line":56,"column":2},"end":{"line":63,"column":6}},"6":{"start":{"line":66,"column":1},"end":{"line":78,"column":2}},"7":{"start":{"line":67,"column":2},"end":{"line":67,"column":52}},"8":{"start":{"line":69,"column":2},"end":{"line":69,"column":63}},"9":{"start":{"line":70,"column":2},"end":{"line":77,"column":6}},"10":{"start":{"line":80,"column":1},"end":{"line":92,"column":2}},"11":{"start":{"line":81,"column":2},"end":{"line":81,"column":49}},"12":{"start":{"line":83,"column":2},"end":{"line":83,"column":60}},"13":{"start":{"line":84,"column":2},"end":{"line":91,"column":6}},"14":{"start":{"line":94,"column":1},"end":{"line":106,"column":2}},"15":{"start":{"line":95,"column":2},"end":{"line":95,"column":52}},"16":{"start":{"line":97,"column":2},"end":{"line":97,"column":63}},"17":{"start":{"line":98,"column":2},"end":{"line":105,"column":6}},"18":{"start":{"line":108,"column":1},"end":{"line":120,"column":2}},"19":{"start":{"line":109,"column":2},"end":{"line":109,"column":59}},"20":{"start":{"line":111,"column":2},"end":{"line":111,"column":70}},"21":{"start":{"line":112,"column":2},"end":{"line":119,"column":6}},"22":{"start":{"line":122,"column":1},"end":{"line":134,"column":2}},"23":{"start":{"line":123,"column":2},"end":{"line":123,"column":54}},"24":{"start":{"line":125,"column":2},"end":{"line":125,"column":65}},"25":{"start":{"line":126,"column":2},"end":{"line":133,"column":6}},"26":{"start":{"line":136,"column":1},"end":{"line":136,"column":16}},"27":{"start":{"line":146,"column":1},"end":{"line":148,"column":2}},"28":{"start":{"line":147,"column":2},"end":{"line":147,"column":11}},"29":{"start":{"line":150,"column":18},"end":{"line":150,"column":19}},"30":{"start":{"line":152,"column":1},"end":{"line":155,"column":2}},"31":{"start":{"line":153,"column":17},"end":{"line":153,"column":63}},"32":{"start":{"line":154,"column":2},"end":{"line":154,"column":38}},"33":{"start":{"line":157,"column":1},"end":{"line":157,"column":33}},"34":{"start":{"line":169,"column":17},"end":{"line":169,"column":18}},"35":{"start":{"line":170,"column":21},"end":{"line":170,"column":22}},"36":{"start":{"line":171,"column":22},"end":{"line":171,"column":23}},"37":{"start":{"line":172,"column":19},"end":{"line":172,"column":20}},"38":{"start":{"line":173,"column":22},"end":{"line":173,"column":23}},"39":{"start":{"line":176,"column":29},"end":{"line":178,"column":2}},"40":{"start":{"line":177,"column":11},"end":{"line":177,"column":36}},"41":{"start":{"line":179,"column":1},"end":{"line":181,"column":2}},"42":{"start":{"line":180,"column":2},"end":{"line":180,"column":57}},"43":{"start":{"line":184,"column":30},"end":{"line":186,"column":2}},"44":{"start":{"line":185,"column":11},"end":{"line":185,"column":37}},"45":{"start":{"line":187,"column":1},"end":{"line":189,"column":2}},"46":{"start":{"line":188,"column":2},"end":{"line":188,"column":66}},"47":{"start":{"line":192,"column":31},"end":{"line":194,"column":2}},"48":{"start":{"line":193,"column":11},"end":{"line":193,"column":38}},"49":{"start":{"line":195,"column":1},"end":{"line":197,"column":2}},"50":{"start":{"line":196,"column":2},"end":{"line":196,"column":69}},"51":{"start":{"line":200,"column":22},"end":{"line":202,"column":2}},"52":{"start":{"line":201,"column":11},"end":{"line":201,"column":41}},"53":{"start":{"line":203,"column":1},"end":{"line":205,"column":2}},"54":{"start":{"line":204,"column":2},"end":{"line":204,"column":48}},"55":{"start":{"line":208,"column":30},"end":{"line":210,"column":2}},"56":{"start":{"line":209,"column":11},"end":{"line":209,"column":37}},"57":{"start":{"line":211,"column":1},"end":{"line":213,"column":2}},"58":{"start":{"line":212,"column":2},"end":{"line":212,"column":61}},"59":{"start":{"line":215,"column":1},"end":{"line":221,"column":3}},"60":{"start":{"line":260,"column":5},"end":{"line":260,"column":9}},"61":{"start":{"line":263,"column":18},"end":{"line":263,"column":20}},"62":{"start":{"line":264,"column":1},"end":{"line":277,"column":2}},"63":{"start":{"line":265,"column":2},"end":{"line":273,"column":6}},"64":{"start":{"line":275,"column":2},"end":{"line":275,"column":57}},"65":{"start":{"line":276,"column":2},"end":{"line":276,"column":18}},"66":{"start":{"line":280,"column":26},"end":{"line":280,"column":28}},"67":{"start":{"line":281,"column":1},"end":{"line":286,"column":2}},"68":{"start":{"line":282,"column":2},"end":{"line":282,"column":61}},"69":{"start":{"line":284,"column":2},"end":{"line":284,"column":65}},"70":{"start":{"line":285,"column":2},"end":{"line":285,"column":26}},"71":{"start":{"line":289,"column":18},"end":{"line":289,"column":49}},"72":{"start":{"line":290,"column":26},"end":{"line":290,"column":73}},"73":{"start":{"line":293,"column":18},"end":{"line":293,"column":76}},"74":{"start":{"line":296,"column":1},"end":{"line":307,"column":3}}},"fnMap":{"0":{"name":"runAllReadabilityAnalyzers","decl":{"start":{"line":49,"column":9},"end":{"line":49,"column":35}},"loc":{"start":{"line":49,"column":47},"end":{"line":137,"column":1}},"line":49},"1":{"name":"calculateReadabilityScore","decl":{"start":{"line":145,"column":9},"end":{"line":145,"column":34}},"loc":{"start":{"line":145,"column":46},"end":{"line":158,"column":1}},"line":145},"2":{"name":"extractMetadata","decl":{"start":{"line":168,"column":9},"end":{"line":168,"column":24}},"loc":{"start":{"line":168,"column":68},"end":{"line":222,"column":1}},"line":168},"3":{"name":"(anonymous_3)","decl":{"start":{"line":177,"column":2},"end":{"line":177,"column":3}},"loc":{"start":{"line":177,"column":11},"end":{"line":177,"column":36}},"line":177},"4":{"name":"(anonymous_4)","decl":{"start":{"line":185,"column":2},"end":{"line":185,"column":3}},"loc":{"start":{"line":185,"column":11},"end":{"line":185,"column":37}},"line":185},"5":{"name":"(anonymous_5)","decl":{"start":{"line":193,"column":2},"end":{"line":193,"column":3}},"loc":{"start":{"line":193,"column":11},"end":{"line":193,"column":38}},"line":193},"6":{"name":"(anonymous_6)","decl":{"start":{"line":201,"column":2},"end":{"line":201,"column":3}},"loc":{"start":{"line":201,"column":11},"end":{"line":201,"column":41}},"line":201},"7":{"name":"(anonymous_7)","decl":{"start":{"line":209,"column":2},"end":{"line":209,"column":3}},"loc":{"start":{"line":209,"column":11},"end":{"line":209,"column":37}},"line":209},"8":{"name":"analyzeContent","decl":{"start":{"line":251,"column":16},"end":{"line":251,"column":30}},"loc":{"start":{"line":251,"column":39},"end":{"line":308,"column":1}},"line":251}},"branchMap":{"0":{"loc":{"start":{"line":146,"column":1},"end":{"line":148,"column":2}},"type":"if","locations":[{"start":{"line":146,"column":1},"end":{"line":148,"column":2}},{"start":{},"end":{}}],"line":146},"1":{"loc":{"start":{"line":146,"column":6},"end":{"line":146,"column":39}},"type":"binary-expr","locations":[{"start":{"line":146,"column":6},"end":{"line":146,"column":15}},{"start":{"line":146,"column":19},"end":{"line":146,"column":39}}],"line":146},"2":{"loc":{"start":{"line":153,"column":17},"end":{"line":153,"column":63}},"type":"binary-expr","locations":[{"start":{"line":153,"column":17},"end":{"line":153,"column":58}},{"start":{"line":153,"column":62},"end":{"line":153,"column":63}}],"line":153},"3":{"loc":{"start":{"line":179,"column":1},"end":{"line":181,"column":2}},"type":"if","locations":[{"start":{"line":179,"column":1},"end":{"line":181,"column":2}},{"start":{},"end":{}}],"line":179},"4":{"loc":{"start":{"line":179,"column":6},"end":{"line":179,"column":56}},"type":"binary-expr","locations":[{"start":{"line":179,"column":6},"end":{"line":179,"column":25}},{"start":{"line":179,"column":29},"end":{"line":179,"column":56}}],"line":179},"5":{"loc":{"start":{"line":180,"column":14},"end":{"line":180,"column":56}},"type":"binary-expr","locations":[{"start":{"line":180,"column":14},"end":{"line":180,"column":51}},{"start":{"line":180,"column":55},"end":{"line":180,"column":56}}],"line":180},"6":{"loc":{"start":{"line":187,"column":1},"end":{"line":189,"column":2}},"type":"if","locations":[{"start":{"line":187,"column":1},"end":{"line":189,"column":2}},{"start":{},"end":{}}],"line":187},"7":{"loc":{"start":{"line":187,"column":6},"end":{"line":187,"column":58}},"type":"binary-expr","locations":[{"start":{"line":187,"column":6},"end":{"line":187,"column":26}},{"start":{"line":187,"column":30},"end":{"line":187,"column":58}}],"line":187},"8":{"loc":{"start":{"line":188,"column":18},"end":{"line":188,"column":65}},"type":"binary-expr","locations":[{"start":{"line":188,"column":18},"end":{"line":188,"column":60}},{"start":{"line":188,"column":64},"end":{"line":188,"column":65}}],"line":188},"9":{"loc":{"start":{"line":195,"column":1},"end":{"line":197,"column":2}},"type":"if","locations":[{"start":{"line":195,"column":1},"end":{"line":197,"column":2}},{"start":{},"end":{}}],"line":195},"10":{"loc":{"start":{"line":195,"column":6},"end":{"line":195,"column":60}},"type":"binary-expr","locations":[{"start":{"line":195,"column":6},"end":{"line":195,"column":27}},{"start":{"line":195,"column":31},"end":{"line":195,"column":60}}],"line":195},"11":{"loc":{"start":{"line":196,"column":19},"end":{"line":196,"column":68}},"type":"binary-expr","locations":[{"start":{"line":196,"column":19},"end":{"line":196,"column":63}},{"start":{"line":196,"column":67},"end":{"line":196,"column":68}}],"line":196},"12":{"loc":{"start":{"line":203,"column":1},"end":{"line":205,"column":2}},"type":"if","locations":[{"start":{"line":203,"column":1},"end":{"line":205,"column":2}},{"start":{},"end":{}}],"line":203},"13":{"loc":{"start":{"line":203,"column":6},"end":{"line":203,"column":42}},"type":"binary-expr","locations":[{"start":{"line":203,"column":6},"end":{"line":203,"column":18}},{"start":{"line":203,"column":22},"end":{"line":203,"column":42}}],"line":203},"14":{"loc":{"start":{"line":204,"column":16},"end":{"line":204,"column":47}},"type":"binary-expr","locations":[{"start":{"line":204,"column":16},"end":{"line":204,"column":42}},{"start":{"line":204,"column":46},"end":{"line":204,"column":47}}],"line":204},"15":{"loc":{"start":{"line":211,"column":1},"end":{"line":213,"column":2}},"type":"if","locations":[{"start":{"line":211,"column":1},"end":{"line":213,"column":2}},{"start":{},"end":{}}],"line":211},"16":{"loc":{"start":{"line":211,"column":6},"end":{"line":211,"column":58}},"type":"binary-expr","locations":[{"start":{"line":211,"column":6},"end":{"line":211,"column":26}},{"start":{"line":211,"column":30},"end":{"line":211,"column":58}}],"line":211},"17":{"loc":{"start":{"line":212,"column":19},"end":{"line":212,"column":60}},"type":"binary-expr","locations":[{"start":{"line":212,"column":19},"end":{"line":212,"column":55}},{"start":{"line":212,"column":59},"end":{"line":212,"column":60}}],"line":212},"18":{"loc":{"start":{"line":253,"column":2},"end":{"line":253,"column":14}},"type":"default-arg","locations":[{"start":{"line":253,"column":12},"end":{"line":253,"column":14}}],"line":253},"19":{"loc":{"start":{"line":254,"column":2},"end":{"line":254,"column":12}},"type":"default-arg","locations":[{"start":{"line":254,"column":10},"end":{"line":254,"column":12}}],"line":254},"20":{"loc":{"start":{"line":255,"column":2},"end":{"line":255,"column":18}},"type":"default-arg","locations":[{"start":{"line":255,"column":16},"end":{"line":255,"column":18}}],"line":255},"21":{"loc":{"start":{"line":256,"column":2},"end":{"line":256,"column":11}},"type":"default-arg","locations":[{"start":{"line":256,"column":9},"end":{"line":256,"column":11}}],"line":256},"22":{"loc":{"start":{"line":257,"column":2},"end":{"line":257,"column":14}},"type":"default-arg","locations":[{"start":{"line":257,"column":12},"end":{"line":257,"column":14}}],"line":257},"23":{"loc":{"start":{"line":258,"column":2},"end":{"line":258,"column":19}},"type":"default-arg","locations":[{"start":{"line":258,"column":17},"end":{"line":258,"column":19}}],"line":258},"24":{"loc":{"start":{"line":259,"column":2},"end":{"line":259,"column":17}},"type":"default-arg","locations":[{"start":{"line":259,"column":15},"end":{"line":259,"column":17}}],"line":259}},"s":{"0":5,"1":88,"2":88,"3":88,"4":0,"5":0,"6":88,"7":88,"8":0,"9":0,"10":88,"11":88,"12":0,"13":0,"14":88,"15":88,"16":0,"17":0,"18":88,"19":88,"20":0,"21":0,"22":88,"23":88,"24":0,"25":0,"26":88,"27":88,"28":0,"29":88,"30":88,"31":528,"32":528,"33":88,"34":88,"35":88,"36":88,"37":88,"38":88,"39":88,"40":880,"41":88,"42":88,"43":88,"44":88,"45":88,"46":88,"47":88,"48":176,"49":88,"50":88,"51":88,"52":528,"53":88,"54":88,"55":88,"56":352,"57":88,"58":88,"59":88,"60":88,"61":88,"62":88,"63":88,"64":0,"65":0,"66":88,"67":88,"68":88,"69":0,"70":0,"71":88,"72":88,"73":88,"74":88},"f":{"0":88,"1":88,"2":88,"3":880,"4":88,"5":176,"6":528,"7":352,"8":88},"b":{"0":[0,88],"1":[88,88],"2":[528,88],"3":[88,0],"4":[88,88],"5":[88,3],"6":[88,0],"7":[88,88],"8":[88,3],"9":[88,0],"10":[88,88],"11":[88,4],"12":[88,0],"13":[88,88],"14":[88,88],"15":[88,0],"16":[88,88],"17":[88,61],"18":[0],"19":[0],"20":[1],"21":[1],"22":[1],"23":[1],"24":[1]},"_coverageSchema":"1a1c01bbd47fc00a2c39e90264f33305004495a9","hash":"3ed4477014fe9f5ee954f3bc304de458bdefb146"}
,"D:\\meowseo\\src\\analysis\\analyzers\\readability\\flesch-reading-ease.js": {"path":"D:\\meowseo\\src\\analysis\\analyzers\\readability\\flesch-reading-ease.js","statementMap":{"0":{"start":{"line":45,"column":1},"end":{"line":59,"column":2}},"1":{"start":{"line":46,"column":2},"end":{"line":58,"column":4}},"2":{"start":{"line":62,"column":19},"end":{"line":62,"column":44}},"3":{"start":{"line":65,"column":1},"end":{"line":79,"column":2}},"4":{"start":{"line":66,"column":2},"end":{"line":78,"column":4}},"5":{"start":{"line":82,"column":18},"end":{"line":82,"column":19}},"6":{"start":{"line":83,"column":22},"end":{"line":83,"column":23}},"7":{"start":{"line":85,"column":1},"end":{"line":101,"column":2}},"8":{"start":{"line":87,"column":16},"end":{"line":90,"column":41}},"9":{"start":{"line":90,"column":24},"end":{"line":90,"column":39}},"10":{"start":{"line":91,"column":2},"end":{"line":91,"column":29}},"11":{"start":{"line":94,"column":2},"end":{"line":100,"column":3}},"12":{"start":{"line":96,"column":21},"end":{"line":96,"column":56}},"13":{"start":{"line":97,"column":3},"end":{"line":99,"column":4}},"14":{"start":{"line":98,"column":4},"end":{"line":98,"column":50}},"15":{"start":{"line":104,"column":1},"end":{"line":118,"column":2}},"16":{"start":{"line":105,"column":2},"end":{"line":117,"column":4}},"17":{"start":{"line":122,"column":21},"end":{"line":126,"column":2}},"18":{"start":{"line":129,"column":22},"end":{"line":129,"column":65}},"19":{"start":{"line":136,"column":1},"end":{"line":148,"column":2}},"20":{"start":{"line":137,"column":2},"end":{"line":137,"column":16}},"21":{"start":{"line":138,"column":2},"end":{"line":138,"column":26}},"22":{"start":{"line":139,"column":2},"end":{"line":139,"column":72}},"23":{"start":{"line":140,"column":8},"end":{"line":148,"column":2}},"24":{"start":{"line":141,"column":2},"end":{"line":141,"column":14}},"25":{"start":{"line":142,"column":2},"end":{"line":142,"column":25}},"26":{"start":{"line":143,"column":2},"end":{"line":143,"column":81}},"27":{"start":{"line":145,"column":2},"end":{"line":145,"column":19}},"28":{"start":{"line":146,"column":2},"end":{"line":146,"column":24}},"29":{"start":{"line":147,"column":2},"end":{"line":147,"column":119}},"30":{"start":{"line":150,"column":1},"end":{"line":162,"column":3}}},"fnMap":{"0":{"name":"analyzeFleschReadingEase","decl":{"start":{"line":43,"column":16},"end":{"line":43,"column":40}},"loc":{"start":{"line":43,"column":52},"end":{"line":163,"column":1}},"line":43},"1":{"name":"(anonymous_1)","decl":{"start":{"line":90,"column":12},"end":{"line":90,"column":13}},"loc":{"start":{"line":90,"column":24},"end":{"line":90,"column":39}},"line":90}},"branchMap":{"0":{"loc":{"start":{"line":45,"column":1},"end":{"line":59,"column":2}},"type":"if","locations":[{"start":{"line":45,"column":1},"end":{"line":59,"column":2}},{"start":{},"end":{}}],"line":45},"1":{"loc":{"start":{"line":45,"column":6},"end":{"line":45,"column":46}},"type":"binary-expr","locations":[{"start":{"line":45,"column":6},"end":{"line":45,"column":15}},{"start":{"line":45,"column":19},"end":{"line":45,"column":46}}],"line":45},"2":{"loc":{"start":{"line":65,"column":1},"end":{"line":79,"column":2}},"type":"if","locations":[{"start":{"line":65,"column":1},"end":{"line":79,"column":2}},{"start":{},"end":{}}],"line":65},"3":{"loc":{"start":{"line":97,"column":3},"end":{"line":99,"column":4}},"type":"if","locations":[{"start":{"line":97,"column":3},"end":{"line":99,"column":4}},{"start":{},"end":{}}],"line":97},"4":{"loc":{"start":{"line":104,"column":1},"end":{"line":118,"column":2}},"type":"if","locations":[{"start":{"line":104,"column":1},"end":{"line":118,"column":2}},{"start":{},"end":{}}],"line":104},"5":{"loc":{"start":{"line":136,"column":1},"end":{"line":148,"column":2}},"type":"if","locations":[{"start":{"line":136,"column":1},"end":{"line":148,"column":2}},{"start":{"line":140,"column":8},"end":{"line":148,"column":2}}],"line":136},"6":{"loc":{"start":{"line":140,"column":8},"end":{"line":148,"column":2}},"type":"if","locations":[{"start":{"line":140,"column":8},"end":{"line":148,"column":2}},{"start":{"line":144,"column":8},"end":{"line":148,"column":2}}],"line":140}},"s":{"0":100,"1":5,"2":95,"3":95,"4":1,"5":94,"6":94,"7":94,"8":626,"9":83005,"10":626,"11":626,"12":83005,"13":83005,"14":83005,"15":94,"16":0,"17":94,"18":94,"19":94,"20":43,"21":43,"22":43,"23":51,"24":0,"25":0,"26":0,"27":51,"28":51,"29":51,"30":94},"f":{"0":100,"1":83005},"b":{"0":[5,95],"1":[100,95],"2":[1,94],"3":[83005,0],"4":[0,94],"5":[43,51],"6":[0,51]},"_coverageSchema":"1a1c01bbd47fc00a2c39e90264f33305004495a9","hash":"6df0b7326b564f7c4e990a5aeaf6bc4aff3a8ec7"}
,"D:\\meowseo\\src\\analysis\\analyzers\\readability\\index.js": {"path":"D:\\meowseo\\src\\analysis\\analyzers\\readability\\index.js","statementMap":{},"fnMap":{},"branchMap":{},"s":{},"f":{},"b":{},"_coverageSchema":"1a1c01bbd47fc00a2c39e90264f33305004495a9","hash":"865b3c04685471b12a32cacb6422e2f3801688fe"}
,"D:\\meowseo\\src\\analysis\\analyzers\\readability\\paragraph-length.js": {"path":"D:\\meowseo\\src\\analysis\\analyzers\\readability\\paragraph-length.js","statementMap":{"0":{"start":{"line":39,"column":1},"end":{"line":51,"column":2}},"1":{"start":{"line":40,"column":2},"end":{"line":50,"column":4}},"2":{"start":{"line":54,"column":16},"end":{"line":54,"column":36}},"3":{"start":{"line":55,"column":20},"end":{"line":55,"column":37}},"4":{"start":{"line":58,"column":1},"end":{"line":70,"column":2}},"5":{"start":{"line":59,"column":2},"end":{"line":69,"column":4}},"6":{"start":{"line":73,"column":18},"end":{"line":73,"column":19}},"7":{"start":{"line":74,"column":1},"end":{"line":76,"column":2}},"8":{"start":{"line":75,"column":2},"end":{"line":75,"column":36}},"9":{"start":{"line":80,"column":2},"end":{"line":80,"column":60}},"10":{"start":{"line":87,"column":1},"end":{"line":99,"column":2}},"11":{"start":{"line":88,"column":2},"end":{"line":88,"column":14}},"12":{"start":{"line":89,"column":2},"end":{"line":89,"column":16}},"13":{"start":{"line":90,"column":2},"end":{"line":90,"column":71}},"14":{"start":{"line":91,"column":8},"end":{"line":99,"column":2}},"15":{"start":{"line":92,"column":2},"end":{"line":92,"column":13}},"16":{"start":{"line":93,"column":2},"end":{"line":93,"column":14}},"17":{"start":{"line":94,"column":2},"end":{"line":94,"column":74}},"18":{"start":{"line":96,"column":2},"end":{"line":96,"column":12}},"19":{"start":{"line":97,"column":2},"end":{"line":97,"column":19}},"20":{"start":{"line":98,"column":2},"end":{"line":98,"column":109}},"21":{"start":{"line":101,"column":1},"end":{"line":111,"column":3}}},"fnMap":{"0":{"name":"analyzeParagraphLength","decl":{"start":{"line":37,"column":16},"end":{"line":37,"column":38}},"loc":{"start":{"line":37,"column":50},"end":{"line":112,"column":1}},"line":37}},"branchMap":{"0":{"loc":{"start":{"line":39,"column":1},"end":{"line":51,"column":2}},"type":"if","locations":[{"start":{"line":39,"column":1},"end":{"line":51,"column":2}},{"start":{},"end":{}}],"line":39},"1":{"loc":{"start":{"line":39,"column":6},"end":{"line":39,"column":46}},"type":"binary-expr","locations":[{"start":{"line":39,"column":6},"end":{"line":39,"column":15}},{"start":{"line":39,"column":19},"end":{"line":39,"column":46}}],"line":39},"2":{"loc":{"start":{"line":58,"column":1},"end":{"line":70,"column":2}},"type":"if","locations":[{"start":{"line":58,"column":1},"end":{"line":70,"column":2}},{"start":{},"end":{}}],"line":58},"3":{"loc":{"start":{"line":87,"column":1},"end":{"line":99,"column":2}},"type":"if","locations":[{"start":{"line":87,"column":1},"end":{"line":99,"column":2}},{"start":{"line":91,"column":8},"end":{"line":99,"column":2}}],"line":87},"4":{"loc":{"start":{"line":91,"column":8},"end":{"line":99,"column":2}},"type":"if","locations":[{"start":{"line":91,"column":8},"end":{"line":99,"column":2}},{"start":{"line":95,"column":8},"end":{"line":99,"column":2}}],"line":91}},"s":{"0":96,"1":5,"2":91,"3":91,"4":91,"5":2,"6":89,"7":89,"8":197,"9":89,"10":89,"11":36,"12":36,"13":36,"14":53,"15":1,"16":1,"17":1,"18":52,"19":52,"20":52,"21":89},"f":{"0":96},"b":{"0":[5,91],"1":[96,91],"2":[2,89],"3":[36,53],"4":[1,52]},"_coverageSchema":"1a1c01bbd47fc00a2c39e90264f33305004495a9","hash":"c789eb83f15d9734999983605addd367e1a2d58a"}
,"D:\\meowseo\\src\\analysis\\analyzers\\readability\\passive-voice.js": {"path":"D:\\meowseo\\src\\analysis\\analyzers\\readability\\passive-voice.js","statementMap":{"0":{"start":{"line":23,"column":25},"end":{"line":25,"column":1}},"1":{"start":{"line":30,"column":27},"end":{"line":30,"column":37}},"2":{"start":{"line":55,"column":1},"end":{"line":68,"column":2}},"3":{"start":{"line":56,"column":2},"end":{"line":67,"column":4}},"4":{"start":{"line":71,"column":19},"end":{"line":71,"column":44}},"5":{"start":{"line":74,"column":1},"end":{"line":87,"column":2}},"6":{"start":{"line":75,"column":2},"end":{"line":86,"column":4}},"7":{"start":{"line":90,"column":20},"end":{"line":90,"column":21}},"8":{"start":{"line":92,"column":1},"end":{"line":96,"column":2}},"9":{"start":{"line":93,"column":2},"end":{"line":95,"column":3}},"10":{"start":{"line":94,"column":3},"end":{"line":94,"column":18}},"11":{"start":{"line":99,"column":27},"end":{"line":101,"column":2}},"12":{"start":{"line":108,"column":1},"end":{"line":120,"column":2}},"13":{"start":{"line":109,"column":2},"end":{"line":109,"column":14}},"14":{"start":{"line":110,"column":2},"end":{"line":110,"column":16}},"15":{"start":{"line":111,"column":2},"end":{"line":111,"column":97}},"16":{"start":{"line":112,"column":8},"end":{"line":120,"column":2}},"17":{"start":{"line":113,"column":2},"end":{"line":113,"column":13}},"18":{"start":{"line":114,"column":2},"end":{"line":114,"column":14}},"19":{"start":{"line":115,"column":2},"end":{"line":115,"column":103}},"20":{"start":{"line":117,"column":2},"end":{"line":117,"column":12}},"21":{"start":{"line":118,"column":2},"end":{"line":118,"column":19}},"22":{"start":{"line":119,"column":2},"end":{"line":119,"column":106}},"23":{"start":{"line":122,"column":1},"end":{"line":133,"column":3}},"24":{"start":{"line":143,"column":1},"end":{"line":145,"column":2}},"25":{"start":{"line":144,"column":2},"end":{"line":144,"column":15}},"26":{"start":{"line":148,"column":23},"end":{"line":148,"column":45}},"27":{"start":{"line":151,"column":1},"end":{"line":156,"column":2}},"28":{"start":{"line":152,"column":18},"end":{"line":152,"column":54}},"29":{"start":{"line":153,"column":2},"end":{"line":155,"column":3}},"30":{"start":{"line":154,"column":3},"end":{"line":154,"column":15}},"31":{"start":{"line":159,"column":15},"end":{"line":161,"column":40}},"32":{"start":{"line":161,"column":23},"end":{"line":161,"column":38}},"33":{"start":{"line":164,"column":1},"end":{"line":174,"column":2}},"34":{"start":{"line":166,"column":20},"end":{"line":166,"column":55}},"35":{"start":{"line":169,"column":2},"end":{"line":173,"column":3}},"36":{"start":{"line":170,"column":3},"end":{"line":172,"column":4}},"37":{"start":{"line":171,"column":4},"end":{"line":171,"column":16}},"38":{"start":{"line":176,"column":1},"end":{"line":176,"column":14}}},"fnMap":{"0":{"name":"analyzePassiveVoice","decl":{"start":{"line":53,"column":16},"end":{"line":53,"column":35}},"loc":{"start":{"line":53,"column":47},"end":{"line":134,"column":1}},"line":53},"1":{"name":"isPassiveVoiceSentence","decl":{"start":{"line":142,"column":9},"end":{"line":142,"column":31}},"loc":{"start":{"line":142,"column":44},"end":{"line":177,"column":1}},"line":142},"2":{"name":"(anonymous_2)","decl":{"start":{"line":161,"column":11},"end":{"line":161,"column":12}},"loc":{"start":{"line":161,"column":23},"end":{"line":161,"column":38}},"line":161}},"branchMap":{"0":{"loc":{"start":{"line":55,"column":1},"end":{"line":68,"column":2}},"type":"if","locations":[{"start":{"line":55,"column":1},"end":{"line":68,"column":2}},{"start":{},"end":{}}],"line":55},"1":{"loc":{"start":{"line":55,"column":6},"end":{"line":55,"column":46}},"type":"binary-expr","locations":[{"start":{"line":55,"column":6},"end":{"line":55,"column":15}},{"start":{"line":55,"column":19},"end":{"line":55,"column":46}}],"line":55},"2":{"loc":{"start":{"line":74,"column":1},"end":{"line":87,"column":2}},"type":"if","locations":[{"start":{"line":74,"column":1},"end":{"line":87,"column":2}},{"start":{},"end":{}}],"line":74},"3":{"loc":{"start":{"line":93,"column":2},"end":{"line":95,"column":3}},"type":"if","locations":[{"start":{"line":93,"column":2},"end":{"line":95,"column":3}},{"start":{},"end":{}}],"line":93},"4":{"loc":{"start":{"line":108,"column":1},"end":{"line":120,"column":2}},"type":"if","locations":[{"start":{"line":108,"column":1},"end":{"line":120,"column":2}},{"start":{"line":112,"column":8},"end":{"line":120,"column":2}}],"line":108},"5":{"loc":{"start":{"line":112,"column":8},"end":{"line":120,"column":2}},"type":"if","locations":[{"start":{"line":112,"column":8},"end":{"line":120,"column":2}},{"start":{"line":116,"column":8},"end":{"line":120,"column":2}}],"line":112},"6":{"loc":{"start":{"line":143,"column":1},"end":{"line":145,"column":2}},"type":"if","locations":[{"start":{"line":143,"column":1},"end":{"line":145,"column":2}},{"start":{},"end":{}}],"line":143},"7":{"loc":{"start":{"line":143,"column":6},"end":{"line":143,"column":48}},"type":"binary-expr","locations":[{"start":{"line":143,"column":6},"end":{"line":143,"column":16}},{"start":{"line":143,"column":20},"end":{"line":143,"column":48}}],"line":143},"8":{"loc":{"start":{"line":153,"column":2},"end":{"line":155,"column":3}},"type":"if","locations":[{"start":{"line":153,"column":2},"end":{"line":155,"column":3}},{"start":{},"end":{}}],"line":153},"9":{"loc":{"start":{"line":170,"column":3},"end":{"line":172,"column":4}},"type":"if","locations":[{"start":{"line":170,"column":3},"end":{"line":172,"column":4}},{"start":{},"end":{}}],"line":170}},"s":{"0":6,"1":6,"2":98,"3":5,"4":93,"5":93,"6":1,"7":92,"8":92,"9":636,"10":69,"11":92,"12":92,"13":79,"14":79,"15":79,"16":13,"17":8,"18":8,"19":8,"20":5,"21":5,"22":5,"23":92,"24":636,"25":0,"26":636,"27":636,"28":636,"29":636,"30":2,"31":634,"32":83008,"33":634,"34":82786,"35":82786,"36":82786,"37":67,"38":567},"f":{"0":98,"1":636,"2":83008},"b":{"0":[5,93],"1":[98,93],"2":[1,92],"3":[69,567],"4":[79,13],"5":[8,5],"6":[0,636],"7":[636,636],"8":[2,634],"9":[67,82719]},"_coverageSchema":"1a1c01bbd47fc00a2c39e90264f33305004495a9","hash":"17815a7311f0282de29225ae5b20e661d42fb1af"}
,"D:\\meowseo\\src\\analysis\\analyzers\\readability\\sentence-length.js": {"path":"D:\\meowseo\\src\\analysis\\analyzers\\readability\\sentence-length.js","statementMap":{"0":{"start":{"line":39,"column":1},"end":{"line":51,"column":2}},"1":{"start":{"line":40,"column":2},"end":{"line":50,"column":4}},"2":{"start":{"line":54,"column":19},"end":{"line":54,"column":44}},"3":{"start":{"line":57,"column":1},"end":{"line":69,"column":2}},"4":{"start":{"line":58,"column":2},"end":{"line":68,"column":4}},"5":{"start":{"line":72,"column":18},"end":{"line":72,"column":19}},"6":{"start":{"line":73,"column":1},"end":{"line":80,"column":2}},"7":{"start":{"line":75,"column":16},"end":{"line":78,"column":41}},"8":{"start":{"line":78,"column":24},"end":{"line":78,"column":39}},"9":{"start":{"line":79,"column":2},"end":{"line":79,"column":29}},"10":{"start":{"line":84,"column":2},"end":{"line":84,"column":59}},"11":{"start":{"line":91,"column":1},"end":{"line":103,"column":2}},"12":{"start":{"line":92,"column":2},"end":{"line":92,"column":14}},"13":{"start":{"line":93,"column":2},"end":{"line":93,"column":16}},"14":{"start":{"line":94,"column":2},"end":{"line":94,"column":67}},"15":{"start":{"line":95,"column":8},"end":{"line":103,"column":2}},"16":{"start":{"line":96,"column":2},"end":{"line":96,"column":13}},"17":{"start":{"line":97,"column":2},"end":{"line":97,"column":14}},"18":{"start":{"line":98,"column":2},"end":{"line":98,"column":73}},"19":{"start":{"line":100,"column":2},"end":{"line":100,"column":12}},"20":{"start":{"line":101,"column":2},"end":{"line":101,"column":19}},"21":{"start":{"line":102,"column":2},"end":{"line":102,"column":106}},"22":{"start":{"line":105,"column":1},"end":{"line":115,"column":3}}},"fnMap":{"0":{"name":"analyzeSentenceLength","decl":{"start":{"line":37,"column":16},"end":{"line":37,"column":37}},"loc":{"start":{"line":37,"column":49},"end":{"line":116,"column":1}},"line":37},"1":{"name":"(anonymous_1)","decl":{"start":{"line":78,"column":12},"end":{"line":78,"column":13}},"loc":{"start":{"line":78,"column":24},"end":{"line":78,"column":39}},"line":78}},"branchMap":{"0":{"loc":{"start":{"line":39,"column":1},"end":{"line":51,"column":2}},"type":"if","locations":[{"start":{"line":39,"column":1},"end":{"line":51,"column":2}},{"start":{},"end":{}}],"line":39},"1":{"loc":{"start":{"line":39,"column":6},"end":{"line":39,"column":46}},"type":"binary-expr","locations":[{"start":{"line":39,"column":6},"end":{"line":39,"column":15}},{"start":{"line":39,"column":19},"end":{"line":39,"column":46}}],"line":39},"2":{"loc":{"start":{"line":57,"column":1},"end":{"line":69,"column":2}},"type":"if","locations":[{"start":{"line":57,"column":1},"end":{"line":69,"column":2}},{"start":{},"end":{}}],"line":57},"3":{"loc":{"start":{"line":91,"column":1},"end":{"line":103,"column":2}},"type":"if","locations":[{"start":{"line":91,"column":1},"end":{"line":103,"column":2}},{"start":{"line":95,"column":8},"end":{"line":103,"column":2}}],"line":91},"4":{"loc":{"start":{"line":95,"column":8},"end":{"line":103,"column":2}},"type":"if","locations":[{"start":{"line":95,"column":8},"end":{"line":103,"column":2}},{"start":{"line":99,"column":8},"end":{"line":103,"column":2}}],"line":95}},"s":{"0":88,"1":3,"2":85,"3":85,"4":0,"5":85,"6":85,"7":607,"8":82941,"9":607,"10":85,"11":85,"12":34,"13":34,"14":34,"15":51,"16":0,"17":0,"18":0,"19":51,"20":51,"21":51,"22":85},"f":{"0":88,"1":82941},"b":{"0":[3,85],"1":[88,85],"2":[0,85],"3":[34,51],"4":[0,51]},"_coverageSchema":"1a1c01bbd47fc00a2c39e90264f33305004495a9","hash":"ae60182b56f9ff3e9074a529b187756cdd9715cd"}
,"D:\\meowseo\\src\\analysis\\analyzers\\readability\\subheading-distribution.js": {"path":"D:\\meowseo\\src\\analysis\\analyzers\\readability\\subheading-distribution.js","statementMap":{"0":{"start":{"line":39,"column":1},"end":{"line":51,"column":2}},"1":{"start":{"line":40,"column":2},"end":{"line":50,"column":4}},"2":{"start":{"line":54,"column":16},"end":{"line":54,"column":36}},"3":{"start":{"line":55,"column":18},"end":{"line":55,"column":33}},"4":{"start":{"line":56,"column":18},"end":{"line":56,"column":29}},"5":{"start":{"line":59,"column":1},"end":{"line":71,"column":2}},"6":{"start":{"line":60,"column":2},"end":{"line":70,"column":4}},"7":{"start":{"line":74,"column":18},"end":{"line":74,"column":20}},"8":{"start":{"line":76,"column":1},"end":{"line":90,"column":2}},"9":{"start":{"line":76,"column":15},"end":{"line":76,"column":16}},"10":{"start":{"line":77,"column":25},"end":{"line":77,"column":38}},"11":{"start":{"line":78,"column":22},"end":{"line":78,"column":39}},"12":{"start":{"line":81,"column":19},"end":{"line":81,"column":71}},"13":{"start":{"line":82,"column":17},"end":{"line":82,"column":37}},"14":{"start":{"line":83,"column":22},"end":{"line":83,"column":60}},"15":{"start":{"line":86,"column":16},"end":{"line":88,"column":35}},"16":{"start":{"line":88,"column":21},"end":{"line":88,"column":33}},"17":{"start":{"line":89,"column":2},"end":{"line":89,"column":32}},"18":{"start":{"line":93,"column":24},"end":{"line":95,"column":2}},"19":{"start":{"line":94,"column":31},"end":{"line":94,"column":36}},"20":{"start":{"line":102,"column":1},"end":{"line":114,"column":2}},"21":{"start":{"line":103,"column":2},"end":{"line":103,"column":14}},"22":{"start":{"line":104,"column":2},"end":{"line":104,"column":16}},"23":{"start":{"line":105,"column":2},"end":{"line":105,"column":93}},"24":{"start":{"line":106,"column":8},"end":{"line":114,"column":2}},"25":{"start":{"line":107,"column":2},"end":{"line":107,"column":13}},"26":{"start":{"line":108,"column":2},"end":{"line":108,"column":14}},"27":{"start":{"line":109,"column":2},"end":{"line":109,"column":96}},"28":{"start":{"line":111,"column":2},"end":{"line":111,"column":12}},"29":{"start":{"line":112,"column":2},"end":{"line":112,"column":19}},"30":{"start":{"line":113,"column":2},"end":{"line":113,"column":116}},"31":{"start":{"line":116,"column":1},"end":{"line":126,"column":3}}},"fnMap":{"0":{"name":"analyzeSubheadingDistribution","decl":{"start":{"line":37,"column":16},"end":{"line":37,"column":45}},"loc":{"start":{"line":37,"column":57},"end":{"line":127,"column":1}},"line":37},"1":{"name":"(anonymous_1)","decl":{"start":{"line":88,"column":12},"end":{"line":88,"column":13}},"loc":{"start":{"line":88,"column":21},"end":{"line":88,"column":33}},"line":88},"2":{"name":"(anonymous_2)","decl":{"start":{"line":94,"column":19},"end":{"line":94,"column":20}},"loc":{"start":{"line":94,"column":31},"end":{"line":94,"column":36}},"line":94}},"branchMap":{"0":{"loc":{"start":{"line":39,"column":1},"end":{"line":51,"column":2}},"type":"if","locations":[{"start":{"line":39,"column":1},"end":{"line":51,"column":2}},{"start":{},"end":{}}],"line":39},"1":{"loc":{"start":{"line":39,"column":6},"end":{"line":39,"column":46}},"type":"binary-expr","locations":[{"start":{"line":39,"column":6},"end":{"line":39,"column":15}},{"start":{"line":39,"column":19},"end":{"line":39,"column":46}}],"line":39},"2":{"loc":{"start":{"line":59,"column":1},"end":{"line":71,"column":2}},"type":"if","locations":[{"start":{"line":59,"column":1},"end":{"line":71,"column":2}},{"start":{},"end":{}}],"line":59},"3":{"loc":{"start":{"line":102,"column":1},"end":{"line":114,"column":2}},"type":"if","locations":[{"start":{"line":102,"column":1},"end":{"line":114,"column":2}},{"start":{"line":106,"column":8},"end":{"line":114,"column":2}}],"line":102},"4":{"loc":{"start":{"line":106,"column":8},"end":{"line":114,"column":2}},"type":"if","locations":[{"start":{"line":106,"column":8},"end":{"line":114,"column":2}},{"start":{"line":110,"column":8},"end":{"line":114,"column":2}}],"line":106}},"s":{"0":99,"1":5,"2":94,"3":94,"4":94,"5":94,"6":76,"7":18,"8":18,"9":18,"10":74,"11":74,"12":74,"13":74,"14":74,"15":74,"16":5364,"17":74,"18":18,"19":74,"20":18,"21":16,"22":16,"23":16,"24":2,"25":1,"26":1,"27":1,"28":1,"29":1,"30":1,"31":18},"f":{"0":99,"1":5364,"2":74},"b":{"0":[5,94],"1":[99,94],"2":[76,18],"3":[16,2],"4":[1,1]},"_coverageSchema":"1a1c01bbd47fc00a2c39e90264f33305004495a9","hash":"f531ae3d2e27b6b899083da35905d4e70231e55e"}
,"D:\\meowseo\\src\\analysis\\analyzers\\readability\\transition-words.js": {"path":"D:\\meowseo\\src\\analysis\\analyzers\\readability\\transition-words.js","statementMap":{"0":{"start":{"line":21,"column":25},"end":{"line":102,"column":1}},"1":{"start":{"line":127,"column":1},"end":{"line":140,"column":2}},"2":{"start":{"line":128,"column":2},"end":{"line":139,"column":4}},"3":{"start":{"line":143,"column":19},"end":{"line":143,"column":44}},"4":{"start":{"line":146,"column":1},"end":{"line":159,"column":2}},"5":{"start":{"line":147,"column":2},"end":{"line":158,"column":4}},"6":{"start":{"line":162,"column":32},"end":{"line":162,"column":33}},"7":{"start":{"line":164,"column":1},"end":{"line":168,"column":2}},"8":{"start":{"line":165,"column":2},"end":{"line":167,"column":3}},"9":{"start":{"line":166,"column":3},"end":{"line":166,"column":30}},"10":{"start":{"line":171,"column":30},"end":{"line":173,"column":2}},"11":{"start":{"line":180,"column":1},"end":{"line":192,"column":2}},"12":{"start":{"line":181,"column":2},"end":{"line":181,"column":14}},"13":{"start":{"line":182,"column":2},"end":{"line":182,"column":16}},"14":{"start":{"line":183,"column":2},"end":{"line":183,"column":93}},"15":{"start":{"line":184,"column":8},"end":{"line":192,"column":2}},"16":{"start":{"line":185,"column":2},"end":{"line":185,"column":13}},"17":{"start":{"line":186,"column":2},"end":{"line":186,"column":14}},"18":{"start":{"line":187,"column":2},"end":{"line":187,"column":94}},"19":{"start":{"line":189,"column":2},"end":{"line":189,"column":12}},"20":{"start":{"line":190,"column":2},"end":{"line":190,"column":19}},"21":{"start":{"line":191,"column":2},"end":{"line":191,"column":111}},"22":{"start":{"line":194,"column":1},"end":{"line":205,"column":3}},"23":{"start":{"line":215,"column":1},"end":{"line":217,"column":2}},"24":{"start":{"line":216,"column":2},"end":{"line":216,"column":15}},"25":{"start":{"line":220,"column":23},"end":{"line":220,"column":45}},"26":{"start":{"line":223,"column":1},"end":{"line":230,"column":2}},"27":{"start":{"line":226,"column":18},"end":{"line":226,"column":54}},"28":{"start":{"line":227,"column":2},"end":{"line":229,"column":3}},"29":{"start":{"line":228,"column":3},"end":{"line":228,"column":15}},"30":{"start":{"line":232,"column":1},"end":{"line":232,"column":14}}},"fnMap":{"0":{"name":"analyzeTransitionWords","decl":{"start":{"line":125,"column":16},"end":{"line":125,"column":38}},"loc":{"start":{"line":125,"column":50},"end":{"line":206,"column":1}},"line":125},"1":{"name":"hasTransitionWord","decl":{"start":{"line":214,"column":9},"end":{"line":214,"column":26}},"loc":{"start":{"line":214,"column":39},"end":{"line":233,"column":1}},"line":214}},"branchMap":{"0":{"loc":{"start":{"line":127,"column":1},"end":{"line":140,"column":2}},"type":"if","locations":[{"start":{"line":127,"column":1},"end":{"line":140,"column":2}},{"start":{},"end":{}}],"line":127},"1":{"loc":{"start":{"line":127,"column":6},"end":{"line":127,"column":46}},"type":"binary-expr","locations":[{"start":{"line":127,"column":6},"end":{"line":127,"column":15}},{"start":{"line":127,"column":19},"end":{"line":127,"column":46}}],"line":127},"2":{"loc":{"start":{"line":146,"column":1},"end":{"line":159,"column":2}},"type":"if","locations":[{"start":{"line":146,"column":1},"end":{"line":159,"column":2}},{"start":{},"end":{}}],"line":146},"3":{"loc":{"start":{"line":165,"column":2},"end":{"line":167,"column":3}},"type":"if","locations":[{"start":{"line":165,"column":2},"end":{"line":167,"column":3}},{"start":{},"end":{}}],"line":165},"4":{"loc":{"start":{"line":180,"column":1},"end":{"line":192,"column":2}},"type":"if","locations":[{"start":{"line":180,"column":1},"end":{"line":192,"column":2}},{"start":{"line":184,"column":8},"end":{"line":192,"column":2}}],"line":180},"5":{"loc":{"start":{"line":184,"column":8},"end":{"line":192,"column":2}},"type":"if","locations":[{"start":{"line":184,"column":8},"end":{"line":192,"column":2}},{"start":{"line":188,"column":8},"end":{"line":192,"column":2}}],"line":184},"6":{"loc":{"start":{"line":215,"column":1},"end":{"line":217,"column":2}},"type":"if","locations":[{"start":{"line":215,"column":1},"end":{"line":217,"column":2}},{"start":{},"end":{}}],"line":215},"7":{"loc":{"start":{"line":215,"column":6},"end":{"line":215,"column":48}},"type":"binary-expr","locations":[{"start":{"line":215,"column":6},"end":{"line":215,"column":16}},{"start":{"line":215,"column":20},"end":{"line":215,"column":48}}],"line":215},"8":{"loc":{"start":{"line":227,"column":2},"end":{"line":229,"column":3}},"type":"if","locations":[{"start":{"line":227,"column":2},"end":{"line":229,"column":3}},{"start":{},"end":{}}],"line":227}},"s":{"0":6,"1":100,"2":5,"3":95,"4":95,"5":1,"6":94,"7":94,"8":632,"9":348,"10":94,"11":94,"12":20,"13":20,"14":20,"15":74,"16":0,"17":0,"18":0,"19":74,"20":74,"21":74,"22":94,"23":632,"24":0,"25":632,"26":632,"27":22006,"28":22006,"29":348,"30":284},"f":{"0":100,"1":632},"b":{"0":[5,95],"1":[100,95],"2":[1,94],"3":[348,284],"4":[20,74],"5":[0,74],"6":[0,632],"7":[632,632],"8":[348,21658]},"_coverageSchema":"1a1c01bbd47fc00a2c39e90264f33305004495a9","hash":"e091f6f57ea066ad20ce16de001f9ecf865c9406"}
,"D:\\meowseo\\src\\analysis\\analyzers\\seo\\content-length.js": {"path":"D:\\meowseo\\src\\analysis\\analyzers\\seo\\content-length.js","statementMap":{"0":{"start":{"line":24,"column":1},"end":{"line":35,"column":2}},"1":{"start":{"line":25,"column":2},"end":{"line":34,"column":4}},"2":{"start":{"line":38,"column":16},"end":{"line":38,"column":36}},"3":{"start":{"line":39,"column":14},"end":{"line":39,"column":25}},"4":{"start":{"line":42,"column":15},"end":{"line":42,"column":66}},"5":{"start":{"line":42,"column":52},"end":{"line":42,"column":64}},"6":{"start":{"line":43,"column":19},"end":{"line":43,"column":31}},"7":{"start":{"line":51,"column":1},"end":{"line":78,"column":2}},"8":{"start":{"line":52,"column":2},"end":{"line":52,"column":19}},"9":{"start":{"line":53,"column":2},"end":{"line":53,"column":39}},"10":{"start":{"line":54,"column":2},"end":{"line":54,"column":12}},"11":{"start":{"line":55,"column":8},"end":{"line":78,"column":2}},"12":{"start":{"line":56,"column":2},"end":{"line":56,"column":16}},"13":{"start":{"line":57,"column":2},"end":{"line":57,"column":80}},"14":{"start":{"line":58,"column":2},"end":{"line":58,"column":14}},"15":{"start":{"line":59,"column":8},"end":{"line":78,"column":2}},"16":{"start":{"line":63,"column":2},"end":{"line":63,"column":14}},"17":{"start":{"line":64,"column":2},"end":{"line":68,"column":3}},"18":{"start":{"line":65,"column":3},"end":{"line":65,"column":107}},"19":{"start":{"line":67,"column":3},"end":{"line":67,"column":117}},"20":{"start":{"line":69,"column":2},"end":{"line":69,"column":13}},"21":{"start":{"line":71,"column":2},"end":{"line":71,"column":19}},"22":{"start":{"line":72,"column":2},"end":{"line":76,"column":3}},"23":{"start":{"line":73,"column":3},"end":{"line":73,"column":93}},"24":{"start":{"line":75,"column":3},"end":{"line":75,"column":117}},"25":{"start":{"line":77,"column":2},"end":{"line":77,"column":12}},"26":{"start":{"line":80,"column":1},"end":{"line":89,"column":3}}},"fnMap":{"0":{"name":"analyzeContentLength","decl":{"start":{"line":22,"column":16},"end":{"line":22,"column":36}},"loc":{"start":{"line":22,"column":48},"end":{"line":90,"column":1}},"line":22},"1":{"name":"(anonymous_1)","decl":{"start":{"line":42,"column":43},"end":{"line":42,"column":44}},"loc":{"start":{"line":42,"column":52},"end":{"line":42,"column":64}},"line":42}},"branchMap":{"0":{"loc":{"start":{"line":24,"column":1},"end":{"line":35,"column":2}},"type":"if","locations":[{"start":{"line":24,"column":1},"end":{"line":35,"column":2}},{"start":{},"end":{}}],"line":24},"1":{"loc":{"start":{"line":24,"column":6},"end":{"line":24,"column":40}},"type":"binary-expr","locations":[{"start":{"line":24,"column":6},"end":{"line":24,"column":15}},{"start":{"line":24,"column":19},"end":{"line":24,"column":40}}],"line":24},"2":{"loc":{"start":{"line":51,"column":1},"end":{"line":78,"column":2}},"type":"if","locations":[{"start":{"line":51,"column":1},"end":{"line":78,"column":2}},{"start":{"line":55,"column":8},"end":{"line":78,"column":2}}],"line":51},"3":{"loc":{"start":{"line":55,"column":8},"end":{"line":78,"column":2}},"type":"if","locations":[{"start":{"line":55,"column":8},"end":{"line":78,"column":2}},{"start":{"line":59,"column":8},"end":{"line":78,"column":2}}],"line":55},"4":{"loc":{"start":{"line":55,"column":13},"end":{"line":55,"column":50}},"type":"binary-expr","locations":[{"start":{"line":55,"column":13},"end":{"line":55,"column":29}},{"start":{"line":55,"column":33},"end":{"line":55,"column":50}}],"line":55},"5":{"loc":{"start":{"line":59,"column":8},"end":{"line":78,"column":2}},"type":"if","locations":[{"start":{"line":59,"column":8},"end":{"line":78,"column":2}},{"start":{"line":70,"column":8},"end":{"line":78,"column":2}}],"line":59},"6":{"loc":{"start":{"line":60,"column":2},"end":{"line":61,"column":43}},"type":"binary-expr","locations":[{"start":{"line":60,"column":4},"end":{"line":60,"column":20}},{"start":{"line":60,"column":24},"end":{"line":60,"column":39}},{"start":{"line":61,"column":4},"end":{"line":61,"column":20}},{"start":{"line":61,"column":24},"end":{"line":61,"column":41}}],"line":60},"7":{"loc":{"start":{"line":64,"column":2},"end":{"line":68,"column":3}},"type":"if","locations":[{"start":{"line":64,"column":2},"end":{"line":68,"column":3}},{"start":{"line":66,"column":9},"end":{"line":68,"column":3}}],"line":64},"8":{"loc":{"start":{"line":72,"column":2},"end":{"line":76,"column":3}},"type":"if","locations":[{"start":{"line":72,"column":2},"end":{"line":76,"column":3}},{"start":{"line":74,"column":9},"end":{"line":76,"column":3}}],"line":72}},"s":{"0":88,"1":3,"2":85,"3":85,"4":85,"5":82805,"6":85,"7":85,"8":0,"9":0,"10":0,"11":85,"12":54,"13":54,"14":54,"15":31,"16":6,"17":6,"18":3,"19":3,"20":6,"21":25,"22":25,"23":23,"24":2,"25":25,"26":85},"f":{"0":88,"1":82805},"b":{"0":[3,85],"1":[88,85],"2":[0,85],"3":[54,31],"4":[85,59],"5":[6,25],"6":[31,8,28,5],"7":[3,3],"8":[23,2]},"_coverageSchema":"1a1c01bbd47fc00a2c39e90264f33305004495a9","hash":"c40b4ca7eaaab7b13b77fb363b8fa3ed60b67f0b"}
,"D:\\meowseo\\src\\analysis\\analyzers\\seo\\direct-answer-presence.js": {"path":"D:\\meowseo\\src\\analysis\\analyzers\\seo\\direct-answer-presence.js","statementMap":{"0":{"start":{"line":22,"column":1},"end":{"line":34,"column":2}},"1":{"start":{"line":23,"column":2},"end":{"line":33,"column":4}},"2":{"start":{"line":36,"column":24},"end":{"line":36,"column":50}},"3":{"start":{"line":44,"column":1},"end":{"line":61,"column":2}},"4":{"start":{"line":45,"column":2},"end":{"line":45,"column":16}},"5":{"start":{"line":46,"column":2},"end":{"line":46,"column":89}},"6":{"start":{"line":47,"column":2},"end":{"line":47,"column":14}},"7":{"start":{"line":48,"column":8},"end":{"line":61,"column":2}},"8":{"start":{"line":49,"column":2},"end":{"line":49,"column":14}},"9":{"start":{"line":50,"column":2},"end":{"line":54,"column":3}},"10":{"start":{"line":51,"column":3},"end":{"line":51,"column":104}},"11":{"start":{"line":53,"column":3},"end":{"line":53,"column":105}},"12":{"start":{"line":55,"column":2},"end":{"line":55,"column":13}},"13":{"start":{"line":57,"column":2},"end":{"line":57,"column":19}},"14":{"start":{"line":58,"column":2},"end":{"line":59,"column":70}},"15":{"start":{"line":60,"column":2},"end":{"line":60,"column":12}},"16":{"start":{"line":63,"column":1},"end":{"line":72,"column":3}}},"fnMap":{"0":{"name":"analyzeDirectAnswer","decl":{"start":{"line":20,"column":16},"end":{"line":20,"column":35}},"loc":{"start":{"line":20,"column":52},"end":{"line":73,"column":1}},"line":20}},"branchMap":{"0":{"loc":{"start":{"line":22,"column":1},"end":{"line":34,"column":2}},"type":"if","locations":[{"start":{"line":22,"column":1},"end":{"line":34,"column":2}},{"start":{},"end":{}}],"line":22},"1":{"loc":{"start":{"line":22,"column":6},"end":{"line":22,"column":50}},"type":"binary-expr","locations":[{"start":{"line":22,"column":6},"end":{"line":22,"column":20}},{"start":{"line":22,"column":24},"end":{"line":22,"column":50}}],"line":22},"2":{"loc":{"start":{"line":44,"column":1},"end":{"line":61,"column":2}},"type":"if","locations":[{"start":{"line":44,"column":1},"end":{"line":61,"column":2}},{"start":{"line":48,"column":8},"end":{"line":61,"column":2}}],"line":44},"3":{"loc":{"start":{"line":44,"column":6},"end":{"line":44,"column":52}},"type":"binary-expr","locations":[{"start":{"line":44,"column":6},"end":{"line":44,"column":27}},{"start":{"line":44,"column":31},"end":{"line":44,"column":52}}],"line":44},"4":{"loc":{"start":{"line":48,"column":8},"end":{"line":61,"column":2}},"type":"if","locations":[{"start":{"line":48,"column":8},"end":{"line":61,"column":2}},{"start":{"line":56,"column":8},"end":{"line":61,"column":2}}],"line":48},"5":{"loc":{"start":{"line":50,"column":2},"end":{"line":54,"column":3}},"type":"if","locations":[{"start":{"line":50,"column":2},"end":{"line":54,"column":3}},{"start":{"line":52,"column":9},"end":{"line":54,"column":3}}],"line":50}},"s":{"0":88,"1":9,"2":79,"3":79,"4":0,"5":0,"6":0,"7":79,"8":79,"9":79,"10":79,"11":0,"12":79,"13":0,"14":0,"15":0,"16":79},"f":{"0":88},"b":{"0":[9,79],"1":[88,79],"2":[0,79],"3":[79,0],"4":[79,0],"5":[79,0]},"_coverageSchema":"1a1c01bbd47fc00a2c39e90264f33305004495a9","hash":"6cafc6b604d2fe304aef23a08ed14b43a72ec29f"}
,"D:\\meowseo\\src\\analysis\\analyzers\\seo\\image-alt-analysis.js": {"path":"D:\\meowseo\\src\\analysis\\analyzers\\seo\\image-alt-analysis.js","statementMap":{"0":{"start":{"line":24,"column":1},"end":{"line":37,"column":2}},"1":{"start":{"line":25,"column":2},"end":{"line":36,"column":4}},"2":{"start":{"line":40,"column":16},"end":{"line":40,"column":36}},"3":{"start":{"line":41,"column":16},"end":{"line":41,"column":29}},"4":{"start":{"line":43,"column":21},"end":{"line":43,"column":34}},"5":{"start":{"line":46,"column":1},"end":{"line":59,"column":2}},"6":{"start":{"line":47,"column":2},"end":{"line":58,"column":4}},"7":{"start":{"line":62,"column":17},"end":{"line":62,"column":62}},"8":{"start":{"line":62,"column":43},"end":{"line":62,"column":53}},"9":{"start":{"line":65,"column":27},"end":{"line":65,"column":70}},"10":{"start":{"line":66,"column":21},"end":{"line":70,"column":11}},"11":{"start":{"line":67,"column":2},"end":{"line":67,"column":35}},"12":{"start":{"line":67,"column":22},"end":{"line":67,"column":35}},"13":{"start":{"line":68,"column":2},"end":{"line":68,"column":42}},"14":{"start":{"line":68,"column":29},"end":{"line":68,"column":42}},"15":{"start":{"line":69,"column":2},"end":{"line":69,"column":61}},"16":{"start":{"line":73,"column":21},"end":{"line":73,"column":52}},"17":{"start":{"line":75,"column":2},"end":{"line":77,"column":6}},"18":{"start":{"line":85,"column":1},"end":{"line":101,"column":2}},"19":{"start":{"line":86,"column":2},"end":{"line":86,"column":16}},"20":{"start":{"line":87,"column":2},"end":{"line":87,"column":100}},"21":{"start":{"line":88,"column":2},"end":{"line":88,"column":14}},"22":{"start":{"line":89,"column":8},"end":{"line":101,"column":2}},"23":{"start":{"line":90,"column":2},"end":{"line":90,"column":16}},"24":{"start":{"line":91,"column":2},"end":{"line":91,"column":72}},"25":{"start":{"line":92,"column":2},"end":{"line":92,"column":14}},"26":{"start":{"line":93,"column":8},"end":{"line":101,"column":2}},"27":{"start":{"line":94,"column":2},"end":{"line":94,"column":14}},"28":{"start":{"line":95,"column":2},"end":{"line":95,"column":84}},"29":{"start":{"line":96,"column":2},"end":{"line":96,"column":13}},"30":{"start":{"line":98,"column":2},"end":{"line":98,"column":19}},"31":{"start":{"line":99,"column":2},"end":{"line":99,"column":78}},"32":{"start":{"line":100,"column":2},"end":{"line":100,"column":12}},"33":{"start":{"line":104,"column":1},"end":{"line":106,"column":2}},"34":{"start":{"line":105,"column":2},"end":{"line":105,"column":82}},"35":{"start":{"line":108,"column":1},"end":{"line":119,"column":3}}},"fnMap":{"0":{"name":"analyzeImageAlt","decl":{"start":{"line":22,"column":16},"end":{"line":22,"column":31}},"loc":{"start":{"line":22,"column":52},"end":{"line":120,"column":1}},"line":22},"1":{"name":"(anonymous_1)","decl":{"start":{"line":62,"column":32},"end":{"line":62,"column":33}},"loc":{"start":{"line":62,"column":43},"end":{"line":62,"column":53}},"line":62},"2":{"name":"(anonymous_2)","decl":{"start":{"line":66,"column":36},"end":{"line":66,"column":37}},"loc":{"start":{"line":66,"column":47},"end":{"line":70,"column":2}},"line":66}},"branchMap":{"0":{"loc":{"start":{"line":24,"column":1},"end":{"line":37,"column":2}},"type":"if","locations":[{"start":{"line":24,"column":1},"end":{"line":37,"column":2}},{"start":{},"end":{}}],"line":24},"1":{"loc":{"start":{"line":24,"column":6},"end":{"line":24,"column":40}},"type":"binary-expr","locations":[{"start":{"line":24,"column":6},"end":{"line":24,"column":15}},{"sta
[...]
,"D:\\meowseo\\src\\gutenberg\\store\\selectors.ts": {"path":"D:\\meowseo\\src\\gutenberg\\store\\selectors.ts","statementMap":{"0":{"start":{"line":16,"column":27},"end":{"line":18,"column":1}},"1":{"start":{"line":17,"column":1},"end":{"line":17,"column":23}},"2":{"start":{"line":20,"column":35},"end":{"line":22,"column":1}},"3":{"start":{"line":21,"column":1},"end":{"line":21,"column":31}},"4":{"start":{"line":24,"column":28},"end":{"line":26,"column":1}},"5":{"start":{"line":25,"column":1},"end":{"line":25,"column":24}},"6":{"start":{"line":28,"column":30},"end":{"line":30,"column":1}},"7":{"start":{"line":29,"column":1},"end":{"line":29,"column":26}},"8":{"start":{"line":34,"column":34},"end":{"line":36,"column":1}},"9":{"start":{"line":35,"column":1},"end":{"line":35,"column":30}},"10":{"start":{"line":42,"column":37},"end":{"line":46,"column":1}},"11":{"start":{"line":45,"column":1},"end":{"line":45,"column":33}},"12":{"start":{"line":48,"column":34},"end":{"line":50,"column":1}},"13":{"start":{"line":49,"column":1},"end":{"line":49,"column":30}},"14":{"start":{"line":56,"column":28},"end":{"line":58,"column":1}},"15":{"start":{"line":57,"column":1},"end":{"line":57,"column":24}},"16":{"start":{"line":64,"column":32},"end":{"line":66,"column":1}},"17":{"start":{"line":65,"column":1},"end":{"line":65,"column":28}},"18":{"start":{"line":72,"column":33},"end":{"line":74,"column":1}},"19":{"start":{"line":73,"column":1},"end":{"line":73,"column":29}},"20":{"start":{"line":80,"column":30},"end":{"line":82,"column":1}},"21":{"start":{"line":81,"column":1},"end":{"line":81,"column":26}},"22":{"start":{"line":88,"column":33},"end":{"line":90,"column":1}},"23":{"start":{"line":89,"column":1},"end":{"line":89,"column":29}},"24":{"start":{"line":96,"column":36},"end":{"line":98,"column":1}},"25":{"start":{"line":97,"column":1},"end":{"line":97,"column":32}},"26":{"start":{"line":105,"column":11},"end":{"line":105,"column":15}},"27":{"start":{"line":106,"column":51},"end":{"line":106,"column":55}},"28":{"start":{"line":108,"column":40},"end":{"line":121,"column":1}},"29":{"start":{"line":110,"column":1},"end":{"line":119,"column":2}},"30":{"start":{"line":111,"column":2},"end":{"line":111,"column":46}},"31":{"start":{"line":112,"column":2},"end":{"line":118,"column":4}},"32":{"start":{"line":113,"column":48},"end":{"line":113,"column":65}},"33":{"start":{"line":114,"column":46},"end":{"line":114,"column":61}},"34":{"start":{"line":116,"column":13},"end":{"line":116,"column":33}},"35":{"start":{"line":120,"column":1},"end":{"line":120,"column":37}},"36":{"start":{"line":124,"column":41},"end":{"line":124,"column":45}},"37":{"start":{"line":125,"column":34},"end":{"line":125,"column":38}},"38":{"start":{"line":127,"column":32},"end":{"line":140,"column":1}},"39":{"start":{"line":129,"column":1},"end":{"line":138,"column":2}},"40":{"start":{"line":130,"column":2},"end":{"line":130,"column":32}},"41":{"start":{"line":131,"column":2},"end":{"line":137,"column":3}},"42":{"start":{"line":132,"column":3},"end":{"line":132,"column":31}},"43":{"start":{"line":133,"column":9},"end":{"line":137,"column":3}},"44":{"start":{"line":134,"column":3},"end":{"line":134,"column":34}},"45":{"start":{"line":136,"column":3},"end":{"line":136,"column":33}},"46":{"start":{"line":139,"column":1},"end":{"line":139,"column":29}},"47":{"start":{"line":142,"column":49},"end":{"line":142,"column":53}},"48":{"start":{"line":143,"column":42},"end":{"line":143,"column":46}},"49":{"start":{"line":145,"column":40},"end":{"line":158,"column":1}},"50":{"start":{"line":147,"column":1},"end":{"line":156,"column":2}},"51":{"start":{"line":148,"column":2},"end":{"line":148,"column":48}},"52":{"start":{"line":149,"column":2},"end":{"line":155,"column":3}},"53":{"start":{"line":150,"column":3},"end":{"line":150,"column":39}},"54":{"start":{"line":151,"column":9},"end":{"line":155,"column":3}},"55":{"start":{"line":152,"column":3},"end":{"line":152,"column":42}},"56":{"start":{"line":154,"column":3},"end":{"line":154,"column":41}},"57":{"start":{"line":157,"column":1},"end":{"line":157,"column":37}}},"fnMap":{"0":{"name":"(anonymous_0)","decl":{"start":{"line":16,"column":27},"end":{"line":16,"column":28}},"loc":{"start":{"line":16,"column":62},"end":{"line":18,"column":1}},"line":16},"1":{"name":"(anonymous_1)","decl":{"start":{"line":20,"column":35},"end":{"line":20,"column":36}},"loc":{"start":{"line":20,"column":70},"end":{"line":22,"column":1}},"line":20},"2":{"name":"(anonymous_2)","decl":{"start":{"line":24,"column":28},"end":{"line":24,"column":29}},"loc":{"start":{"line":24,"column":64},"end":{"line":26,"column":1}},"line":24},"3":{"name":"(anonymous_3)","decl":{"start":{"line":28,"column":30},"end":{"line":28,"column":31}},"loc":{"start":{"line":28,"column":66},"end":{"line":30,"column":1}},"line":28},"4":{"name":"(anonymous_4)","decl":{"start":{"line":34,"column":34},"end":{"line":34,"column":35}},"loc":{"start":{"line":34,"column":79},"end":{"line":36,"column":1}},"line":34},"5":{"name":"(anonymous_5)","decl":{"start":{"line":42,"column":37},"end":{"line":42,"column":38}},"loc":{"start":{"line":44,"column":23},"end":{"line":46,"column":1}},"line":44},"6":{"name":"(anonymous_6)","decl":{"start":{"line":48,"column":34},"end":{"line":48,"column":35}},"loc":{"start":{"line":48,"column":78},"end":{"line":50,"column":1}},"line":48},"7":{"name":"(anonymous_7)","decl":{"start":{"line":56,"column":28},"end":{"line":56,"column":29}},"loc":{"start":{"line":56,"column":63},"end":{"line":58,"column":1}},"line":56},"8":{"name":"(anonymous_8)","decl":{"start":{"line":64,"column":32},"end":{"line":64,"column":33}},"loc":{"start":{"line":64,"column":67},"end":{"line":66,"column":1}},"line":64},"9":{"name":"(anonymous_9)","decl":{"start":{"line":72,"column":33},"end":{"line":72,"column":34}},"loc":{"start":{"line":72,"column":68},"end":{"line":74,"column":1}},"line":72},"10":{"name":"(anonymous_10)","decl":{"start":{"line":80,"column":30},"end":{"line":80,"column":31}},"loc":{"start":{"line":80,"column":65},"end":{"line":82,"column":1}},"line":80},"11":{"name":"(anonymous_11)","decl":{"start":{"line":88,"column":33},"end":{"line":88,"column":34}},"loc":{"start":{"line":88,"column":68},"end":{"line":90,"column":1}},"line":88},"12":{"name":"(anonymous_12)","decl":{"start":{"line":96,"column":36},"end":{"line":96,"column":37}},"loc":{"start":{"line":96,"column":78},"end":{"line":98,"column":1}},"line":96},"13":{"name":"(anonymous_13)","decl":{"start":{"line":108,"column":40},"end":{"line":108,"column":41}},"loc":{"start":{"line":108,"column":67},"end":{"line":121,"column":1}},"line":108},"14":{"name":"(anonymous_14)","decl":{"start":{"line":113,"column":39},"end":{"line":113,"column":40}},"loc":{"start":{"line":113,"column":48},"end":{"line":113,"column":65}},"line":113},"15":{"name":"(anonymous_15)","decl":{"start":{"line":114,"column":37},"end":{"line":114,"column":38}},"loc":{"start":{"line":114,"column":46},"end":{"line":114,"column":61}},"line":114},"16":{"name":"(anonymous_16)","decl":{"start":{"line":116,"column":4},"end":{"line":116,"column":5}},"loc":{"start":{"line":116,"column":13},"end":{"line":116,"column":33}},"line":116},"17":{"name":"(anonymous_17)","decl":{"start":{"line":127,"column":32},"end":{"line":127,"column":33}},"loc":{"start":{"line":127,"column":67},"end":{"line":140,"column":1}},"line":127},"18":{"name":"(anonymous_18)","decl":{"start":{"line":145,"column":40},"end":{"line":145,"column":41}},"loc":{"start":{"line":145,"column":75},"end":{"line":158,"column":1}},"line":145}},"branchMap":{"0":{"loc":{"start":{"line":110,"column":1},"end":{"line":119,"column":2}},"type":"if","locations":[{"start":{"line":110,"column":1},"end":{"line":119,"column":2}},{"start":{},"end":{}}],"line":110},"1":{"loc":{"start":{"line":129,"column":1},"end":{"line":138,"column":2}},"type":"if","locations":[{"start":{"line":129,"column":1},"end":{"line":138,"column":2}},{"start":{},"end":{}}],"line":129},"2":{"loc":{"start":{"line":131,"column":2},"end":{"line":137,"column":3}},"type":"if","locations":[{"start":{"line":131,"column":2},"end":{"line":137,"column":3}},{"start":{"line":133,"column":9},"end":{"line":137,"column":3}}],"line":131},"3":{"loc":{"start":{"line":133,"column":9},"end":{"line":137,"column":3}},"type":"if","locations":[{"start":{"line":133,"column":9},"end":{"line":137,"column":3}},{"start":{"line":135,"column":9},"end":{"line":137,"column":3}}],"line":133},"4":{"loc":{"start":{"line":147,"column":1},"end":{"line":156,"column":2}},"type":"if","locations":[{"start":{"line":147,"column":1},"end":{"line":156,"column":2}},{"start":{},"end":{}}],"line":147},"5":{"loc":{"start":{"line":149,"column":2},"end":{"line":155,"column":3}},"type":"if","locations":[{"start":{"line":149,"column":2},"end":{"line":155,"column":3}},{"start":{"line":151,"column":9},"end":{"line":155,"column":3}}],"line":149},"6":{"loc":{"start":{"line":151,"column":9},"end":{"line":155,"column":3}},"type":"if","locations":[{"start":{"line":151,"column":9},"end":{"line":155,"column":3}},{"start":{"line":153,"column":9},"end":{"line":155,"column":3}}],"line":151}},"s":{"0":7,"1":2,"2":7,"3":2,"4":7,"5":6,"6":7,"7":8,"8":7,"9":2,"10":7,"11":6,"12":7,"13":2,"14":7,"15":6,"16":7,"17":6,"18":7,"19":6,"20":7,"21":6,"22":7,"23":0,"24":7,"25":0,"26":7,"27":7,"28":7,"29":0,"30":0,"31":0,"32":0,"33":0,"34":0,"35":0,"36":7,"37":7,"38":7,"39":0,"40":0,"41":0,"42":0,"43":0,"44":0,"45":0,"46":0,"47":7,"48":7,"49":7,"50":0,"51":0,"52":0,"53":0,"54":0,"55":0,"56":0,"57":0},"f":{"0":2,"1":2,"2":6,"3":8,"4":2,"5":6,"6":2,"7":6,"8":6,"9":6,"10":6,"11":0,"12":0,"13":0,"14":0,"15":0,"16":0,"17":0,"18":0},"b":{"0":[0,0],"1":[0,0],"2":[0,0],"3":[0,0],"4":[0,0],"5":[0,0],"6":[0,0]},"_coverageSchema":"1a1c01bbd47fc00a2c39e90264f33305004495a9","hash":"76e11b7bcb46537ba77136ccf981971d6424f868"}
,"D:\\meowseo\\src\\gutenberg\\store\\types.ts": {"path":"D:\\meowseo\\src\\gutenberg\\store\\types.ts","statementMap":{},"fnMap":{},"branchMap":{},"s":{},"f":{},"b":{},"_coverageSchema":"1a1c01bbd47fc00a2c39e90264f33305004495a9","hash":"993f086cd045086ddd26d072fda251461a512e7d"}
,"D:\\meowseo\\src\\gutenberg\\utils\\plugin-sidebar-compat.tsx": {"path":"D:\\meowseo\\src\\gutenberg\\utils\\plugin-sidebar-compat.tsx","statementMap":{"0":{"start":{"line":29,"column":0},"end":{"line":56,"column":1}},"1":{"start":{"line":31,"column":1},"end":{"line":42,"column":2}},"2":{"start":{"line":32,"column":23},"end":{"line":32,"column":53}},"3":{"start":{"line":33,"column":2},"end":{"line":33,"column":54}},"4":{"start":{"line":35,"column":2},"end":{"line":38,"column":4}},"5":{"start":{"line":40,"column":25},"end":{"line":40,"column":58}},"6":{"start":{"line":41,"column":2},"end":{"line":41,"column":56}},"7":{"start":{"line":45,"column":1},"end":{"line":55,"column":2}},"8":{"start":{"line":46,"column":25},"end":{"line":46,"column":58}},"9":{"start":{"line":47,"column":2},"end":{"line":47,"column":56}},"10":{"start":{"line":49,"column":2},"end":{"line":52,"column":4}},"11":{"start":{"line":54,"column":2},"end":{"line":54,"column":38}},"12":{"start":{"line":54,"column":33},"end":{"line":54,"column":37}},"13":{"start":{"line":68,"column":1},"end":{"line":68,"column":23}}},"fnMap":{"0":{"name":"(anonymous_0)","decl":{"start":{"line":54,"column":27},"end":{"line":54,"column":28}},"loc":{"start":{"line":54,"column":33},"end":{"line":54,"column":37}},"line":54}},"branchMap":{"0":{"loc":{"start":{"line":29,"column":0},"end":{"line":56,"column":1}},"type":"if","locations":[{"start":{"line":29,"column":0},"end":{"line":56,"column":1}},{"start":{"line":43,"column":7},"end":{"line":56,"column":1}}],"line":29}},"s":{"0":6,"1":3,"2":3,"3":2,"4":1,"5":1,"6":1,"7":3,"8":3,"9":2,"10":1,"11":1,"12":1,"13":6},"f":{"0":1},"b":{"0":[3,3]},"_coverageSchema":"1a1c01bbd47fc00a2c39e90264f33305004495a9","hash":"b02bdb73ef8e18c8b058771e5825bc3344159712"}
,"D:\\meowseo\\src\\gutenberg\\utils\\version-detection.ts": {"path":"D:\\meowseo\\src\\gutenberg\\utils\\version-detection.ts","statementMap":{"0":{"start":{"line":27,"column":1},"end":{"line":30,"column":2}},"1":{"start":{"line":28,"column":2},"end":{"line":28,"column":72}},"2":{"start":{"line":29,"column":2},"end":{"line":29,"column":15}},"3":{"start":{"line":33,"column":1},"end":{"line":49,"column":2}},"4":{"start":{"line":34,"column":21},"end":{"line":34,"column":62}},"5":{"start":{"line":35,"column":2},"end":{"line":46,"column":3}},"6":{"start":{"line":39,"column":20},"end":{"line":39,"column":50}},"7":{"start":{"line":43,"column":3},"end":{"line":45,"column":4}},"8":{"start":{"line":44,"column":4},"end":{"line":44,"column":16}},"9":{"start":{"line":48,"column":2},"end":{"line":48,"column":71}},"10":{"start":{"line":53,"column":1},"end":{"line":61,"column":2}},"11":{"start":{"line":55,"column":24},"end":{"line":55,"column":40}},"12":{"start":{"line":56,"column":2},"end":{"line":58,"column":3}},"13":{"start":{"line":57,"column":3},"end":{"line":57,"column":15}},"14":{"start":{"line":64,"column":1},"end":{"line":64,"column":14}},"15":{"start":{"line":72,"column":35},"end":{"line":72,"column":59}}},"fnMap":{"0":{"name":"detectWordPressVersion","decl":{"start":{"line":25,"column":16},"end":{"line":25,"column":38}},"loc":{"start":{"line":25,"column":50},"end":{"line":65,"column":1}},"line":25}},"branchMap":{"0":{"loc":{"start":{"line":27,"column":1},"end":{"line":30,"column":2}},"type":"if","locations":[{"start":{"line":27,"column":1},"end":{"line":30,"column":2}},{"start":{},"end":{}}],"line":27},"1":{"loc":{"start":{"line":27,"column":6},"end":{"line":27,"column":50}},"type":"binary-expr","locations":[{"start":{"line":27,"column":6},"end":{"line":27,"column":35}},{"start":{"line":27,"column":39},"end":{"line":27,"column":50}}],"line":27},"2":{"loc":{"start":{"line":35,"column":2},"end":{"line":46,"column":3}},"type":"if","locations":[{"start":{"line":35,"column":2},"end":{"line":46,"column":3}},{"start":{},"end":{}}],"line":35},"3":{"loc":{"start":{"line":36,"column":3},"end":{"line":37,"column":53}},"type":"binary-expr","locations":[{"start":{"line":36,"column":3},"end":{"line":36,"column":13}},{"start":{"line":37,"column":3},"end":{"line":37,"column":53}}],"line":36},"4":{"loc":{"start":{"line":43,"column":3},"end":{"line":45,"column":4}},"type":"if","locations":[{"start":{"line":43,"column":3},"end":{"line":45,"column":4}},{"start":{},"end":{}}],"line":43},"5":{"loc":{"start":{"line":43,"column":8},"end":{"line":43,"column":61}},"type":"binary-expr","locations":[{"start":{"line":43,"column":8},"end":{"line":43,"column":16}},{"start":{"line":43,"column":20},"end":{"line":43,"column":61}}],"line":43},"6":{"loc":{"start":{"line":56,"column":2},"end":{"line":58,"column":3}},"type":"if","locations":[{"start":{"line":56,"column":2},"end":{"line":58,"column":3}},{"start":{},"end":{}}],"line":56},"7":{"loc":{"start":{"line":56,"column":7},"end":{"line":56,"column":56}},"type":"binary-expr","locations":[{"start":{"line":56,"column":7},"end":{"line":56,"column":20}},{"start":{"line":56,"column":24},"end":{"line":56,"column":56}}],"line":56}},"s":{"0":10,"1":3,"2":3,"3":7,"4":7,"5":6,"6":3,"7":3,"8":2,"9":1,"10":5,"11":5,"12":5,"13":1,"14":4,"15":1},"f":{"0":10},"b":{"0":[3,7],"1":[10,9],"2":[3,3],"3":[6,4],"4":[2,1],"5":[3,2],"6":[1,4],"7":[5,2]},"_coverageSchema":"1a1c01bbd47fc00a2c39e90264f33305004495a9","hash":"fd1e63ca78a74777f1bf952ef82542aedb806711"}
,"D:\\meowseo\\src\\gutenberg\\workers\\analysis-worker.ts": {"path":"D:\\meowseo\\src\\gutenberg\\workers\\analysis-worker.ts","statementMap":{"0":{"start":{"line":39,"column":0},"end":{"line":81,"column":4}},"1":{"start":{"line":40,"column":1},"end":{"line":80,"column":2}},"2":{"start":{"line":41,"column":28},"end":{"line":41,"column":38}},"3":{"start":{"line":43,"column":2},"end":{"line":60,"column":3}},"4":{"start":{"line":45,"column":34},"end":{"line":53,"column":6}},"5":{"start":{"line":56,"column":3},"end":{"line":59,"column":7}},"6":{"start":{"line":63,"column":2},"end":{"line":63,"column":54}},"7":{"start":{"line":64,"column":2},"end":{"line":79,"column":6}}},"fnMap":{"0":{"name":"(anonymous_0)","decl":{"start":{"line":39,"column":34},"end":{"line":39,"column":35}},"loc":{"start":{"line":39,"column":61},"end":{"line":81,"column":1}},"line":39}},"branchMap":{"0":{"loc":{"start":{"line":43,"column":2},"end":{"line":60,"column":3}},"type":"if","locations":[{"start":{"line":43,"column":2},"end":{"line":60,"column":3}},{"start":{},"end":{}}],"line":43},"1":{"loc":{"start":{"line":46,"column":13},"end":{"line":46,"column":34}},"type":"binary-expr","locations":[{"start":{"line":46,"column":13},"end":{"line":46,"column":28}},{"start":{"line":46,"column":32},"end":{"line":46,"column":34}}],"line":46},"2":{"loc":{"start":{"line":47,"column":11},"end":{"line":47,"column":30}},"type":"binary-expr","locations":[{"start":{"line":47,"column":11},"end":{"line":47,"column":24}},{"start":{"line":47,"column":28},"end":{"line":47,"column":30}}],"line":47},"3":{"loc":{"start":{"line":48,"column":17},"end":{"line":48,"column":42}},"type":"binary-expr","locations":[{"start":{"line":48,"column":17},"end":{"line":48,"column":36}},{"start":{"line":48,"column":40},"end":{"line":48,"column":42}}],"line":48},"4":{"loc":{"start":{"line":49,"column":10},"end":{"line":49,"column":28}},"type":"binary-expr","locations":[{"start":{"line":49,"column":10},"end":{"line":49,"column":22}},{"start":{"line":49,"column":26},"end":{"line":49,"column":28}}],"line":49},"5":{"loc":{"start":{"line":50,"column":13},"end":{"line":50,"column":34}},"type":"binary-expr","locations":[{"start":{"line":50,"column":13},"end":{"line":50,"column":28}},{"start":{"line":50,"column":32},"end":{"line":50,"column":34}}],"line":50},"6":{"loc":{"start":{"line":51,"column":18},"end":{"line":51,"column":44}},"type":"binary-expr","locations":[{"start":{"line":51,"column":18},"end":{"line":51,"column":38}},{"start":{"line":51,"column":42},"end":{"line":51,"column":44}}],"line":51},"7":{"loc":{"start":{"line":52,"column":16},"end":{"line":52,"column":40}},"type":"binary-expr","locations":[{"start":{"line":52,"column":16},"end":{"line":52,"column":34}},{"start":{"line":52,"column":38},"end":{"line":52,"column":40}}],"line":52},"8":{"loc":{"start":{"line":77,"column":11},"end":{"line":77,"column":67}},"type":"cond-expr","locations":[{"start":{"line":77,"column":36},"end":{"line":77,"column":49}},{"start":{"line":77,"column":52},"end":{"line":77,"column":67}}],"line":77}},"s":{"0":2,"1":0,"2":0,"3":0,"4":0,"5":0,"6":0,"7":0},"f":{"0":0},"b":{"0":[0,0],"1":[0,0],"2":[0,0],"3":[0,0],"4":[0,0],"5":[0,0],"6":[0,0],"7":[0,0],"8":[0,0]},"_coverageSchema":"1a1c01bbd47fc00a2c39e90264f33305004495a9","hash":"a189e5b6ec39dcc84881b862cd9b67a5b72693e6"}
}
