TN:
SF:src\ai\components\AiGeneratorPanel.js
FN:49,AiGeneratorPanel
FN:63,(anonymous_1)
FN:76,(anonymous_2)
FN:172,(anonymous_3)
FN:246,(anonymous_4)
FN:279,(anonymous_5)
FN:290,(anonymous_6)
FN:346,(anonymous_7)
FN:369,(anonymous_8)
FN:382,(anonymous_9)
FN:415,(anonymous_10)
FNF:11
FNH:8
FNDA:99,AiGeneratorPanel
FNDA:0,(anonymous_1)
FNDA:29,(anonymous_2)
FNDA:4,(anonymous_3)
FNDA:1,(anonymous_4)
FNDA:0,(anonymous_5)
FNDA:0,(anonymous_6)
FNDA:26,(anonymous_7)
FNDA:1,(anonymous_8)
FNDA:1,(anonymous_9)
FNDA:1,(anonymous_10)
DA:50,99
DA:51,98
DA:52,98
DA:53,98
DA:54,98
DA:55,98
DA:56,98
DA:59,98
DA:60,98
DA:63,98
DA:64,0
DA:68,98
DA:75,98
DA:77,29
DA:78,29
DA:79,29
DA:80,29
DA:81,29
DA:84,29
DA:85,29
DA:91,29
DA:92,29
DA:106,27
DA:107,22
DA:108,22
DA:109,22
DA:112,22
DA:113,21
DA:120,5
DA:122,5
DA:125,5
DA:126,5
DA:131,2
DA:136,2
DA:137,1
DA:141,1
DA:145,1
DA:149,0
DA:150,0
DA:153,2
DA:156,2
DA:157,2
DA:160,29
DA:171,98
DA:173,4
DA:174,4
DA:175,4
DA:178,4
DA:179,4
DA:185,4
DA:186,4
DA:198,4
DA:199,3
DA:200,3
DA:205,3
DA:206,3
DA:213,3
DA:216,1
DA:218,1
DA:221,1
DA:222,1
DA:227,0
DA:228,0
DA:231,0
DA:232,0
DA:235,4
DA:246,98
DA:247,1
DA:248,1
DA:251,98
DA:279,0
DA:290,0
DA:346,26
DA:369,1
DA:382,1
DA:415,1
LF:76
LH:67
BRDA:68,0,0,98
BRDA:68,0,1,0
BRDA:76,1,0,0
BRDA:84,2,0,29
BRDA:84,2,1,0
BRDA:101,3,0,29
BRDA:101,3,1,2
BRDA:106,4,0,22
BRDA:106,4,1,5
BRDA:109,5,0,22
BRDA:109,5,1,20
BRDA:112,6,0,21
BRDA:112,6,1,1
BRDA:120,7,0,5
BRDA:120,7,1,0
BRDA:125,8,0,5
BRDA:125,8,1,0
BRDA:136,9,0,1
BRDA:136,9,1,1
BRDA:141,10,0,1
BRDA:141,10,1,0
BRDA:142,11,0,1
BRDA:142,11,1,1
BRDA:149,12,0,0
BRDA:149,12,1,0
BRDA:156,13,0,2
BRDA:156,13,1,0
BRDA:178,14,0,4
BRDA:178,14,1,0
BRDA:198,15,0,3
BRDA:198,15,1,1
BRDA:205,16,0,3
BRDA:205,16,1,0
BRDA:216,17,0,1
BRDA:216,17,1,0
BRDA:221,18,0,1
BRDA:221,18,1,0
BRDA:227,19,0,0
BRDA:227,19,1,0
BRDA:231,20,0,0
BRDA:231,20,1,0
BRDA:248,21,0,1
BRDA:248,21,1,0
BRDA:275,22,0,98
BRDA:275,22,1,3
BRDA:286,23,0,98
BRDA:286,23,1,8
BRDA:307,24,0,8
BRDA:307,24,1,0
BRDA:319,25,0,98
BRDA:319,25,1,2
BRDA:319,25,2,2
BRDA:330,26,0,2
BRDA:330,26,1,0
BRDA:341,27,0,98
BRDA:341,27,1,72
BRDA:355,28,0,29
BRDA:355,28,1,43
BRDA:396,29,0,72
BRDA:396,29,1,4
BRDA:411,30,0,98
BRDA:411,30,1,26
BRF:62
BRH:42
end_of_record
TN:
SF:src\ai\components\PreviewPanel.js
FN:84,PreviewPanel
FN:101,(anonymous_1)
FN:115,(anonymous_2)
FN:128,(anonymous_3)
FN:145,(anonymous_4)
FN:188,(anonymous_5)
FN:207,(anonymous_6)
FN:288,(anonymous_7)
FN:307,(anonymous_8)
FNF:9
FNH:9
FNDA:30,PreviewPanel
FNDA:3,(anonymous_1)
FNDA:540,(anonymous_2)
FNDA:270,(anonymous_3)
FNDA:270,(anonymous_4)
FNDA:1,(anonymous_5)
FNDA:2,(anonymous_6)
FNDA:327,(anonymous_7)
FNDA:2,(anonymous_8)
DA:33,1
DA:91,30
DA:92,30
DA:93,30
DA:100,30
DA:102,3
DA:115,30
DA:116,540
DA:117,540
DA:119,540
DA:120,540
DA:128,30
DA:129,270
DA:130,65
DA:132,205
DA:145,30
DA:146,270
DA:147,270
DA:148,270
DA:156,270
DA:157,270
DA:158,270
DA:161,270
DA:162,270
DA:163,270
DA:164,120
DA:169,150
DA:176,270
DA:189,1
DA:208,2
DA:252,30
DA:290,327
DA:295,57
DA:298,270
DA:307,2
LF:35
LH:35
BRDA:117,0,0,0
BRDA:117,0,1,540
BRDA:119,1,0,522
BRDA:119,1,1,18
BRDA:120,2,0,540
BRDA:120,2,1,534
BRDA:129,3,0,65
BRDA:129,3,1,205
BRDA:147,4,0,261
BRDA:147,4,1,9
BRDA:162,5,0,270
BRDA:162,5,1,0
BRDA:163,6,0,120
BRDA:163,6,1,150
BRDA:184,7,0,120
BRDA:184,7,1,150
BRDA:186,8,0,120
BRDA:186,8,1,0
BRDA:187,9,0,120
BRDA:187,9,1,4
BRDA:195,10,0,120
BRDA:195,10,1,120
BRDA:197,11,0,90
BRDA:197,11,1,30
BRDA:205,12,0,150
BRDA:205,12,1,0
BRDA:206,13,0,150
BRDA:206,13,1,5
BRDA:213,14,0,150
BRDA:213,14,1,150
BRDA:215,15,0,30
BRDA:215,15,1,120
BRDA:222,16,0,270
BRDA:222,16,1,270
BRDA:231,17,0,270
BRDA:231,17,1,120
BRDA:234,18,0,270
BRDA:234,18,1,65
BRDA:260,19,0,30
BRDA:260,19,1,30
BRDA:269,20,0,30
BRDA:269,20,1,28
BRDA:290,21,0,57
BRDA:290,21,1,270
BRDA:317,22,0,4
BRDA:317,22,1,26
BRF:46
BRH:42
end_of_record
TN:
SF:src\analysis\analysis-engine.js
FN:49,runAllReadabilityAnalyzers
FN:145,calculateReadabilityScore
FN:168,extractMetadata
FN:177,(anonymous_3)
FN:185,(anonymous_4)
FN:193,(anonymous_5)
FN:201,(anonymous_6)
FN:209,(anonymous_7)
FN:251,analyzeContent
FNF:9
FNH:9
FNDA:88,runAllReadabilityAnalyzers
FNDA:88,calculateReadabilityScore
FNDA:88,extractMetadata
FNDA:880,(anonymous_3)
FNDA:88,(anonymous_4)
FNDA:176,(anonymous_5)
FNDA:528,(anonymous_6)
FNDA:352,(anonymous_7)
FNDA:88,analyzeContent
DA:33,5
DA:50,88
DA:52,88
DA:53,88
DA:55,0
DA:56,0
DA:66,88
DA:67,88
DA:69,0
DA:70,0
DA:80,88
DA:81,88
DA:83,0
DA:84,0
DA:94,88
DA:95,88
DA:97,0
DA:98,0
DA:108,88
DA:109,88
DA:111,0
DA:112,0
DA:122,88
DA:123,88
DA:125,0
DA:126,0
DA:136,88
DA:146,88
DA:147,0
DA:150,88
DA:152,88
DA:153,528
DA:154,528
DA:157,88
DA:169,88
DA:170,88
DA:171,88
DA:172,88
DA:173,88
DA:176,88
DA:177,880
DA:179,88
DA:180,88
DA:184,88
DA:185,88
DA:187,88
DA:188,88
DA:192,88
DA:193,176
DA:195,88
DA:196,88
DA:200,88
DA:201,528
DA:203,88
DA:204,88
DA:208,88
DA:209,352
DA:211,88
DA:212,88
DA:215,88
DA:260,88
DA:263,88
DA:264,88
DA:265,88
DA:275,0
DA:276,0
DA:280,88
DA:281,88
DA:282,88
DA:284,0
DA:285,0
DA:289,88
DA:290,88
DA:293,88
DA:296,88
LF:75
LH:58
BRDA:146,0,0,0
BRDA:146,0,1,88
BRDA:146,1,0,88
BRDA:146,1,1,88
BRDA:153,2,0,528
BRDA:153,2,1,88
BRDA:179,3,0,88
BRDA:179,3,1,0
BRDA:179,4,0,88
BRDA:179,4,1,88
BRDA:180,5,0,88
BRDA:180,5,1,3
BRDA:187,6,0,88
BRDA:187,6,1,0
BRDA:187,7,0,88
BRDA:187,7,1,88
BRDA:188,8,0,88
BRDA:188,8,1,3
BRDA:195,9,0,88
BRDA:195,9,1,0
BRDA:195,10,0,88
BRDA:195,10,1,88
BRDA:196,11,0,88
BRDA:196,11,1,4
BRDA:203,12,0,88
BRDA:203,12,1,0
BRDA:203,13,0,88
BRDA:203,13,1,88
BRDA:204,14,0,88
BRDA:204,14,1,88
BRDA:211,15,0,88
BRDA:211,15,1,0
BRDA:211,16,0,88
BRDA:211,16,1,88
BRDA:212,17,0,88
BRDA:212,17,1,61
BRDA:253,18,0,0
BRDA:254,19,0,0
BRDA:255,20,0,1
BRDA:256,21,0,1
BRDA:257,22,0,1
BRDA:258,23,0,1
BRDA:259,24,0,1
BRF:43
BRH:35
end_of_record
TN:
SF:src\analysis\analyzers\readability\flesch-reading-ease.js
FN:43,analyzeFleschReadingEase
FN:90,(anonymous_1)
FNF:2
FNH:2
FNDA:100,analyzeFleschReadingEase
FNDA:83005,(anonymous_1)
DA:45,100
DA:46,5
DA:62,95
DA:65,95
DA:66,1
DA:82,94
DA:83,94
DA:85,94
DA:87,626
DA:90,83005
DA:91,626
DA:94,626
DA:96,83005
DA:97,83005
DA:98,83005
DA:104,94
DA:105,0
DA:122,94
DA:129,94
DA:136,94
DA:137,43
DA:138,43
DA:139,43
DA:140,51
DA:141,0
DA:142,0
DA:143,0
DA:145,51
DA:146,51
DA:147,51
DA:150,94
LF:31
LH:27
BRDA:45,0,0,5
BRDA:45,0,1,95
BRDA:45,1,0,100
BRDA:45,1,1,95
BRDA:65,2,0,1
BRDA:65,2,1,94
BRDA:97,3,0,83005
BRDA:97,3,1,0
BRDA:104,4,0,0
BRDA:104,4,1,94
BRDA:136,5,0,43
BRDA:136,5,1,51
BRDA:140,6,0,0
BRDA:140,6,1,51
BRF:14
BRH:11
end_of_record
TN:
SF:src\analysis\analyzers\readability\index.js
FNF:0
FNH:0
LF:0
LH:0
BRF:0
BRH:0
end_of_record
TN:
SF:src\analysis\analyzers\readability\paragraph-length.js
FN:37,analyzeParagraphLength
FNF:1
FNH:1
FNDA:96,analyzeParagraphLength
DA:39,96
DA:40,5
DA:54,91
DA:55,91
DA:58,91
DA:59,2
DA:73,89
DA:74,89
DA:75,197
DA:80,89
DA:87,89
DA:88,36
DA:89,36
DA:90,36
DA:91,53
DA:92,1
DA:93,1
DA:94,1
DA:96,52
DA:97,52
DA:98,52
DA:101,89
LF:22
LH:22
BRDA:39,0,0,5
BRDA:39,0,1,91
BRDA:39,1,0,96
BRDA:39,1,1,91
BRDA:58,2,0,2
BRDA:58,2,1,89
BRDA:87,3,0,36
BRDA:87,3,1,53
BRDA:91,4,0,1
BRDA:91,4,1,52
BRF:10
BRH:10
end_of_record
TN:
SF:src\analysis\analyzers\readability\passive-voice.js
FN:53,analyzePassiveVoice
FN:142,isPassiveVoiceSentence
FN:161,(anonymous_2)
FNF:3
FNH:3
FNDA:98,analyzePassiveVoice
FNDA:636,isPassiveVoiceSentence
FNDA:83008,(anonymous_2)
DA:23,6
DA:30,6
DA:55,98
DA:56,5
DA:71,93
DA:74,93
DA:75,1
DA:90,92
DA:92,92
DA:93,636
DA:94,69
DA:99,92
DA:108,92
DA:109,79
DA:110,79
DA:111,79
DA:112,13
DA:113,8
DA:114,8
DA:115,8
DA:117,5
DA:118,5
DA:119,5
DA:122,92
DA:143,636
DA:144,0
DA:148,636
DA:151,636
DA:152,636
DA:153,636
DA:154,2
DA:159,634
DA:161,83008
DA:164,634
DA:166,82786
DA:169,82786
DA:170,82786
DA:171,67
DA:176,567
LF:39
LH:38
BRDA:55,0,0,5
BRDA:55,0,1,93
BRDA:55,1,0,98
BRDA:55,1,1,93
BRDA:74,2,0,1
BRDA:74,2,1,92
BRDA:93,3,0,69
BRDA:93,3,1,567
BRDA:108,4,0,79
BRDA:108,4,1,13
BRDA:112,5,0,8
BRDA:112,5,1,5
BRDA:143,6,0,0
BRDA:143,6,1,636
BRDA:143,7,0,636
BRDA:143,7,1,636
BRDA:153,8,0,2
BRDA:153,8,1,634
BRDA:170,9,0,67
BRDA:170,9,1,82719
BRF:20
BRH:19
end_of_record
TN:
SF:src\analysis\analyzers\readability\sentence-length.js
FN:37,analyzeSentenceLength
FN:78,(anonymous_1)
FNF:2
FNH:2
FNDA:88,analyzeSentenceLength
FNDA:82941,(anonymous_1)
DA:39,88
DA:40,3
DA:54,85
DA:57,85
DA:58,0
DA:72,85
DA:73,85
DA:75,607
DA:78,82941
DA:79,607
DA:84,85
DA:91,85
DA:92,34
DA:93,34
DA:94,34
DA:95,51
DA:96,0
DA:97,0
DA:98,0
DA:100,51
DA:101,51
DA:102,51
DA:105,85
LF:23
LH:19
BRDA:39,0,0,3
BRDA:39,0,1,85
BRDA:39,1,0,88
BRDA:39,1,1,85
BRDA:57,2,0,0
BRDA:57,2,1,85
BRDA:91,3,0,34
BRDA:91,3,1,51
BRDA:95,4,0,0
BRDA:95,4,1,51
BRF:10
BRH:8
end_of_record
TN:
SF:src\analysis\analyzers\readability\subheading-distribution.js
FN:37,analyzeSubheadingDistribution
FN:88,(anonymous_1)
FN:94,(anonymous_2)
FNF:3
FNH:3
FNDA:99,analyzeSubheadingDistribution
FNDA:5364,(anonymous_1)
FNDA:74,(anonymous_2)
DA:39,99
DA:40,5
DA:54,94
DA:55,94
DA:56,94
DA:59,94
DA:60,76
DA:74,18
DA:76,18
DA:77,74
DA:78,74
DA:81,74
DA:82,74
DA:83,74
DA:86,74
DA:88,5364
DA:89,74
DA:93,18
DA:94,74
DA:102,18
DA:103,16
DA:104,16
DA:105,16
DA:106,2
DA:107,1
DA:108,1
DA:109,1
DA:111,1
DA:112,1
DA:113,1
DA:116,18
LF:31
LH:31
BRDA:39,0,0,5
BRDA:39,0,1,94
BRDA:39,1,0,99
BRDA:39,1,1,94
BRDA:59,2,0,76
BRDA:59,2,1,18
BRDA:102,3,0,16
BRDA:102,3,1,2
BRDA:106,4,0,1
BRDA:106,4,1,1
BRF:10
BRH:10
end_of_record
TN:
SF:src\analysis\analyzers\readability\transition-words.js
FN:125,analyzeTransitionWords
FN:214,hasTransitionWord
FNF:2
FNH:2
FNDA:100,analyzeTransitionWords
FNDA:632,hasTransitionWord
DA:21,6
DA:127,100
DA:128,5
DA:143,95
DA:146,95
DA:147,1
DA:162,94
DA:164,94
DA:165,632
DA:166,348
DA:171,94
DA:180,94
DA:181,20
DA:182,20
DA:183,20
DA:184,74
DA:185,0
DA:186,0
DA:187,0
DA:189,74
DA:190,74
DA:191,74
DA:194,94
DA:215,632
DA:216,0
DA:220,632
DA:223,632
DA:226,22006
DA:227,22006
DA:228,348
DA:232,284
LF:31
LH:27
BRDA:127,0,0,5
BRDA:127,0,1,95
BRDA:127,1,0,100
BRDA:127,1,1,95
BRDA:146,2,0,1
BRDA:146,2,1,94
BRDA:165,3,0,348
BRDA:165,3,1,284
BRDA:180,4,0,20
BRDA:180,4,1,74
BRDA:184,5,0,0
BRDA:184,5,1,74
BRDA:215,6,0,0
BRDA:215,6,1,632
BRDA:215,7,0,632
BRDA:215,7,1,632
BRDA:227,8,0,348
BRDA:227,8,1,21658
BRF:18
BRH:16
end_of_record
TN:
SF:src\analysis\analyzers\seo\content-length.js
FN:22,analyzeContentLength
FN:42,(anonymous_1)
FNF:2
FNH:2
FNDA:88,analyzeContentLength
FNDA:82805,(anonymous_1)
DA:24,88
DA:25,3
DA:38,85
DA:39,85
DA:42,82805
DA:43,85
DA:51,85
DA:52,0
DA:53,0
DA:54,0
DA:55,85
DA:56,54
DA:57,54
DA:58,54
DA:59,31
DA:63,6
DA:64,6
DA:65,3
DA:67,3
DA:69,6
DA:71,25
DA:72,25
DA:73,23
DA:75,2
DA:77,25
DA:80,85
LF:26
LH:23
BRDA:24,0,0,3
BRDA:24,0,1,85
BRDA:24,1,0,88
BRDA:24,1,1,85
BRDA:51,2,0,0
BRDA:51,2,1,85
BRDA:55,3,0,54
BRDA:55,3,1,31
BRDA:55,4,0,85
BRDA:55,4,1,59
BRDA:59,5,0,6
BRDA:59,5,1,25
BRDA:60,6,0,31
BRDA:60,6,1,8
BRDA:60,6,2,28
BRDA:60,6,3,5
BRDA:64,7,0,3
BRDA:64,7,1,3
BRDA:72,8,0,23
BRDA:72,8,1,2
BRF:20
BRH:19
end_of_record
TN:
SF:src\analysis\analyzers\seo\direct-answer-presence.js
FN:20,analyzeDirectAnswer
FNF:1
FNH:1
FNDA:88,analyzeDirectAnswer
DA:22,88
DA:23,9
DA:36,79
DA:44,79
DA:45,0
DA:46,0
DA:47,0
DA:48,79
DA:49,79
DA:50,79
DA:51,79
DA:53,0
DA:55,79
DA:57,0
DA:58,0
DA:60,0
DA:63,79
LF:17
LH:10
BRDA:22,0,0,9
BRDA:22,0,1,79
BRDA:22,1,0,88
BRDA:22,1,1,79
BRDA:44,2,0,0
BRDA:44,2,1,79
BRDA:44,3,0,79
BRDA:44,3,1,0
BRDA:48,4,0,79
BRDA:48,4,1,0
BRDA:50,5,0,79
BRDA:50,5,1,0
BRF:12
BRH:8
end_of_record
TN:
SF:src\analysis\analyzers\seo\image-alt-analysis.js
FN:22,analyzeImageAlt
FN:62,(anonymous_1)
FN:66,(anonymous_2)
FNF:3
FNH:1
FNDA:88,analyzeImageAlt
FNDA:0,(anonymous_1)
FNDA:0,(anonymous_2)
DA:24,88
DA:25,3
DA:40,85
DA:41,85
DA:43,85
DA:46,85
DA:47,85
DA:62,0
DA:65,0
DA:66,0
DA:67,0
DA:68,0
DA:69,0
DA:73,0
DA:75,0
DA:85,0
DA:86,0
DA:87,0
DA:88,0
DA:89,0
DA:90,0
DA:91,0
DA:92,0
DA:93,0
DA:94,0
DA:95,0
DA:96,0
DA:98,0
DA:99,0
DA:100,0
DA:104,0
DA:105,0
DA:108,0
LF:33
LH:7
BRDA:24,0,0,3
BRDA:24,0,1,85
BRDA:24,1,0,88
BRDA:24,1,1,85
BRDA:46,2,0,85
BRDA:46,2,1,0
BRDA:65,3,0,0
BRDA:65,3,1,0
BRDA:67,4,0,0
BRDA:67,4,1,0
BRDA:68,5,0,0
BRDA:68,5,1,0
BRDA:75,6,0,0
BRDA:75,6,1,0
BRDA:75,7,0,0
BRDA:75,7,1,0
BRDA:85,8,0,0
BRDA:85,8,1,0
BRDA:85,9,0,0
BRDA:85,9,1,0
BRDA:89,10,0,0
BRDA:89,10,1,0
BRDA:93,11,0,0
BRDA:93,11,1,0
BRDA:104,12,0,0
BRDA:104,12,1,0
BRDA:104,13,0,0
BRDA:104,13,1,0
BRDA:104,13,2,0
BRF:29
BRH:5
end_of_record
TN:
SF:src\analysis\analyzers\seo\index.js
FN:76,runAllSeoAnalyzers
FN:112,calculateSeoScore
FNF:2
FNH:2
FNDA:88,runAllSeoAnalyzers
FNDA:88,calculateSeoScore
DA:29,5
DA:48,5
DA:85,88
DA:87,88
DA:90,88
DA:91,88
DA:92,88
DA:93,88
DA:94,88
DA:95,88
DA:96,88
DA:97,88
DA:98,88
DA:99,88
DA:100,88
DA:101,88
DA:103,88
DA:113,88
DA:114,0
DA:117,88
DA:119,88
DA:120,1056
DA:121,1056
DA:124,88
LF:24
LH:23
BRDA:78,0,0,0
BRDA:79,1,0,0
BRDA:80,2,0,0
BRDA:81,3,0,0
BRDA:82,4,0,0
BRDA:83,5,0,0
BRDA:84,6,0,0
BRDA:113,7,0,0
BRDA:113,7,1,88
BRDA:113,8,0,88
BRDA:113,8,1,88
BRDA:120,9,0,1056
BRDA:120,9,1,0
BRF:13
BRH:4
end_of_record
TN:
SF:src\analysis\analyzers\seo\internal-links-analysis.js
FN:21,analyzeInternalLinks
FN:42,(anonymous_1)
FN:47,(anonymous_2)
FNF:3
FNH:1
FNDA:88,analyzeInternalLinks
FNDA:0,(anonymous_1)
FNDA:0,(anonymous_2)
DA:23,88
DA:24,3
DA:38,85
DA:39,85
DA:42,85
DA:43,85
DA:46,85
DA:47,0
DA:56,85
DA:57,85
DA:58,85
DA:59,85
DA:60,0
DA:61,0
DA:62,0
DA:63,0
DA:64,0
DA:65,0
DA:66,0
DA:67,0
DA:69,0
DA:70,0
DA:72,0
DA:75,85
LF:24
LH:12
BRDA:23,0,0,3
BRDA:23,0,1,85
BRDA:23,1,0,88
BRDA:23,1,1,85
BRDA:56,2,0,85
BRDA:56,2,1,0
BRDA:60,3,0,0
BRDA:60,3,1,0
BRDA:64,4,0,0
BRDA:64,4,1,0
BRF:10
BRH:5
end_of_record
TN:
SF:src\analysis\analyzers\seo\keyword-density.js
FN:24,analyzeKeywordDensity
FN:63,(anonymous_1)
FN:85,(anonymous_2)
FN:93,(anonymous_3)
FN:95,(anonymous_4)
FN:101,(anonymous_5)
FN:182,escapeRegex
FNF:7
FNH:7
FNDA:88,analyzeKeywordDensity
FNDA:82594,(anonymous_1)
FNDA:140,(anonymous_2)
FNDA:13634,(anonymous_3)
FNDA:13634,(anonymous_4)
FNDA:68960,(anonymous_5)
FNDA:109,escapeRegex
DA:26,88
DA:27,5
DA:42,83
DA:43,1
DA:59,82
DA:60,82
DA:63,82594
DA:64,82
DA:66,82
DA:67,0
DA:83,82
DA:84,82
DA:85,140
DA:86,82
DA:89,82
DA:92,82
DA:93,13634
DA:94,25
DA:95,13634
DA:99,57
DA:100,57
DA:101,68960
DA:105,57
DA:106,57
DA:107,57
DA:110,57
DA:111,52
DA:115,52
DA:116,52
DA:121,82
DA:129,82
DA:130,7
DA:131,7
DA:132,7
DA:133,75
DA:137,1
DA:138,1
DA:139,0
DA:143,1
DA:147,1
DA:149,74
DA:150,74
DA:151,57
DA:155,17
DA:159,74
DA:162,82
DA:183,109
LF:47
LH:45
BRDA:26,0,0,5
BRDA:26,0,1,83
BRDA:26,1,0,88
BRDA:26,1,1,83
BRDA:42,2,0,1
BRDA:42,2,1,82
BRDA:42,3,0,83
BRDA:42,3,1,82
BRDA:66,4,0,0
BRDA:66,4,1,82
BRDA:92,5,0,25
BRDA:92,5,1,57
BRDA:107,6,0,5
BRDA:107,6,1,52
BRDA:110,7,0,52
BRDA:110,7,1,5
BRDA:116,8,0,0
BRDA:116,8,1,52
BRDA:121,9,0,82
BRDA:121,9,1,0
BRDA:129,10,0,7
BRDA:129,10,1,75
BRDA:129,11,0,82
BRDA:129,11,1,25
BRDA:133,12,0,1
BRDA:133,12,1,74
BRDA:134,13,0,75
BRDA:134,13,1,18
BRDA:134,13,2,75
BRDA:134,13,3,18
BRDA:138,14,0,0
BRDA:138,14,1,1
BRDA:150,15,0,57
BRDA:150,15,1,17
BRF:34
BRH:30
end_of_record
TN:
SF:src\analysis\analyzers\seo\keyword-in-description.js
FN:23,analyzeKeywordInDescription
FN:66,(anonymous_1)
FN:71,(anonymous_2)
FNF:3
FNH:3
FNDA:88,analyzeKeywordInDescription
FNDA:13,(anonymous_1)
FNDA:50,(anonymous_2)
DA:25,88
DA:26,5
DA:40,83
DA:41,1
DA:56,82
DA:57,82
DA:60,82
DA:61,82
DA:64,82
DA:65,6
DA:66,6
DA:67,13
DA:70,6
DA:71,6
DA:72,50
DA:75,6
DA:76,6
DA:79,6
DA:80,6
DA:81,0
DA:82,0
DA:87,82
DA:88,76
DA:102,6
LF:24
LH:22
BRDA:25,0,0,5
BRDA:25,0,1,83
BRDA:25,1,0,88
BRDA:25,1,1,83
BRDA:40,2,0,1
BRDA:40,2,1,82
BRDA:40,3,0,83
BRDA:40,3,1,82
BRDA:64,4,0,6
BRDA:64,4,1,76
BRDA:80,5,0,0
BRDA:80,5,1,6
BRDA:87,6,0,76
BRDA:87,6,1,6
BRF:14
BRH:13
end_of_record
TN:
SF:src\analysis\analyzers\seo\keyword-in-first-paragraph.js
FN:24,analyzeKeywordInFirstParagraph
FN:62,(anonymous_1)
FN:76,(anonymous_2)
FN:81,(anonymous_3)
FNF:4
FNH:4
FNDA:88,analyzeKeywordInFirstParagraph
FNDA:82594,(anonymous_1)
FNDA:108,(anonymous_2)
FNDA:5216,(anonymous_3)
DA:26,88
DA:27,5
DA:42,83
DA:43,1
DA:58,82
DA:59,82
DA:62,82594
DA:63,82
DA:64,82
DA:67,82
DA:68,82
DA:71,82
DA:74,82
DA:75,55
DA:76,55
DA:77,108
DA:80,55
DA:81,55
DA:82,5216
DA:85,55
DA:86,55
DA:88,55
DA:92,82
DA:93,27
DA:107,55
LF:25
LH:25
BRDA:26,0,0,5
BRDA:26,0,1,83
BRDA:26,1,0,88
BRDA:26,1,1,83
BRDA:42,2,0,1
BRDA:42,2,1,82
BRDA:42,3,0,83
BRDA:42,3,1,82
BRDA:74,4,0,55
BRDA:74,4,1,27
BRDA:92,5,0,27
BRDA:92,5,1,55
BRF:12
BRH:12
end_of_record
TN:
SF:src\analysis\analyzers\seo\keyword-in-headings.js
FN:24,analyzeKeywordInHeadings
FN:64,(anonymous_1)
FN:85,(anonymous_2)
FNF:3
FNH:3
FNDA:88,analyzeKeywordInHeadings
FNDA:140,(anonymous_1)
FNDA:228,(anonymous_2)
DA:26,88
DA:27,5
DA:41,83
DA:42,1
DA:57,82
DA:58,82
DA:59,82
DA:61,82
DA:62,82
DA:63,82
DA:64,140
DA:65,82
DA:68,82
DA:69,82
DA:72,82
DA:74,82
DA:75,77
DA:78,77
DA:79,6
DA:80,6
DA:84,71
DA:85,228
DA:86,71
DA:88,71
DA:89,0
DA:99,82
DA:100,6
DA:101,6
DA:104,6
DA:105,76
DA:106,21
DA:107,21
DA:109,21
DA:111,55
DA:112,55
DA:114,55
DA:117,82
LF:37
LH:36
BRDA:26,0,0,5
BRDA:26,0,1,83
BRDA:26,1,0,88
BRDA:26,1,1,83
BRDA:41,2,0,1
BRDA:41,2,1,82
BRDA:41,3,0,83
BRDA:41,3,1,82
BRDA:78,4,0,6
BRDA:78,4,1,71
BRDA:88,5,0,0
BRDA:88,5,1,71
BRDA:99,6,0,6
BRDA:99,6,1,76
BRDA:102,7,0,0
BRDA:102,7,1,6
BRDA:105,8,0,21
BRDA:105,8,1,55
BRF:18
BRH:16
end_of_record
TN:
SF:src\analysis\analyzers\seo\keyword-in-slug.js
FN:21,analyzeKeywordInSlug
FNF:1
FNH:1
FNDA:88,analyzeKeywordInSlug
DA:23,88
DA:24,5
DA:37,83
DA:38,1
DA:53,82
DA:54,82
DA:57,82
DA:60,82
DA:61,78
DA:74,4
LF:10
LH:10
BRDA:23,0,0,5
BRDA:23,0,1,83
BRDA:23,1,0,88
BRDA:23,1,1,83
BRDA:37,2,0,1
BRDA:37,2,1,82
BRDA:37,3,0,83
BRDA:37,3,1,82
BRDA:60,4,0,78
BRDA:60,4,1,4
BRF:10
BRH:10
end_of_record
TN:
SF:src\analysis\analyzers\seo\keyword-in-title.js
FN:27,analyzeKeywordInTitle
FN:71,(anonymous_1)
FN:77,(anonymous_2)
FNF:3
FNH:3
FNDA:110,analyzeKeywordInTitle
FNDA:10,(anonymous_1)
FNDA:17,(anonymous_2)
DA:29,110
DA:30,9
DA:44,101
DA:45,5
DA:60,96
DA:61,96
DA:64,96
DA:65,96
DA:68,96
DA:70,5
DA:71,5
DA:72,10
DA:76,5
DA:77,5
DA:78,17
DA:82,5
DA:83,5
DA:86,5
DA:87,5
DA:88,1
DA:90,1
DA:95,96
DA:96,92
DA:110,4
LF:24
LH:24
BRDA:29,0,0,9
BRDA:29,0,1,101
BRDA:29,1,0,110
BRDA:29,1,1,102
BRDA:44,2,0,5
BRDA:44,2,1,96
BRDA:44,3,0,101
BRDA:44,3,1,97
BRDA:68,4,0,5
BRDA:68,4,1,91
BRDA:87,5,0,1
BRDA:87,5,1,4
BRDA:95,6,0,92
BRDA:95,6,1,4
BRF:14
BRH:14
end_of_record
TN:
SF:src\analysis\analyzers\seo\outbound-links-analysis.js
FN:21,analyzeOutboundLinks
FN:42,(anonymous_1)
FN:47,(anonymous_2)
FNF:3
FNH:1
FNDA:88,analyzeOutboundLinks
FNDA:0,(anonymous_1)
FNDA:0,(anonymous_2)
DA:23,88
DA:24,3
DA:38,85
DA:39,85
DA:42,85
DA:43,85
DA:46,85
DA:47,0
DA:56,85
DA:57,85
DA:58,85
DA:60,85
DA:61,0
DA:62,0
DA:63,0
DA:66,0
DA:68,0
DA:69,0
DA:70,0
DA:73,85
LF:20
LH:12
BRDA:23,0,0,3
BRDA:23,0,1,85
BRDA:23,1,0,88
BRDA:23,1,1,85
BRDA:56,2,0,85
BRDA:56,2,1,0
BRDA:61,3,0,0
BRDA:61,3,1,0
BRDA:64,4,0,0
BRDA:64,4,1,0
BRF:10
BRH:5
end_of_record
TN:
SF:src\analysis\analyzers\seo\schema-presence.js
FN:41,analyzeSchemaPresence
FNF:1
FNH:1
FNDA:88,analyzeSchemaPresence
DA:12,5
DA:43,88
DA:44,9
DA:56,79
DA:57,79
DA:64,79
DA:65,79
DA:66,79
DA:67,79
DA:70,0
DA:71,0
DA:72,0
DA:75,79
LF:13
LH:10
BRDA:43,0,0,9
BRDA:43,0,1,79
BRDA:43,1,0,88
BRDA:43,1,1,79
BRDA:64,2,0,79
BRDA:64,2,1,0
BRF:6
BRH:5
end_of_record
TN:
SF:src\analysis\utils\html-parser.js
FN:35,parseHtml
FN:80,extractText
FN:92,(anonymous_2)
FN:108,extractHeadings
FN:118,(anonymous_4)
FN:131,(anonymous_5)
FN:144,(anonymous_6)
FN:155,extractImages
FN:163,(anonymous_8)
FN:183,extractLinks
FN:191,(anonymous_10)
FN:232,isInternalLink
FN:269,extractParagraphs
FN:277,(anonymous_13)
FN:280,(anonymous_14)
FN:293,(anonymous_15)
FNF:16
FNH:16
FNDA:794,parseHtml
FNDA:791,extractText
FNDA:2465,(anonymous_2)
FNDA:791,extractHeadings
FNDA:152,(anonymous_4)
FNDA:563,(anonymous_5)
FNDA:605,(anonymous_6)
FNDA:791,extractImages
FNDA:6,(anonymous_8)
FNDA:791,extractLinks
FNDA:8,(anonymous_10)
FNDA:8,isInternalLink
FNDA:791,extractParagraphs
FNDA:1738,(anonymous_13)
FNDA:743480,(anonymous_14)
FNDA:963,(anonymous_15)
DA:36,794
DA:37,3
DA:47,791
DA:48,791
DA:51,791
DA:54,791
DA:57,791
DA:60,791
DA:63,791
DA:65,791
DA:81,791
DA:82,0
DA:86,791
DA:89,791
DA:92,791
DA:93,2465
DA:97,791
DA:98,791
DA:109,791
DA:110,0
DA:113,791
DA:114,791
DA:115,791
DA:118,791
DA:119,152
DA:120,152
DA:121,152
DA:122,152
DA:131,791
DA:132,563
DA:133,563
DA:134,563
DA:135,563
DA:144,791
DA:146,791
DA:156,791
DA:157,0
DA:160,791
DA:161,791
DA:163,791
DA:164,6
DA:165,6
DA:167,6
DA:174,791
DA:184,791
DA:185,0
DA:188,791
DA:189,791
DA:191,791
DA:192,8
DA:193,8
DA:194,8
DA:197,8
DA:198,8
DA:201,8
DA:210,8
DA:213,8
DA:223,791
DA:233,8
DA:234,0
DA:238,8
DA:243,7
DA:247,1
DA:248,1
DA:249,1
DA:250,1
DA:251,1
DA:254,0
DA:259,0
DA:270,791
DA:271,0
DA:274,791
DA:275,791
DA:277,791
DA:278,1738
DA:279,1738
DA:280,743480
DA:281,1738
DA:282,1738
DA:284,1738
DA:293,963
DA:295,791
LF:82
LH:74
BRDA:36,0,0,3
BRDA:36,0,1,791
BRDA:36,1,0,794
BRDA:36,1,1,791
BRDA:81,2,0,0
BRDA:81,2,1,791
BRDA:97,3,0,791
BRDA:97,3,1,3
BRDA:109,4,0,0
BRDA:109,4,1,791
BRDA:120,5,0,152
BRDA:120,5,1,0
BRDA:125,6,0,152
BRDA:125,6,1,0
BRDA:133,7,0,563
BRDA:133,7,1,0
BRDA:138,8,0,563
BRDA:138,8,1,0
BRDA:156,9,0,0
BRDA:156,9,1,791
BRDA:164,10,0,6
BRDA:164,10,1,0
BRDA:165,11,0,6
BRDA:165,11,1,1
BRDA:184,12,0,0
BRDA:184,12,1,791
BRDA:192,13,0,8
BRDA:192,13,1,0
BRDA:194,14,0,8
BRDA:194,14,1,7
BRDA:210,15,0,8
BRDA:210,15,1,8
BRDA:233,16,0,0
BRDA:233,16,1,8
BRDA:238,17,0,7
BRDA:238,17,1,1
BRDA:239,18,0,8
BRDA:239,18,1,1
BRDA:239,18,2,1
BRDA:247,19,0,1
BRDA:247,19,1,0
BRDA:247,20,0,1
BRDA:247,20,1,1
BRDA:259,21,0,0
BRDA:259,21,1,0
BRDA:270,22,0,0
BRDA:270,22,1,791
BRDA:279,23,0,1738
BRDA:279,23,1,0
BRDA:287,24,0,1683
BRDA:287,24,1,55
BRF:51
BRH:35
end_of_record
TN:
SF:src\analysis\utils\indonesian-stemmer.js
FN:26,stemWord
FN:62,removePrefixes
FN:138,removeSuffixes
FNF:3
FNH:3
FNDA:88558,stemWord
FNDA:71502,removePrefixes
FNDA:71502,removeSuffixes
DA:27,88558
DA:28,3
DA:32,88555
DA:35,88555
DA:36,17053
DA:40,71502
DA:43,71502
DA:46,71502
DA:49,71502
DA:50,0
DA:53,71502
DA:63,71502
DA:67,71502
DA:68,570
DA:69,570
DA:71,550
DA:77,450
DA:78,88
DA:79,362
DA:80,0
DA:82,362
DA:85,100
DA:91,70932
DA:92,65
DA:96,70867
DA:97,113
DA:101,70754
DA:102,21
DA:106,70733
DA:107,398
DA:108,398
DA:110,398
DA:116,242
DA:117,43
DA:118,199
DA:119,3
DA:121,196
DA:124,156
DA:129,71502
DA:139,71502
DA:142,71502
DA:143,422
DA:147,71080
DA:148,344
DA:152,70736
DA:153,571
DA:157,70165
DA:158,2
DA:161,71502
LF:49
LH:47
BRDA:27,0,0,3
BRDA:27,0,1,88555
BRDA:27,1,0,88558
BRDA:27,1,1,88555
BRDA:35,2,0,17053
BRDA:35,2,1,71502
BRDA:49,3,0,0
BRDA:49,3,1,71502
BRDA:67,4,0,570
BRDA:67,4,1,70932
BRDA:69,5,0,550
BRDA:69,5,1,20
BRDA:71,6,0,450
BRDA:71,6,1,100
BRDA:72,7,0,550
BRDA:72,7,1,375
BRDA:72,7,2,100
BRDA:72,7,3,100
BRDA:77,8,0,88
BRDA:77,8,1,362
BRDA:79,9,0,0
BRDA:79,9,1,362
BRDA:91,10,0,65
BRDA:91,10,1,70867
BRDA:91,11,0,70932
BRDA:91,11,1,65
BRDA:96,12,0,113
BRDA:96,12,1,70754
BRDA:96,13,0,70867
BRDA:96,13,1,113
BRDA:101,14,0,21
BRDA:101,14,1,70733
BRDA:101,15,0,70754
BRDA:101,15,1,21
BRDA:106,16,0,398
BRDA:106,16,1,70335
BRDA:108,17,0,398
BRDA:108,17,1,0
BRDA:110,18,0,242
BRDA:110,18,1,156
BRDA:111,19,0,398
BRDA:111,19,1,375
BRDA:111,19,2,156
BRDA:111,19,3,156
BRDA:116,20,0,43
BRDA:116,20,1,199
BRDA:118,21,0,3
BRDA:118,21,1,196
BRDA:142,22,0,422
BRDA:142,22,1,71080
BRDA:142,23,0,71502
BRDA:142,23,1,426
BRDA:147,24,0,344
BRDA:147,24,1,70736
BRDA:147,25,0,71080
BRDA:147,25,1,349
BRDA:152,26,0,571
BRDA:152,26,1,70165
BRDA:152,27,0,70736
BRDA:152,27,1,718
BRDA:157,28,0,2
BRDA:157,28,1,70163
BRDA:157,29,0,70165
BRDA:157,29,1,5
BRF:64
BRH:61
end_of_record
TN:
SF:src\analysis\utils\performance-benchmark.js
FN:42,getMemoryUsage
FN:60,measurePerformance
FN:101,benchmarkAnalysisEngine
FN:138,summarizeBenchmark
FN:154,(anonymous_4)
FN:155,(anonymous_5)
FN:156,(anonymous_6)
FN:157,(anonymous_7)
FN:159,(anonymous_8)
FN:162,(anonymous_9)
FN:163,(anonymous_10)
FN:165,(anonymous_11)
FN:189,generateTestContent
FN:232,generateTestData
FN:254,formatBenchmarkResults
FNF:15
FNH:15
FNDA:20,getMemoryUsage
FNDA:10,measurePerformance
FNDA:3,benchmarkAnalysisEngine
FNDA:3,summarizeBenchmark
FNDA:10,(anonymous_4)
FNDA:10,(anonymous_5)
FNDA:10,(anonymous_6)
FNDA:10,(anonymous_7)
FNDA:10,(anonymous_8)
FNDA:10,(anonymous_9)
FNDA:10,(anonymous_10)
FNDA:10,(anonymous_11)
FNDA:17,generateTestContent
FNDA:17,generateTestData
FNDA:1,formatBenchmarkResults
DA:43,20
DA:44,0
DA:46,20
DA:47,20
DA:49,0
DA:61,10
DA:62,10
DA:65,10
DA:66,10
DA:68,0
DA:69,0
DA:70,0
DA:80,10
DA:81,10
DA:83,10
DA:106,3
DA:108,3
DA:109,10
DA:111,10
DA:112,10
DA:115,10
DA:117,10
DA:129,3
DA:139,3
DA:140,0
DA:153,3
DA:154,10
DA:155,10
DA:156,10
DA:157,10
DA:159,10
DA:160,3
DA:162,10
DA:163,10
DA:165,10
DA:168,3
DA:170,3
DA:190,17
DA:218,17
DA:219,17
DA:220,29500
DA:223,17
DA:233,17
DA:235,17
DA:255,1
DA:268,1
LF:46
LH:40
BRDA:43,0,0,0
BRDA:43,0,1,20
BRDA:43,1,0,20
BRDA:43,1,1,20
BRDA:46,2,0,20
BRDA:46,2,1,0
BRDA:46,3,0,20
BRDA:46,3,1,20
BRDA:60,4,0,0
BRDA:60,5,0,0
BRDA:66,6,0,0
BRDA:66,6,1,10
BRDA:104,7,0,0
BRDA:111,8,0,10
BRDA:111,8,1,0
BRDA:112,9,0,10
BRDA:112,9,1,0
BRDA:139,10,0,0
BRDA:139,10,1,3
BRDA:168,11,0,3
BRDA:168,11,1,0
BRDA:189,12,0,0
BRDA:232,13,0,0
BRDA:265,14,0,0
BRDA:265,14,1,1
BRF:25
BRH:12
end_of_record
TN:
SF:src\analysis\utils\sentence-splitter.js
FN:48,splitSentences
FN:156,protectAbbreviations
FN:163,(anonymous_2)
FN:178,restoreAbbreviations
FNF:4
FNH:4
FNDA:385,splitSentences
FNDA:382,protectAbbreviations
FNDA:5,(anonymous_2)
FNDA:2524,restoreAbbreviations
DA:18,9
DA:49,385
DA:50,3
DA:54,382
DA:57,382
DA:61,382
DA:62,382
DA:64,382
DA:65,2054686
DA:66,2054686
DA:67,2054686
DA:69,2054686
DA:72,2054686
DA:74,2188
DA:80,2
DA:81,2
DA:84,2
DA:85,2
DA:87,0
DA:88,2
DA:90,2
DA:91,2
DA:95,2
DA:97,2
DA:102,1
DA:103,1
DA:104,1
DA:106,1
DA:107,1
DA:110,2
DA:114,2186
DA:116,5
DA:121,2181
DA:122,2181
DA:126,1608
DA:130,2181
DA:131,2181
DA:132,2181
DA:136,2181
DA:137,2181
DA:142,382
DA:143,382
DA:144,342
DA:147,382
DA:157,382
DA:160,382
DA:162,5348
DA:163,5348
DA:165,5
DA:169,382
DA:179,2524
LF:51
LH:50
BRDA:49,0,0,3
BRDA:49,0,1,382
BRDA:49,1,0,385
BRDA:49,1,1,382
BRDA:72,2,0,2188
BRDA:72,2,1,2052498
BRDA:72,3,0,2054686
BRDA:72,3,1,2052502
BRDA:72,3,2,2052501
BRDA:74,4,0,2
BRDA:74,4,1,2186
BRDA:75,5,0,2188
BRDA:75,5,1,2184
BRDA:75,5,2,2
BRDA:85,6,0,0
BRDA:85,6,1,2
BRDA:85,7,0,2
BRDA:85,7,1,2
BRDA:88,8,0,2
BRDA:88,8,1,0
BRDA:88,9,0,2
BRDA:88,9,1,2
BRDA:92,10,0,4
BRDA:92,10,1,4
BRDA:97,11,0,1
BRDA:97,11,1,1
BRDA:98,12,0,2
BRDA:98,12,1,2
BRDA:103,13,0,1
BRDA:103,13,1,0
BRDA:114,14,0,5
BRDA:114,14,1,2181
BRDA:114,15,0,2186
BRDA:114,15,1,2182
BRDA:123,16,0,3789
BRDA:123,16,1,3752
BRDA:131,17,0,2181
BRDA:131,17,1,0
BRDA:143,18,0,342
BRDA:143,18,1,40
BRF:40
BRH:36
end_of_record
TN:
SF:src\analysis\utils\syllable-counter.js
FN:39,countSyllables
FNF:1
FNH:1
FNDA:83029,countSyllables
DA:15,7
DA:20,7
DA:40,83029
DA:41,3
DA:45,83026
DA:47,83026
DA:48,0
DA:51,83026
DA:52,83026
DA:54,83026
DA:55,419762
DA:58,419762
DA:60,167126
DA:62,167126
DA:64,4931
DA:65,4931
DA:68,162195
DA:69,162195
DA:73,162195
DA:77,5860
DA:78,5860
DA:80,0
DA:83,5860
DA:84,5860
DA:86,3
DA:87,3
DA:88,3
DA:91,5857
DA:96,252636
DA:101,83026
LF:30
LH:28
BRDA:40,0,0,3
BRDA:40,0,1,83026
BRDA:40,1,0,83029
BRDA:40,1,1,83026
BRDA:47,2,0,0
BRDA:47,2,1,83026
BRDA:58,3,0,167126
BRDA:58,3,1,252636
BRDA:62,4,0,4931
BRDA:62,4,1,162195
BRDA:74,5,0,168052
BRDA:74,5,1,153773
BRDA:78,6,0,0
BRDA:78,6,1,5860
BRDA:84,7,0,3
BRDA:84,7,1,5857
BRF:16
BRH:14
end_of_record
TN:
SF:src\gutenberg\components\AnalyzerResultItem.tsx
FN:21,(anonymous_0)
FN:40,(anonymous_1)
FN:70,(anonymous_2)
FN:73,(anonymous_3)
FN:74,(anonymous_4)
FN:121,(anonymous_5)
FNF:6
FNH:0
FNDA:0,(anonymous_0)
FNDA:0,(anonymous_1)
FNDA:0,(anonymous_2)
FNDA:0,(anonymous_3)
FNDA:0,(anonymous_4)
FNDA:0,(anonymous_5)
DA:21,3
DA:22,0
DA:24,0
DA:26,0
DA:28,0
DA:30,0
DA:40,3
DA:41,0
DA:43,0
DA:45,0
DA:47,0
DA:49,0
DA:69,3
DA:71,0
DA:73,0
DA:74,0
DA:78,0
DA:80,0
DA:122,0
DA:144,3
LF:20
LH:4
BRDA:22,0,0,0
BRDA:22,0,1,0
BRDA:22,0,2,0
BRDA:22,0,3,0
BRDA:41,1,0,0
BRDA:41,1,1,0
BRDA:41,1,2,0
BRDA:41,1,3,0
BRDA:78,2,0,0
BRDA:78,2,1,0
BRDA:90,3,0,0
BRDA:90,3,1,0
BRDA:92,4,0,0
BRDA:92,4,1,0
BRDA:102,5,0,0
BRDA:102,5,1,0
BRDA:109,6,0,0
BRDA:109,6,1,0
BRDA:114,7,0,0
BRDA:114,7,1,0
BRDA:118,8,0,0
BRDA:118,8,1,0
BRDA:118,8,2,0
BRDA:130,9,0,0
BRDA:130,9,1,0
BRF:25
BRH:0
end_of_record
TN:
SF:src\gutenberg\components\ContentScoreWidget.tsx
FN:27,(anonymous_0)
FN:40,(anonymous_1)
FN:62,(anonymous_2)
FN:135,(anonymous_3)
FN:136,(anonymous_4)
FN:174,(anonymous_5)
FN:200,(anonymous_6)
FN:211,(anonymous_7)
FN:248,(anonymous_8)
FN:249,(anonymous_9)
FN:252,(anonymous_10)
FN:253,(anonymous_11)
FNF:12
FNH:10
FNDA:52,(anonymous_0)
FNDA:46,(anonymous_1)
FNDA:52,(anonymous_2)
FNDA:61,(anonymous_3)
FNDA:20,(anonymous_4)
FNDA:1,(anonymous_5)
FNDA:28,(anonymous_6)
FNDA:9,(anonymous_7)
FNDA:1,(anonymous_8)
FNDA:1,(anonymous_9)
FNDA:0,(anonymous_10)
FNDA:0,(anonymous_11)
DA:27,2
DA:28,52
DA:29,6
DA:30,46
DA:31,22
DA:33,24
DA:40,2
DA:41,46
DA:42,6
DA:43,40
DA:44,19
DA:46,21
DA:61,2
DA:63,52
DA:64,52
DA:66,52
DA:68,52
DA:119,2
DA:134,2
DA:136,61
DA:137,45
DA:139,45
DA:175,1
DA:188,2
DA:200,2
DA:201,28
DA:203,27
DA:211,27
DA:212,9
DA:213,9
DA:214,9
DA:215,0
DA:218,0
DA:226,9
DA:234,0
DA:238,0
DA:248,27
DA:249,1
DA:252,27
DA:253,0
DA:256,27
DA:293,2
LF:42
LH:37
BRDA:28,0,0,6
BRDA:28,0,1,46
BRDA:30,1,0,22
BRDA:30,1,1,24
BRDA:41,2,0,6
BRDA:41,2,1,40
BRDA:43,3,0,19
BRDA:43,3,1,21
BRDA:71,4,0,6
BRDA:71,4,1,46
BRDA:105,5,0,6
BRDA:105,5,1,46
BRDA:109,6,0,52
BRDA:109,6,1,46
BRDA:151,7,0,2
BRDA:151,7,1,43
BRDA:161,8,0,1
BRDA:161,8,1,44
BRDA:164,9,0,45
BRDA:164,9,1,1
BRDA:164,9,2,1
BRDA:166,10,0,0
BRDA:166,10,1,1
BRDA:214,11,0,0
BRDA:214,11,1,9
BRF:25
BRH:23
end_of_record
TN:
SF:src\gutenberg\components\ErrorBoundary.tsx
FN:35,(anonymous_0)
FN:43,(anonymous_1)
FN:51,(anonymous_2)
FN:60,(anonymous_3)
FN:75,(anonymous_4)
FNF:5
FNH:4
FNDA:8,(anonymous_0)
FNDA:6,(anonymous_1)
FNDA:3,(anonymous_2)
FNDA:13,(anonymous_3)
FNDA:0,(anonymous_4)
DA:36,8
DA:37,7
DA:45,6
DA:53,3
DA:61,13
DA:63,6
DA:75,0
DA:84,7
LF:8
LH:7
BRDA:61,0,0,6
BRDA:61,0,1,7
BRF:2
BRH:2
end_of_record
TN:
SF:src\gutenberg\components\ReadabilityScorePanel.tsx
FN:22,(anonymous_0)
FN:35,(anonymous_1)
FN:55,(anonymous_2)
FN:77,(anonymous_3)
FN:85,(anonymous_4)
FN:126,(anonymous_5)
FN:127,(anonymous_6)
FN:130,(anonymous_7)
FN:131,(anonymous_8)
FN:221,(anonymous_9)
FNF:10
FNH:7
FNDA:13,(anonymous_0)
FNDA:13,(anonymous_1)
FNDA:39,(anonymous_2)
FNDA:13,(anonymous_3)
FNDA:13,(anonymous_4)
FNDA:13,(anonymous_5)
FNDA:0,(anonymous_6)
FNDA:13,(anonymous_7)
FNDA:0,(anonymous_8)
FNDA:0,(anonymous_9)
DA:22,2
DA:23,13
DA:24,0
DA:25,13
DA:26,0
DA:28,13
DA:35,2
DA:36,13
DA:37,0
DA:38,13
DA:39,0
DA:41,13
DA:55,2
DA:56,39
DA:64,2
DA:77,2
DA:85,13
DA:86,13
DA:87,13
DA:88,13
DA:89,0
DA:92,0
DA:101,13
DA:110,7
DA:114,7
DA:126,13
DA:127,13
DA:130,13
DA:131,13
DA:134,13
DA:135,13
DA:137,13
DA:222,0
DA:235,2
LF:34
LH:27
BRDA:23,0,0,0
BRDA:23,0,1,13
BRDA:25,1,0,0
BRDA:25,1,1,13
BRDA:36,2,0,0
BRDA:36,2,1,13
BRDA:38,3,0,0
BRDA:38,3,1,13
BRDA:88,4,0,0
BRDA:88,4,1,13
BRDA:144,5,0,0
BRDA:144,5,1,13
BRDA:164,6,0,13
BRDA:164,6,1,0
BRDA:179,7,0,0
BRDA:179,7,1,13
BRDA:206,8,0,0
BRDA:206,8,1,13
BRDA:213,9,0,13
BRDA:213,9,1,0
BRF:20
BRH:10
end_of_record
TN:
SF:src\gutenberg\components\Sidebar.tsx
FN:20,(anonymous_0)
FN:30,(anonymous_1)
FNF:2
FNH:2
FNDA:217,(anonymous_0)
FNDA:156,(anonymous_1)
DA:20,3
DA:23,217
DA:27,217
DA:30,156
DA:31,156
DA:32,156
DA:33,156
DA:34,0
DA:35,0
DA:39,156
DA:43,0
DA:47,0
DA:53,156
LF:13
LH:9
BRDA:33,0,0,0
BRDA:33,0,1,156
BRF:2
BRH:1
end_of_record
TN:
SF:src\gutenberg\components\TabBar.tsx
FN:22,(anonymous_0)
FN:23,(anonymous_1)
FN:52,(anonymous_2)
FN:63,(anonymous_3)
FN:71,(anonymous_4)
FN:81,(anonymous_5)
FNF:6
FNH:6
FNDA:15,(anonymous_0)
FNDA:15,(anonymous_1)
FNDA:15,(anonymous_2)
FNDA:5,(anonymous_3)
FNDA:60,(anonymous_4)
FNDA:5,(anonymous_5)
DA:22,2
DA:23,15
DA:24,15
DA:25,15
DA:26,15
DA:27,0
DA:30,0
DA:34,15
DA:38,0
DA:42,0
DA:48,15
DA:51,15
DA:52,15
DA:62,15
DA:64,5
DA:69,15
DA:72,60
DA:81,5
LF:18
LH:14
BRDA:26,0,0,0
BRDA:26,0,1,15
BRDA:79,1,0,15
BRDA:79,1,1,45
BRF:4
BRH:3
end_of_record
TN:
SF:src\gutenberg\components\TabContent.test-helper.tsx
FN:15,(anonymous_0)
FN:16,(anonymous_1)
FNF:2
FNH:2
FNDA:318,(anonymous_0)
FNDA:318,(anonymous_1)
DA:15,2
DA:16,318
DA:17,318
DA:18,318
DA:23,318
LF:5
LH:5
BRDA:25,0,0,318
BRDA:25,0,1,77
BRDA:35,1,0,318
BRDA:35,1,1,83
BRDA:45,2,0,318
BRDA:45,2,1,69
BRDA:55,3,0,318
BRDA:55,3,1,89
BRF:8
BRH:8
end_of_record
TN:
SF:src\gutenberg\components\tabs\AdvancedTabContent.tsx
FN:25,(anonymous_0)
FNF:1
FNH:1
FNDA:6,(anonymous_0)
DA:25,1
DA:26,6
LF:2
LH:2
BRF:0
BRH:0
end_of_record
TN:
SF:src\gutenberg\components\tabs\CanonicalURLInput.tsx
FN:24,(anonymous_0)
FN:33,(anonymous_1)
FNF:2
FNH:2
FNDA:11,(anonymous_0)
FNDA:1,(anonymous_1)
DA:24,2
DA:28,11
DA:32,11
DA:34,1
DA:35,1
DA:36,1
DA:37,0
DA:39,1
DA:40,1
DA:42,0
DA:46,0
DA:52,11
LF:12
LH:9
BRDA:36,0,0,0
BRDA:36,0,1,1
BRDA:37,1,0,0
BRDA:37,1,1,0
BRDA:39,2,0,1
BRDA:39,2,1,0
BRDA:40,3,0,1
BRDA:40,3,1,0
BRDA:46,4,0,0
BRDA:46,4,1,0
BRF:10
BRH:3
end_of_record
TN:
SF:src\gutenberg\components\tabs\DirectAnswerField.tsx
FN:22,(anonymous_0)
FNF:1
FNH:1
FNDA:20,(anonymous_0)
DA:22,3
DA:24,20
DA:28,20
LF:3
LH:3
BRF:0
BRH:0
end_of_record
TN:
SF:src\gutenberg\components\tabs\FacebookSubTab.tsx
FN:24,(anonymous_0)
FN:35,(anonymous_1)
FN:63,(anonymous_2)
FN:117,(anonymous_3)
FN:122,(anonymous_4)
FN:144,(anonymous_5)
FNF:6
FNH:4
FNDA:16,(anonymous_0)
FNDA:16,(anonymous_1)
FNDA:16,(anonymous_2)
FNDA:0,(anonymous_3)
FNDA:16,(anonymous_4)
FNDA:0,(anonymous_5)
DA:24,2
DA:26,16
DA:27,16
DA:30,16
DA:35,16
DA:36,16
DA:37,16
DA:38,16
DA:39,0
DA:44,16
DA:50,0
DA:54,0
DA:62,16
DA:64,16
DA:65,16
DA:66,8
DA:69,8
DA:71,0
DA:72,0
DA:80,16
DA:82,16
DA:84,16
DA:118,0
DA:123,16
DA:144,0
LF:25
LH:18
BRDA:38,0,0,0
BRDA:38,0,1,16
BRDA:45,1,0,16
BRDA:45,1,1,0
BRDA:47,2,0,16
BRDA:47,2,1,0
BRDA:65,3,0,8
BRDA:65,3,1,8
BRDA:69,4,0,8
BRDA:69,4,1,7
BRDA:80,5,0,16
BRDA:80,5,1,8
BRDA:80,5,2,0
BRDA:82,6,0,16
BRDA:82,6,1,8
BRDA:82,6,2,0
BRDA:121,7,0,8
BRDA:121,7,1,8
BRDA:124,8,0,16
BRDA:124,8,1,1
BRDA:136,9,0,1
BRDA:136,9,1,15
BRDA:140,10,0,16
BRDA:140,10,1,1
BRDA:167,11,0,16
BRDA:167,11,1,1
BRF:26
BRH:21
end_of_record
TN:
SF:src\gutenberg\components\tabs\FocusKeywordInput.tsx
FN:31,(anonymous_0)
FNF:1
FNH:1
FNDA:19,(anonymous_0)
DA:31,3
DA:34,19
DA:38,19
LF:3
LH:3
BRF:0
BRH:0
end_of_record
TN:
SF:src\gutenberg\components\tabs\GSCIntegration.tsx
FN:24,(anonymous_0)
FN:30,(anonymous_1)
FN:59,(anonymous_2)
FN:102,(anonymous_3)
FNF:4
FNH:4
FNDA:26,(anonymous_0)
FNDA:4,(anonymous_1)
FNDA:6,(anonymous_2)
FNDA:26,(anonymous_3)
DA:24,2
DA:27,26
DA:30,26
DA:31,4
DA:32,4
DA:33,4
DA:34,0
DA:39,4
DA:44,0
DA:45,0
DA:53,26
DA:54,26
DA:55,26
DA:59,26
DA:60,6
DA:61,6
DA:62,6
DA:64,6
DA:67,6
DA:76,4
DA:77,3
DA:85,0
DA:91,3
DA:92,3
DA:97,6
DA:102,26
DA:103,26
DA:104,21
DA:107,5
DA:108,5
DA:109,5
DA:111,0
DA:115,26
LF:33
LH:28
BRDA:33,0,0,0
BRDA:33,0,1,4
BRDA:40,1,0,4
BRDA:40,1,1,0
BRDA:41,2,0,4
BRDA:41,2,1,0
BRDA:76,3,0,3
BRDA:76,3,1,0
BRDA:78,4,0,3
BRDA:78,4,1,0
BRDA:86,5,0,0
BRDA:86,5,1,0
BRDA:93,6,0,3
BRDA:93,6,1,0
BRDA:103,7,0,21
BRDA:103,7,1,5
BRDA:134,8,0,6
BRDA:134,8,1,20
BRDA:139,9,0,26
BRDA:139,9,1,3
BRDA:145,10,0,26
BRDA:145,10,1,2
BRF:22
BRH:14
end_of_record
TN:
SF:src\gutenberg\components\tabs\GeneralTabContent.tsx
FN:27,(anonymous_0)
FNF:1
FNH:1
FNDA:7,(anonymous_0)
DA:27,1
DA:28,7
LF:2
LH:2
BRF:0
BRH:0
end_of_record
TN:
SF:src\gutenberg\components\tabs\InternalLinkSuggestions.tsx
FN:38,(anonymous_0)
FN:47,(anonymous_1)
FN:62,(anonymous_2)
FN:75,(anonymous_3)
FN:110,(anonymous_4)
FN:143,(anonymous_5)
FNF:6
FNH:6
FNDA:44,(anonymous_0)
FNDA:16,(anonymous_1)
FNDA:19,(anonymous_2)
FNDA:7,(anonymous_3)
FNDA:11,(anonymous_4)
FNDA:8,(anonymous_5)
DA:38,3
DA:39,44
DA:40,44
DA:41,44
DA:44,44
DA:47,44
DA:48,16
DA:49,16
DA:50,16
DA:51,0
DA:53,16
DA:55,0
DA:56,0
DA:62,44
DA:64,19
DA:67,19
DA:68,8
DA:69,8
DA:70,8
DA:73,11
DA:75,11
DA:76,7
DA:79,7
DA:91,6
DA:92,6
DA:95,1
DA:99,1
DA:100,1
DA:106,1
DA:110,11
DA:111,11
DA:112,11
DA:117,44
DA:118,16
DA:121,28
DA:144,8
LF:36
LH:33
BRDA:50,0,0,0
BRDA:50,0,1,16
BRDA:53,1,0,16
BRDA:53,1,1,0
BRDA:67,2,0,8
BRDA:67,2,1,11
BRDA:67,3,0,19
BRDA:67,3,1,12
BRDA:91,4,0,6
BRDA:91,4,1,0
BRDA:117,5,0,16
BRDA:117,5,1,28
BRDA:117,6,0,44
BRDA:117,6,1,30
BRDA:128,7,0,28
BRDA:128,7,1,11
BRDA:136,8,0,28
BRDA:136,8,1,1
BRDA:136,8,2,1
BRDA:141,9,0,28
BRDA:141,9,1,17
BRDA:141,9,2,16
BRDA:141,9,3,4
BRDA:177,10,0,28
BRDA:177,10,1,17
BRDA:177,10,2,16
BRDA:177,10,3,12
BRF:27
BRH:24
end_of_record
TN:
SF:src\gutenberg\components\tabs\RobotsToggles.tsx
FN:24,(anonymous_0)
FN:39,(anonymous_1)
FN:43,(anonymous_2)
FNF:3
FNH:3
FNDA:14,(anonymous_0)
FNDA:2,(anonymous_1)
FNDA:2,(anonymous_2)
DA:24,2
DA:27,14
DA:30,14
DA:35,14
DA:36,14
DA:39,14
DA:40,2
DA:43,14
DA:44,2
DA:47,14
LF:10
LH:10
BRDA:35,0,0,14
BRDA:35,0,1,12
BRDA:36,1,0,14
BRDA:36,1,1,12
BRDA:40,2,0,1
BRDA:40,2,1,1
BRDA:44,3,0,1
BRDA:44,3,1,1
BRF:8
BRH:8
end_of_record
TN:
SF:src\gutenberg\components\tabs\SchemaTabContent.tsx
FN:18,(anonymous_0)
FN:19,(anonymous_1)
FN:20,(anonymous_2)
FN:21,(anonymous_3)
FN:22,(anonymous_4)
FN:30,(anonymous_5)
FN:86,(anonymous_6)
FN:94,(anonymous_7)
FNF:8
FNH:4
FNDA:1,(anonymous_0)
FNDA:0,(anonymous_1)
FNDA:0,(anonymous_2)
FNDA:0,(anonymous_3)
FNDA:0,(anonymous_4)
FNDA:7,(anonymous_5)
FNDA:7,(anonymous_6)
FNDA:7,(anonymous_7)
DA:18,1
DA:19,1
DA:20,1
DA:21,1
DA:22,1
DA:30,1
DA:34,7
DA:35,5
DA:38,2
DA:39,2
DA:42,0
DA:44,0
DA:46,0
DA:48,0
DA:50,0
DA:55,0
DA:60,0
DA:65,0
DA:68,2
DA:86,1
DA:87,7
DA:88,7
DA:91,7
DA:94,7
DA:95,7
DA:96,5
DA:107,2
DA:118,7
LF:28
LH:20
BRDA:34,0,0,5
BRDA:34,0,1,2
BRDA:34,1,0,7
BRDA:34,1,1,2
BRDA:42,2,0,0
BRDA:42,2,1,0
BRDA:42,2,2,0
BRDA:42,2,3,0
BRDA:42,2,4,0
BRDA:42,2,5,0
BRDA:42,2,6,0
BRDA:51,3,0,0
BRDA:51,3,1,0
BRDA:56,4,0,0
BRDA:56,4,1,0
BRDA:61,5,0,0
BRDA:61,5,1,0
BRDA:95,6,0,5
BRDA:95,6,1,2
BRDA:109,7,0,2
BRDA:109,7,1,2
BRDA:110,8,0,2
BRDA:110,8,1,0
BRDA:111,9,0,2
BRDA:111,9,1,0
BRDA:112,10,0,2
BRDA:112,10,1,0
BRDA:113,11,0,2
BRDA:113,11,1,0
BRDA:122,12,0,7
BRDA:122,12,1,2
BRDA:122,12,2,2
BRDA:134,13,0,7
BRDA:134,13,1,5
BRDA:134,13,2,7
BRF:35
BRH:18
end_of_record
TN:
SF:src\gutenberg\components\tabs\SerpPreview.tsx
FN:29,(anonymous_0)
FN:50,(anonymous_1)
FN:60,(anonymous_2)
FN:74,(anonymous_3)
FN:88,(anonymous_4)
FN:89,(anonymous_5)
FN:93,(anonymous_6)
FN:96,(anonymous_7)
FN:97,(anonymous_8)
FN:101,(anonymous_9)
FN:105,(anonymous_10)
FN:110,(anonymous_11)
FN:116,(anonymous_12)
FN:123,(anonymous_13)
FN:137,(anonymous_14)
FN:144,(anonymous_15)
FNF:16
FNH:15
FNDA:50,(anonymous_0)
FNDA:25,(anonymous_1)
FNDA:25,(anonymous_2)
FNDA:25,(anonymous_3)
FNDA:18,(anonymous_4)
FNDA:8,(anonymous_5)
FNDA:18,(anonymous_6)
FNDA:18,(anonymous_7)
FNDA:8,(anonymous_8)
FNDA:18,(anonymous_9)
FNDA:1,(anonymous_10)
FNDA:25,(anonymous_11)
FNDA:25,(anonymous_12)
FNDA:17,(anonymous_13)
FNDA:0,(anonymous_14)
FNDA:1,(anonymous_15)
DA:29,3
DA:30,50
DA:31,48
DA:33,2
DA:50,3
DA:51,25
DA:52,25
DA:53,25
DA:56,25
DA:57,25
DA:60,25
DA:61,25
DA:62,25
DA:63,25
DA:64,0
DA:66,25
DA:68,0
DA:69,0
DA:74,25
DA:75,25
DA:76,25
DA:77,25
DA:78,0
DA:80,25
DA:82,0
DA:83,0
DA:88,25
DA:89,18
DA:90,8
DA:93,18
DA:96,25
DA:97,18
DA:98,8
DA:101,18
DA:105,25
DA:106,1
DA:110,25
DA:111,25
DA:116,25
DA:117,25
DA:123,25
DA:124,17
DA:127,25
DA:137,0
DA:144,1
LF:45
LH:38
BRDA:30,0,0,48
BRDA:30,0,1,2
BRDA:63,1,0,0
BRDA:63,1,1,25
BRDA:66,2,0,25
BRDA:66,2,1,0
BRDA:77,3,0,0
BRDA:77,3,1,25
BRDA:80,4,0,25
BRDA:80,4,1,1
BRDA:90,5,0,8
BRDA:90,5,1,2
BRDA:111,6,0,24
BRDA:111,6,1,1
BRDA:117,7,0,24
BRDA:117,7,1,1
BRDA:136,8,0,24
BRDA:136,8,1,1
BRDA:143,9,0,1
BRDA:143,9,1,24
BRDA:158,10,0,25
BRDA:158,10,1,18
BRDA:161,11,0,25
BRDA:161,11,1,18
BRF:24
BRH:21
end_of_record
TN:
SF:src\gutenberg\components\tabs\SocialTabContent.tsx
FN:29,(anonymous_0)
FN:35,(anonymous_1)
FN:50,(anonymous_2)
FN:58,(anonymous_3)
FNF:4
FNH:3
FNDA:7,(anonymous_0)
FNDA:1,(anonymous_1)
FNDA:0,(anonymous_2)
FNDA:1,(anonymous_3)
DA:29,2
DA:32,7
DA:35,7
DA:36,1
DA:39,7
DA:50,0
DA:58,1
LF:7
LH:6
BRDA:46,0,0,6
BRDA:46,0,1,1
BRDA:56,1,0,1
BRDA:56,1,1,6
BRDA:67,2,0,7
BRDA:67,2,1,6
BRDA:68,3,0,7
BRDA:68,3,1,1
BRF:8
BRH:8
end_of_record
TN:
SF:src\gutenberg\components\tabs\TwitterSubTab.tsx
FN:32,(anonymous_0)
FN:53,(anonymous_1)
FN:93,(anonymous_2)
FN:126,(anonymous_3)
FN:167,(anonymous_4)
FN:174,(anonymous_5)
FN:211,(anonymous_6)
FNF:7
FNH:5
FNDA:16,(anonymous_0)
FNDA:16,(anonymous_1)
FNDA:16,(anonymous_2)
FNDA:1,(anonymous_3)
FNDA:0,(anonymous_4)
FNDA:16,(anonymous_5)
FNDA:0,(anonymous_6)
DA:32,2
DA:34,16
DA:37,16
DA:40,16
DA:43,16
DA:48,16
DA:49,16
DA:50,16
DA:53,16
DA:54,16
DA:55,16
DA:56,16
DA:57,0
DA:62,16
DA:68,0
DA:72,0
DA:80,16
DA:83,16
DA:84,16
DA:87,16
DA:92,16
DA:94,16
DA:95,16
DA:96,5
DA:99,5
DA:101,0
DA:102,0
DA:110,16
DA:112,16
DA:116,16
DA:127,1
DA:168,0
DA:175,16
DA:212,0
LF:34
LH:27
BRDA:56,0,0,0
BRDA:56,0,1,16
BRDA:63,1,0,16
BRDA:63,1,1,0
BRDA:65,2,0,16
BRDA:65,2,1,0
BRDA:80,3,0,16
BRDA:80,3,1,14
BRDA:83,4,0,2
BRDA:83,4,1,14
BRDA:83,5,0,2
BRDA:83,5,1,0
BRDA:84,6,0,2
BRDA:84,6,1,14
BRDA:85,7,0,2
BRDA:85,7,1,0
BRDA:87,8,0,2
BRDA:87,8,1,14
BRDA:88,9,0,2
BRDA:88,9,1,2
BRDA:95,10,0,11
BRDA:95,10,1,5
BRDA:99,11,0,5
BRDA:99,11,1,4
BRDA:110,12,0,16
BRDA:110,12,1,9
BRDA:110,12,2,0
BRDA:112,13,0,16
BRDA:112,13,1,9
BRDA:112,13,2,0
BRDA:127,14,0,1
BRDA:127,14,1,0
BRDA:172,15,0,5
BRDA:172,15,1,11
BRDA:176,16,0,16
BRDA:176,16,1,14
BRDA:176,16,2,1
BRDA:186,17,0,16
BRDA:186,17,1,2
BRDA:186,17,2,0
BRDA:203,18,0,1
BRDA:203,18,1,15
BRDA:207,19,0,16
BRDA:207,19,1,1
BRDA:207,19,2,1
BRDA:223,20,0,2
BRDA:223,20,1,14
BRDA:241,21,0,16
BRDA:241,21,1,1
BRF:49
BRH:40
end_of_record
TN:
SF:src\gutenberg\components\tabs\schema\ArticleForm.tsx
FN:29,(anonymous_0)
FN:36,(anonymous_1)
FN:52,(anonymous_2)
FN:64,(anonymous_3)
FN:71,(anonymous_4)
FN:79,(anonymous_5)
FN:90,(anonymous_6)
FNF:7
FNH:3
FNDA:2,(anonymous_0)
FNDA:0,(anonymous_1)
FNDA:1,(anonymous_2)
FNDA:1,(anonymous_3)
FNDA:0,(anonymous_4)
FNDA:0,(anonymous_5)
FNDA:0,(anonymous_6)
DA:29,1
DA:30,2
DA:35,2
DA:37,0
DA:38,0
DA:40,0
DA:51,2
DA:53,1
DA:54,1
DA:59,2
DA:64,1
DA:71,0
DA:79,0
DA:90,0
LF:14
LH:8
BRDA:35,0,0,0
BRDA:35,0,1,2
BRF:2
BRH:1
end_of_record
TN:
SF:src\gutenberg\components\tabs\schema\FAQPageForm.tsx
FN:32,(anonymous_0)
FN:39,(anonymous_1)
FN:58,(anonymous_2)
FN:72,(anonymous_3)
FN:84,(anonymous_4)
FN:86,(anonymous_5)
FN:97,(anonymous_6)
FN:106,(anonymous_7)
FN:114,(anonymous_8)
FN:124,(anonymous_9)
FNF:10
FNH:7
FNDA:4,(anonymous_0)
FNDA:3,(anonymous_1)
FNDA:0,(anonymous_2)
FNDA:1,(anonymous_3)
FNDA:1,(anonymous_4)
FNDA:2,(anonymous_5)
FNDA:5,(anonymous_6)
FNDA:0,(anonymous_7)
FNDA:0,(anonymous_8)
FNDA:1,(anonymous_9)
DA:32,1
DA:33,4
DA:38,4
DA:40,3
DA:41,3
DA:43,0
DA:49,4
DA:53,0
DA:57,4
DA:59,0
DA:60,0
DA:64,0
DA:72,4
DA:73,1
DA:77,1
DA:83,4
DA:85,1
DA:86,2
DA:88,1
DA:95,4
DA:98,5
DA:107,0
DA:115,0
DA:124,1
LF:24
LH:17
BRDA:38,0,0,3
BRDA:38,0,1,1
BRDA:49,1,0,0
BRDA:49,1,1,4
BRDA:50,2,0,4
BRDA:50,2,1,4
BRDA:120,3,0,5
BRDA:120,3,1,2
BRF:8
BRH:7
end_of_record
TN:
SF:src\gutenberg\components\tabs\schema\HowToForm.tsx
FN:34,(anonymous_0)
FN:41,(anonymous_1)
FN:60,(anonymous_2)
FN:69,(anonymous_3)
FN:82,(anonymous_4)
FN:93,(anonymous_5)
FN:95,(anonymous_6)
FN:114,(anonymous_7)
FN:123,(anonymous_8)
FN:131,(anonymous_9)
FN:140,(anonymous_10)
FN:150,(anonymous_11)
FNF:12
FNH:7
FNDA:3,(anonymous_0)
FNDA:3,(anonymous_1)
FNDA:0,(anonymous_2)
FNDA:0,(anonymous_3)
FNDA:1,(anonymous_4)
FNDA:1,(anonymous_5)
FNDA:2,(anonymous_6)
FNDA:4,(anonymous_7)
FNDA:0,(anonymous_8)
FNDA:0,(anonymous_9)
FNDA:0,(anonymous_10)
FNDA:1,(anonymous_11)
DA:34,1
DA:35,3
DA:40,3
DA:42,3
DA:43,3
DA:45,0
DA:54,3
DA:55,1
DA:59,3
DA:61,0
DA:62,0
DA:68,3
DA:70,0
DA:71,0
DA:75,0
DA:76,0
DA:82,3
DA:83,1
DA:87,1
DA:88,1
DA:92,3
DA:94,1
DA:95,2
DA:97,1
DA:98,1
DA:103,3
DA:115,4
DA:124,0
DA:132,0
DA:141,0
DA:150,1
LF:31
LH:21
BRDA:40,0,0,3
BRDA:40,0,1,0
BRDA:54,1,0,1
BRDA:54,1,1,2
BRDA:54,2,0,3
BRDA:54,2,1,2
BRDA:139,3,0,4
BRDA:139,3,1,4
BRDA:146,4,0,4
BRDA:146,4,1,2
BRF:10
BRH:9
end_of_record
TN:
SF:src\gutenberg\components\tabs\schema\LocalBusinessForm.tsx
FN:39,(anonymous_0)
FN:46,(anonymous_1)
FN:97,(anonymous_2)
FN:106,(anonymous_3)
FN:118,(anonymous_4)
FN:133,(anonymous_5)
FN:141,(anonymous_6)
FN:149,(anonymous_7)
FN:157,(anonymous_8)
FN:165,(anonymous_9)
FN:173,(anonymous_10)
FN:181,(anonymous_11)
FN:188,(anonymous_12)
FN:198,(anonymous_13)
FN:206,(anonymous_14)
FNF:15
FNH:4
FNDA:2,(anonymous_0)
FNDA:1,(anonymous_1)
FNDA:1,(anonymous_2)
FNDA:0,(anonymous_3)
FNDA:0,(anonymous_4)
FNDA:1,(anonymous_5)
FNDA:0,(anonymous_6)
FNDA:0,(anonymous_7)
FNDA:0,(anonymous_8)
FNDA:0,(anonymous_9)
FNDA:0,(anonymous_10)
FNDA:0,(anonymous_11)
FNDA:0,(anonymous_12)
FNDA:0,(anonymous_13)
FNDA:0,(anonymous_14)
DA:39,1
DA:40,2
DA:45,2
DA:47,1
DA:48,1
DA:50,0
DA:80,2
DA:81,1
DA:91,2
DA:92,1
DA:96,2
DA:98,1
DA:99,1
DA:105,2
DA:107,0
DA:111,0
DA:117,2
DA:119,0
DA:123,0
DA:128,2
DA:133,1
DA:142,0
DA:150,0
DA:158,0
DA:166,0
DA:174,0
DA:181,0
DA:188,0
DA:198,0
DA:206,0
LF:30
LH:16
BRDA:45,0,0,1
BRDA:45,0,1,1
BRDA:80,1,0,1
BRDA:80,1,1,1
BRDA:91,2,0,1
BRDA:91,2,1,1
BRDA:197,3,0,2
BRDA:197,3,1,2
BRDA:205,4,0,2
BRDA:205,4,1,2
BRF:10
BRH:10
end_of_record
TN:
SF:src\gutenberg\components\tabs\schema\ProductForm.tsx
FN:37,(anonymous_0)
FN:44,(anonymous_1)
FN:82,(anonymous_2)
FN:91,(anonymous_3)
FN:113,(anonymous_4)
FN:119,(anonymous_5)
FN:126,(anonymous_6)
FN:135,(anonymous_7)
FN:143,(anonymous_8)
FN:153,(anonymous_9)
FNF:10
FNH:3
FNDA:3,(anonymous_0)
FNDA:0,(anonymous_1)
FNDA:1,(anonymous_2)
FNDA:0,(anonymous_3)
FNDA:1,(anonymous_4)
FNDA:0,(anonymous_5)
FNDA:0,(anonymous_6)
FNDA:0,(anonymous_7)
FNDA:0,(anonymous_8)
FNDA:0,(anonymous_9)
DA:37,1
DA:38,3
DA:43,3
DA:45,0
DA:46,0
DA:48,0
DA:72,3
DA:73,0
DA:81,3
DA:83,1
DA:84,1
DA:90,3
DA:92,0
DA:96,0
DA:101,3
DA:108,3
DA:113,1
DA:119,0
DA:126,0
DA:135,0
DA:144,0
DA:154,0
LF:22
LH:11
BRDA:43,0,0,0
BRDA:43,0,1,3
BRDA:72,1,0,0
BRDA:72,1,1,3
BRF:4
BRH:2
end_of_record
TN:
SF:src\gutenberg\components\tabs\schema\SchemaTypeSelector.tsx
FN:21,(anonymous_0)
FNF:1
FNH:1
FNDA:8,(anonymous_0)
DA:21,1
DA:22,8
DA:26,8
DA:36,8
LF:4
LH:4
BRF:0
BRH:0
end_of_record
TN:
SF:src\gutenberg\components\tabs\schema\SpeakableToggle.tsx
FN:24,(anonymous_0)
FN:31,(anonymous_1)
FN:53,(anonymous_2)
FN:86,(anonymous_3)
FNF:4
FNH:2
FNDA:13,(anonymous_0)
FNDA:12,(anonymous_1)
FNDA:0,(anonymous_2)
FNDA:0,(anonymous_3)
DA:24,1
DA:25,13
DA:30,13
DA:32,12
DA:33,12
DA:34,12
DA:38,12
DA:46,12
DA:49,0
DA:52,0
DA:54,0
DA:56,0
DA:59,0
DA:60,0
DA:66,0
DA:69,0
DA:70,0
DA:86,0
DA:87,0
DA:88,0
DA:94,0
LF:21
LH:8
BRDA:34,0,0,0
BRDA:34,0,1,12
BRDA:54,1,0,0
BRDA:54,1,1,0
BRDA:54,2,0,0
BRDA:54,2,1,0
BRDA:59,3,0,0
BRDA:59,3,1,0
BRDA:59,4,0,0
BRDA:59,4,1,0
BRDA:69,5,0,0
BRDA:69,5,1,0
BRDA:69,6,0,0
BRDA:69,6,1,0
BRDA:87,7,0,0
BRDA:87,7,1,0
BRDA:87,8,0,0
BRDA:87,8,1,0
BRDA:107,9,0,0
BRDA:107,9,1,0
BRDA:116,10,0,0
BRDA:116,10,1,0
BRDA:116,10,2,0
BRF:23
BRH:1
end_of_record
TN:
SF:src\gutenberg\hooks\useAnalysis.ts
FN:83,getWorkerInstance
FN:119,extractSlugFromPermalink
FN:156,useAnalysis
FN:162,(anonymous_3)
FN:169,(anonymous_4)
FN:187,(anonymous_5)
FN:209,(anonymous_6)
FN:271,(anonymous_7)
FN:313,(anonymous_8)
FN:322,(anonymous_9)
FN:376,(anonymous_10)
FN:391,(anonymous_11)
FN:392,(anonymous_12)
FNF:13
FNH:12
FNDA:13,getWorkerInstance
FNDA:12,extractSlugFromPermalink
FNDA:231,useAnalysis
FNDA:231,(anonymous_3)
FNDA:170,(anonymous_4)
FNDA:13,(anonymous_5)
FNDA:12,(anonymous_6)
FNDA:13,(anonymous_7)
FNDA:12,(anonymous_8)
FNDA:0,(anonymous_9)
FNDA:170,(anonymous_10)
FNDA:169,(anonymous_11)
FNDA:169,(anonymous_12)
DA:75,4
DA:76,4
DA:85,13
DA:86,1
DA:87,1
DA:91,12
DA:92,11
DA:96,1
DA:100,1
DA:106,1
DA:108,0
DA:109,0
DA:120,12
DA:121,12
DA:122,12
DA:123,12
DA:125,0
DA:157,231
DA:161,231
DA:163,231
DA:169,170
DA:170,170
DA:171,170
DA:178,170
DA:181,170
DA:186,170
DA:192,13
DA:208,170
DA:210,12
DA:213,12
DA:214,0
DA:219,0
DA:233,0
DA:234,0
DA:239,12
DA:240,12
DA:256,0
DA:262,12
DA:270,170
DA:277,13
DA:278,0
DA:282,13
DA:283,0
DA:287,13
DA:292,13
DA:293,0
DA:295,13
DA:298,13
DA:299,13
DA:302,13
DA:304,13
DA:306,1
DA:307,1
DA:308,1
DA:309,1
DA:313,12
DA:314,12
DA:315,12
DA:316,12
DA:317,12
DA:322,12
DA:323,0
DA:324,0
DA:325,0
DA:326,0
DA:329,0
DA:345,12
DA:346,12
DA:349,12
DA:354,12
DA:364,12
DA:376,170
DA:378,170
DA:382,13
DA:391,170
DA:392,169
DA:397,169
LF:77
LH:61
BRDA:85,0,0,1
BRDA:85,0,1,12
BRDA:91,1,0,11
BRDA:91,1,1,1
BRDA:123,2,0,12
BRDA:123,2,1,0
BRDA:172,3,0,170
BRDA:172,3,1,170
BRDA:173,4,0,170
BRDA:173,4,1,170
BRDA:213,5,0,0
BRDA:213,5,1,12
BRDA:277,6,0,0
BRDA:277,6,1,13
BRDA:277,7,0,13
BRDA:277,7,1,0
BRDA:282,8,0,0
BRDA:282,8,1,13
BRDA:292,9,0,0
BRDA:292,9,1,13
BRDA:304,10,0,1
BRDA:304,10,1,12
BRDA:315,11,0,12
BRDA:315,11,1,0
BRDA:355,12,0,12
BRDA:355,12,1,0
BRDA:356,13,0,12
BRDA:356,13,1,0
BRDA:357,14,0,12
BRDA:357,14,1,0
BRDA:359,15,0,12
BRDA:359,15,1,1
BRDA:360,16,0,12
BRDA:360,16,1,12
BRDA:361,17,0,12
BRDA:361,17,1,12
BRDA:378,18,0,13
BRDA:378,18,1,157
BRDA:379,19,0,170
BRDA:379,19,1,170
BRDA:379,19,2,157
BRF:41
BRH:31
end_of_record
TN:
SF:src\gutenberg\hooks\useContentSync.ts
FN:16,useContentSync
FN:20,(anonymous_1)
FN:58,(anonymous_2)
FN:59,(anonymous_3)
FN:72,(anonymous_4)
FNF:5
FNH:5
FNDA:698,useContentSync
FNDA:698,(anonymous_1)
FNDA:698,(anonymous_2)
FNDA:201,(anonymous_3)
FNDA:698,(anonymous_4)
DA:17,698
DA:20,698
DA:21,698
DA:22,698
DA:25,698
DA:26,0
DA:27,0
DA:36,698
DA:45,0
DA:47,0
DA:58,698
DA:59,698
DA:60,201
DA:72,698
LF:14
LH:10
BRDA:25,0,0,0
BRDA:25,0,1,698
BRDA:37,1,0,698
BRDA:37,1,1,1
BRDA:38,2,0,698
BRDA:38,2,1,6
BRDA:39,3,0,698
BRDA:39,3,1,418
BRDA:40,4,0,698
BRDA:40,4,1,1
BRDA:41,5,0,698
BRDA:41,5,1,1
BRF:12
BRH:11
end_of_record
TN:
SF:src\gutenberg\hooks\useEntityPropBinding.ts
FN:34,useEntityPropBinding
FN:38,(anonymous_1)
FN:73,(anonymous_2)
FN:87,(anonymous_3)
FN:99,(anonymous_4)
FNF:5
FNH:3
FNDA:380,useEntityPropBinding
FNDA:380,(anonymous_1)
FNDA:0,(anonymous_2)
FNDA:0,(anonymous_3)
FNDA:362,(anonymous_4)
DA:38,380
DA:39,380
DA:40,380
DA:43,380
DA:44,0
DA:47,0
DA:53,380
DA:59,0
DA:64,0
DA:72,380
DA:73,380
DA:75,380
DA:76,380
DA:84,0
DA:86,0
DA:87,0
DA:88,0
DA:94,380
DA:98,380
DA:100,362
DA:101,362
DA:104,0
DA:110,380
LF:23
LH:14
BRDA:43,0,0,0
BRDA:43,0,1,380
BRDA:54,1,0,380
BRDA:54,1,1,0
BRDA:55,2,0,380
BRDA:55,2,1,0
BRDA:94,3,0,380
BRDA:94,3,1,284
BRF:8
BRH:5
end_of_record
TN:
SF:src\gutenberg\store\actions.ts
FN:73,(anonymous_0)
FN:80,(anonymous_1)
FN:101,(anonymous_2)
FN:128,(anonymous_3)
FN:148,(anonymous_4)
FN:149,(anonymous_5)
FN:198,(anonymous_6)
FN:209,(anonymous_7)
FN:210,(anonymous_8)
FN:215,(anonymous_9)
FN:294,extractSlugFromPermalink
FNF:11
FNH:11
FNDA:562,(anonymous_0)
FNDA:361,(anonymous_1)
FNDA:377,(anonymous_2)
FNDA:337,(anonymous_3)
FNDA:18,(anonymous_4)
FNDA:18,(anonymous_5)
FNDA:2,(anonymous_6)
FNDA:14,(anonymous_7)
FNDA:7,(anonymous_8)
FNDA:5,(anonymous_9)
FNDA:26,extractSlugFromPermalink
DA:12,16
DA:13,16
DA:14,16
DA:15,16
DA:73,16
DA:75,562
DA:80,361
DA:101,16
DA:112,377
DA:128,337
DA:148,16
DA:149,18
DA:151,18
DA:152,18
DA:155,18
DA:157,18
DA:159,18
DA:160,3
DA:164,3
DA:167,3
DA:176,0
DA:189,0
DA:195,15
DA:198,14
DA:199,2
DA:200,2
DA:201,2
DA:205,14
DA:210,14
DA:211,7
DA:212,7
DA:215,14
DA:216,5
DA:217,5
DA:221,14
DA:231,7
DA:234,7
DA:247,9
DA:253,9
DA:254,9
DA:257,9
DA:266,0
DA:279,9
DA:286,16
DA:295,26
DA:296,26
DA:297,26
DA:298,26
DA:300,0
LF:49
LH:45
BRDA:159,0,0,3
BRDA:159,0,1,15
BRDA:298,1,0,26
BRDA:298,1,1,0
BRF:4
BRH:3
end_of_record
TN:
SF:src\gutenberg\store\index.ts
FNF:0
FNH:0
DA:16,6
DA:19,6
DA:29,6
DA:31,6
DA:32,6
DA:34,5
DA:42,5
DA:45,0
LF:8
LH:7
BRDA:32,0,0,5
BRDA:32,0,1,1
BRF:2
BRH:2
end_of_record
TN:
SF:src\gutenberg\store\reducer.ts
FN:60,(anonymous_0)
FNF:1
FNH:1
FNDA:1390,(anonymous_0)
DA:17,8
DA:60,8
DA:64,1390
DA:66,359
DA:72,333
DA:78,362
DA:98,333
DA:104,3
LF:8
LH:8
BRDA:61,0,0,1
BRDA:64,1,0,359
BRDA:64,1,1,333
BRDA:64,1,2,362
BRDA:64,1,3,333
BRDA:64,1,4,3
BRF:6
BRH:6
end_of_record
TN:
SF:src\gutenberg\store\selectors.ts
FN:16,(anonymous_0)
FN:20,(anonymous_1)
FN:24,(anonymous_2)
FN:28,(anonymous_3)
FN:34,(anonymous_4)
FN:42,(anonymous_5)
FN:48,(anonymous_6)
FN:56,(anonymous_7)
FN:64,(anonymous_8)
FN:72,(anonymous_9)
FN:80,(anonymous_10)
FN:88,(anonymous_11)
FN:96,(anonymous_12)
FN:108,(anonymous_13)
FN:113,(anonymous_14)
FN:114,(anonymous_15)
FN:116,(anonymous_16)
FN:127,(anonymous_17)
FN:145,(anonymous_18)
FNF:19
FNH:11
FNDA:2,(anonymous_0)
FNDA:2,(anonymous_1)
FNDA:6,(anonymous_2)
FNDA:8,(anonymous_3)
FNDA:2,(anonymous_4)
FNDA:6,(anonymous_5)
FNDA:2,(anonymous_6)
FNDA:6,(anonymous_7)
FNDA:6,(anonymous_8)
FNDA:6,(anonymous_9)
FNDA:6,(anonymous_10)
FNDA:0,(anonymous_11)
FNDA:0,(anonymous_12)
FNDA:0,(anonymous_13)
FNDA:0,(anonymous_14)
FNDA:0,(anonymous_15)
FNDA:0,(anonymous_16)
FNDA:0,(anonymous_17)
FNDA:0,(anonymous_18)
DA:16,7
DA:17,2
DA:20,7
DA:21,2
DA:24,7
DA:25,6
DA:28,7
DA:29,8
DA:34,7
DA:35,2
DA:42,7
DA:45,6
DA:48,7
DA:49,2
DA:56,7
DA:57,6
DA:64,7
DA:65,6
DA:72,7
DA:73,6
DA:80,7
DA:81,6
DA:88,7
DA:89,0
DA:96,7
DA:97,0
DA:105,7
DA:106,7
DA:108,7
DA:110,0
DA:111,0
DA:112,0
DA:113,0
DA:114,0
DA:116,0
DA:120,0
DA:124,7
DA:125,7
DA:127,7
DA:129,0
DA:130,0
DA:131,0
DA:132,0
DA:133,0
DA:134,0
DA:136,0
DA:139,0
DA:142,7
DA:143,7
DA:145,7
DA:147,0
DA:148,0
DA:149,0
DA:150,0
DA:151,0
DA:152,0
DA:154,0
DA:157,0
LF:58
LH:33
BRDA:110,0,0,0
BRDA:110,0,1,0
BRDA:129,1,0,0
BRDA:129,1,1,0
BRDA:131,2,0,0
BRDA:131,2,1,0
BRDA:133,3,0,0
BRDA:133,3,1,0
BRDA:147,4,0,0
BRDA:147,4,1,0
BRDA:149,5,0,0
BRDA:149,5,1,0
BRDA:151,6,0,0
BRDA:151,6,1,0
BRF:14
BRH:0
end_of_record
TN:
SF:src\gutenberg\store\types.ts
FNF:0
FNH:0
LF:0
LH:0
BRF:0
BRH:0
end_of_record
TN:
SF:src\gutenberg\utils\plugin-sidebar-compat.tsx
FN:54,(anonymous_0)
FNF:1
FNH:1
FNDA:1,(anonymous_0)
DA:29,6
DA:31,3
DA:32,3
DA:33,2
DA:35,1
DA:40,1
DA:41,1
DA:45,3
DA:46,3
DA:47,2
DA:49,1
DA:54,1
DA:68,6
LF:13
LH:13
BRDA:29,0,0,3
BRDA:29,0,1,3
BRF:2
BRH:2
end_of_record
TN:
SF:src\gutenberg\utils\version-detection.ts
FN:25,detectWordPressVersion
FNF:1
FNH:1
FNDA:10,detectWordPressVersion
DA:27,10
DA:28,3
DA:29,3
DA:33,7
DA:34,7
DA:35,6
DA:39,3
DA:43,3
DA:44,2
DA:48,1
DA:53,5
DA:55,5
DA:56,5
DA:57,1
DA:64,4
DA:72,1
LF:16
LH:16
BRDA:27,0,0,3
BRDA:27,0,1,7
BRDA:27,1,0,10
BRDA:27,1,1,9
BRDA:35,2,0,3
BRDA:35,2,1,3
BRDA:36,3,0,6
BRDA:36,3,1,4
BRDA:43,4,0,2
BRDA:43,4,1,1
BRDA:43,5,0,3
BRDA:43,5,1,2
BRDA:56,6,0,1
BRDA:56,6,1,4
BRDA:56,7,0,5
BRDA:56,7,1,2
BRF:16
BRH:16
end_of_record
TN:
SF:src\gutenberg\workers\analysis-worker.ts
FN:39,(anonymous_0)
FNF:1
FNH:0
FNDA:0,(anonymous_0)
DA:39,2
DA:40,0
DA:41,0
DA:43,0
DA:45,0
DA:56,0
DA:63,0
DA:64,0
LF:8
LH:1
BRDA:43,0,0,0
BRDA:43,0,1,0
BRDA:46,1,0,0
BRDA:46,1,1,0
BRDA:47,2,0,0
BRDA:47,2,1,0
BRDA:48,3,0,0
BRDA:48,3,1,0
BRDA:49,4,0,0
BRDA:49,4,1,0
BRDA:50,5,0,0
BRDA:50,5,1,0
BRDA:51,6,0,0
BRDA:51,6,1,0
BRDA:52,7,0,0
BRDA:52,7,1,0
BRDA:77,8,0,0
BRDA:77,8,1,0
BRF:18
BRH:0
end_of_record
